# JRE version: OpenJDK Runtime Environment (8.0_242-b08) (build 1.8.0_242-b08)
# Java VM: OpenJDK 64-Bit Server VM (25.242-b08 mixed mode linux-amd64 compressed oops)
Heap:
 def new generation   total 202752K, used 0K [0x0000000700000000, 0x000000070dc00000, 0x0000000740000000)
  eden space 180224K,   0% used [0x0000000700000000, 0x0000000700000000, 0x000000070b000000)
  from space 22528K,   0% used [0x000000070b000000, 0x000000070b000000, 0x000000070c600000)
  to   space 22528K,   0% used [0x000000070c600000, 0x000000070c600000, 0x000000070dc00000)
 tenured generation   total 473456K, used 342653K [0x0000000740000000, 0x000000075ce5c000, 0x00000007c0000000)
   the space 473456K,  72% used [0x0000000740000000, 0x0000000754e9f590, 0x0000000754e9f600, 0x000000075ce5c000)
 Metaspace       used 56475K, capacity 62681K, committed 62848K, reserved 1103872K
  class space    used 7750K, capacity 9253K, committed 9344K, reserved 1048576K
GC Heap History (250 events):
Event: 11929.004 GC heap after
Heap after GC invocations=1325 (full 10):
 def new generation   total 202752K, used 6579K [0x0000000700000000, 0x000000070dc00000, 0x0000000740000000)
  eden space 180224K,   0% used [0x0000000700000000, 0x0000000700000000, 0x000000070b000000)
  from space 22528K,  29% used [0x000000070c600000, 0x000000070cc6cdf8, 0x000000070dc00000)
  to   space 22528K,   0% used [0x000000070b000000, 0x000000070b000000, 0x000000070c600000)
 tenured generation   total 450416K, used 397628K [0x0000000740000000, 0x000000075b7dc000, 0x00000007c0000000)
   the space 450416K,  88% used [0x0000000740000000, 0x000000075844f020, 0x000000075844f200, 0x000000075b7dc000)
 Metaspace       used 56238K, capacity 62435K, committed 62592K, reserved 1101824K
  class space    used 7726K, capacity 9242K, committed 9344K, reserved 1048576K
}
Event: 11930.032 GC heap before
{Heap before GC invocations=1325 (full 10):
 def new generation   total 202752K, used 186803K [0x0000000700000000, 0x000000070dc00000, 0x0000000740000000)
  eden space 180224K, 100% used [0x0000000700000000, 0x000000070b000000, 0x000000070b000000)
  from space 22528K,  29% used [0x000000070c600000, 0x000000070cc6cdf8, 0x000000070dc00000)
  to   space 22528K,   0% used [0x000000070b000000, 0x000000070b000000, 0x000000070c600000)
 tenured generation   total 450416K, used 397628K [0x0000000740000000, 0x000000075b7dc000, 0x00000007c0000000)
   the space 450416K,  88% used [0x0000000740000000, 0x000000075844f020, 0x000000075844f200, 0x000000075b7dc000)
 Metaspace       used 56238K, capacity 62435K, committed 62592K, reserved 1101824K
  class space    used 7726K, capacity 9242K, committed 9344K, reserved 1048576K
Event: 11930.044 GC heap after
Heap after GC invocations=1326 (full 10):
 def new generation   total 202752K, used 4816K [0x0000000700000000, 0x000000070dc00000, 0x0000000740000000)
  eden space 180224K,   0% used [0x0000000700000000, 0x0000000700000000, 0x000000070b000000)
  from space 22528K,  21% used [0x000000070b000000, 0x000000070b4b42c8, 0x000000070c600000)
  to   space 22528K,   0% used [0x000000070c600000, 0x000000070c600000, 0x000000070dc00000)
 tenured generation   total 450416K, used 399481K [0x0000000740000000, 0x000000075b7dc000, 0x00000007c0000000)
   the space 450416K,  88% used [0x0000000740000000, 0x000000075861e650, 0x000000075861e800, 0x000000075b7dc000)
 Metaspace       used 56238K, capacity 62435K, committed 62592K, reserved 1101824K
  class space    used 7726K, capacity 9242K, committed 9344K, reserved 1048576K
}
Event: 11931.131 GC heap before
{Heap before GC invocations=1326 (full 10):
 def new generation   total 202752K, used 185040K [0x0000000700000000, 0x000000070dc00000, 0x0000000740000000)
  eden space 180224K, 100% used [0x0000000700000000, 0x000000070b000000, 0x000000070b000000)
  from space 22528K,  21% used [0x000000070b000000, 0x000000070b4b42c8, 0x000000070c600000)
  to   space 22528K,   0% used [0x000000070c600000, 0x000000070c600000, 0x000000070dc00000)
 tenured generation   total 450416K, used 399481K [0x0000000740000000, 0x000000075b7dc000, 0x00000007c0000000)
   the space 450416K,  88% used [0x0000000740000000, 0x000000075861e650, 0x000000075861e800, 0x000000075b7dc000)
 Metaspace       used 56238K, capacity 62435K, committed 62592K, reserved 1101824K
  class space    used 7726K, capacity 9242K, committed 9344K, reserved 1048576K
Event: 11931.140 GC heap after
Heap after GC invocations=1327 (full 10):
 def new generation   total 202752K, used 4635K [0x0000000700000000, 0x000000070dc00000, 0x0000000740000000)
  eden space 180224K,   0% used [0x0000000700000000, 0x0000000700000000, 0x000000070b000000)
  from space 22528K,  20% used [0x000000070c600000, 0x000000070ca86ed0, 0x000000070dc00000)
  to   space 22528K,   0% used [0x000000070b000000, 0x000000070b000000, 0x000000070c600000)
 tenured generation   total 450416K, used 399718K [0x0000000740000000, 0x000000075b7dc000, 0x00000007c0000000)
   the space 450416K,  88% used [0x0000000740000000, 0x0000000758659a50, 0x0000000758659c00, 0x000000075b7dc000)
 Metaspace       used 56238K, capacity 62435K, committed 62592K, reserved 1101824K
  class space    used 7726K, capacity 9242K, committed 9344K, reserved 1048576K
}
Event: 11932.224 GC heap before
{Heap before GC invocations=1327 (full 10):
 def new generation   total 202752K, used 184859K [0x0000000700000000, 0x000000070dc00000, 0x0000000740000000)
  eden space 180224K, 100% used [0x0000000700000000, 0x000000070b000000, 0x000000070b000000)
  from space 22528K,  20% used [0x000000070c600000, 0x000000070ca86ed0, 0x000000070dc00000)
  to   space 22528K,   0% used [0x000000070b000000, 0x000000070b000000, 0x000000070c600000)
 tenured generation   total 450416K, used 399718K [0x0000000740000000, 0x000000075b7dc000, 0x00000007c0000000)
   the space 450416K,  88% used [0x0000000740000000, 0x0000000758659a50, 0x0000000758659c00, 0x000000075b7dc000)
 Metaspace       used 56240K, capacity 62435K, committed 62592K, reserved 1101824K
  class space    used 7726K, capacity 9242K, committed 9344K, reserved 1048576K
Event: 11932.233 GC heap after
Heap after GC invocations=1328 (full 10):
 def new generation   total 202752K, used 4545K [0x0000000700000000, 0x000000070dc00000, 0x0000000740000000)
  eden space 180224K,   0% used [0x0000000700000000, 0x0000000700000000, 0x000000070b000000)
  from space 22528K,  20% used [0x000000070b000000, 0x000000070b470480, 0x000000070c600000)
  to   space 22528K,   0% used [0x000000070c600000, 0x000000070c600000, 0x000000070dc00000)
 tenured generation   total 450416K, used 399856K [0x0000000740000000, 0x000000075b7dc000, 0x00000007c0000000)
   the space 450416K,  88% used [0x0000000740000000, 0x000000075867c038, 0x000000075867c200, 0x000000075b7dc000)
 Metaspace       used 56240K, capacity 62435K, committed 62592K, reserved 1101824K
  class space    used 7726K, capacity 9242K, committed 9344K, reserved 1048576K
}
Event: 11933.332 GC heap before
{Heap before GC invocations=1328 (full 10):
 def new generation   total 202752K, used 184769K [0x0000000700000000, 0x000000070dc00000, 0x0000000740000000)
  eden space 180224K, 100% used [0x0000000700000000, 0x000000070b000000, 0x000000070b000000)
  from space 22528K,  20% used [0x000000070b000000, 0x000000070b470480, 0x000000070c600000)
  to   space 22528K,   0% used [0x000000070c600000, 0x000000070c600000, 0x000000070dc00000)
 tenured generation   total 450416K, used 399856K [0x0000000740000000, 0x000000075b7dc000, 0x00000007c0000000)
   the space 450416K,  88% used [0x0000000740000000, 0x000000075867c038, 0x000000075867c200, 0x000000075b7dc000)
 Metaspace       used 56240K, capacity 62435K, committed 62592K, reserved 1101824K
  class space    used 7726K, capacity 9242K, committed 9344K, reserved 1048576K
Event: 11933.341 GC heap after
Heap after GC invocations=1329 (full 10):
 def new generation   total 202752K, used 4459K [0x0000000700000000, 0x000000070dc00000, 0x0000000740000000)
  eden space 180224K,   0% used [0x0000000700000000, 0x0000000700000000, 0x000000070b000000)
  from space 22528K,  19% used [0x000000070c600000, 0x000000070ca5adf0, 0x000000070dc00000)
  to   space 22528K,   0% used [0x000000070b000000, 0x000000070b000000, 0x000000070c600000)
 tenured generation   total 450416K, used 399971K [0x0000000740000000, 0x000000075b7dc000, 0x00000007c0000000)
   the space 450416K,  88% used [0x0000000740000000, 0x0000000758698cd8, 0x0000000758698e00, 0x000000075b7dc000)
 Metaspace       used 56240K, capacity 62435K, committed 62592K, reserved 1101824K
  class space    used 7726K, capacity 9242K, committed 9344K, reserved 1048576K
}
Event: 11934.284 GC heap before
{Heap before GC invocations=1329 (full 10):
 def new generation   total 202752K, used 184683K [0x0000000700000000, 0x000000070dc00000, 0x0000000740000000)
  eden space 180224K, 100% used [0x0000000700000000, 0x000000070b000000, 0x000000070b000000)
  from space 22528K,  19% used [0x000000070c600000, 0x000000070ca5adf0, 0x000000070dc00000)
  to   space 22528K,   0% used [0x000000070b000000, 0x000000070b000000, 0x000000070c600000)
 tenured generation   total 450416K, used 399971K [0x0000000740000000, 0x000000075b7dc000, 0x00000007c0000000)
   the space 450416K,  88% used [0x0000000740000000, 0x0000000758698cd8, 0x0000000758698e00, 0x000000075b7dc000)
 Metaspace       used 56240K, capacity 62435K, committed 62592K, reserved 1101824K
  class space    used 7726K, capacity 9242K, committed 9344K, reserved 1048576K
Event: 11934.296 GC heap after
Heap after GC invocations=1330 (full 10):
 def new generation   total 202752K, used 7125K [0x0000000700000000, 0x000000070dc00000, 0x0000000740000000)
  eden space 180224K,   0% used [0x0000000700000000, 0x0000000700000000, 0x000000070b000000)
  from space 22528K,  31% used [0x000000070b000000, 0x000000070b6f54c0, 0x000000070c600000)
  to   space 22528K,   0% used [0x000000070c600000, 0x000000070c600000, 0x000000070dc00000)
 tenured generation   total 450416K, used 400022K [0x0000000740000000, 0x000000075b7dc000, 0x00000007c0000000)
   the space 450416K,  88% used [0x0000000740000000, 0x00000007586a5800, 0x00000007586a5800, 0x000000075b7dc000)
 Metaspace       used 56240K, capacity 62435K, committed 62592K, reserved 1101824K
  class space    used 7726K, capacity 9242K, committed 9344K, reserved 1048576K
}
Event: 11935.338 GC heap before
{Heap before GC invocations=1330 (full 10):
 def new generation   total 202752K, used 187349K [0x0000000700000000, 0x000000070dc00000, 0x0000000740000000)
  eden space 180224K, 100% used [0x0000000700000000, 0x000000070b000000, 0x000000070b000000)
  from space 22528K,  31% used [0x000000070b000000, 0x000000070b6f54c0, 0x000000070c600000)
  to   space 22528K,   0% used [0x000000070c600000, 0x000000070c600000, 0x000000070dc00000)
 tenured generation   total 450416K, used 400022K [0x0000000740000000, 0x000000075b7dc000, 0x00000007c0000000)
   the space 450416K,  88% used [0x0000000740000000, 0x00000007586a5800, 0x00000007586a5800, 0x000000075b7dc000)
 Metaspace       used 56240K, capacity 62435K, committed 62592K, reserved 1101824K
  class space    used 7726K, capacity 9242K, committed 9344K, reserved 1048576K
Event: 11935.349 GC heap after
Heap after GC invocations=1331 (full 10):
 def new generation   total 202752K, used 7210K [0x0000000700000000, 0x000000070dc00000, 0x0000000740000000)
  eden space 180224K,   0% used [0x0000000700000000, 0x0000000700000000, 0x000000070b000000)
  from space 22528K,  32% used [0x000000070c600000, 0x000000070cd0ab20, 0x000000070dc00000)
  to   space 22528K,   0% used [0x000000070b000000, 0x000000070b000000, 0x000000070c600000)
 tenured generation   total 450416K, used 400045K [0x0000000740000000, 0x000000075b7dc000, 0x00000007c0000000)
   the space 450416K,  88% used [0x0000000740000000, 0x00000007586ab4e8, 0x00000007586ab600, 0x000000075b7dc000)
 Metaspace       used 56240K, capacity 62435K, committed 62592K, reserved 1101824K
  class space    used 7726K, capacity 9242K, committed 9344K, reserved 1048576K
}
Event: 11936.295 GC heap before
{Heap before GC invocations=1331 (full 10):
 def new generation   total 202752K, used 187434K [0x0000000700000000, 0x000000070dc00000, 0x0000000740000000)
  eden space 180224K, 100% used [0x0000000700000000, 0x000000070b000000, 0x000000070b000000)
  from space 22528K,  32% used [0x000000070c600000, 0x000000070cd0ab20, 0x000000070dc00000)
  to   space 22528K,   0% used [0x000000070b000000, 0x000000070b000000, 0x000000070c600000)
 tenured generation   total 450416K, used 400045K [0x0000000740000000, 0x000000075b7dc000, 0x00000007c0000000)
   the space 450416K,  88% used [0x0000000740000000, 0x00000007586ab4e8, 0x00000007586ab600, 0x000000075b7dc000)
 Metaspace       used 56241K, capacity 62435K, committed 62592K, reserved 1101824K
  class space    used 7726K, capacity 9242K, committed 9344K, reserved 1048576K
Event: 11936.308 GC heap after
Heap after GC invocations=1332 (full 10):
 def new generation   total 202752K, used 8396K [0x0000000700000000, 0x000000070dc00000, 0x0000000740000000)
  eden space 180224K,   0% used [0x0000000700000000, 0x0000000700000000, 0x000000070b000000)
  from space 22528K,  37% used [0x000000070b000000, 0x000000070b833178, 0x000000070c600000)
  to   space 22528K,   0% used [0x000000070c600000, 0x000000070c600000, 0x000000070dc00000)
 tenured generation   total 450416K, used 400098K [0x0000000740000000, 0x000000075b7dc000, 0x00000007c0000000)
   the space 450416K,  88% used [0x0000000740000000, 0x00000007586b8838, 0x00000007586b8a00, 0x000000075b7dc000)
 Metaspace       used 56241K, capacity 62435K, committed 62592K, reserved 1101824K
  class space    used 7726K, capacity 9242K, committed 9344K, reserved 1048576K
}
Event: 11937.380 GC heap before
{Heap before GC invocations=1332 (full 10):
 def new generation   total 202752K, used 188620K [0x0000000700000000, 0x000000070dc00000, 0x0000000740000000)
  eden space 180224K, 100% used [0x0000000700000000, 0x000000070b000000, 0x000000070b000000)
  from space 22528K,  37% used [0x000000070b000000, 0x000000070b833178, 0x000000070c600000)
  to   space 22528K,   0% used [0x000000070c600000, 0x000000070c600000, 0x000000070dc00000)
 tenured generation   total 450416K, used 400098K [0x0000000740000000, 0x000000075b7dc000, 0x00000007c0000000)
   the space 450416K,  88% used [0x0000000740000000, 0x00000007586b8838, 0x00000007586b8a00, 0x000000075b7dc000)
 Metaspace       used 56241K, capacity 62435K, committed 62592K, reserved 1101824K
  class space    used 7726K, capacity 9242K, committed 9344K, reserved 1048576K
Event: 11937.393 GC heap after
Heap after GC invocations=1333 (full 10):
 def new generation   total 202752K, used 8561K [0x0000000700000000, 0x000000070dc00000, 0x0000000740000000)
  eden space 180224K,   0% used [0x0000000700000000, 0x0000000700000000, 0x000000070b000000)
  from space 22528K,  38% used [0x000000070c600000, 0x000000070ce5c590, 0x000000070dc00000)
  to   space 22528K,   0% used [0x000000070b000000, 0x000000070b000000, 0x000000070c600000)
 tenured generation   total 450416K, used 400167K [0x0000000740000000, 0x000000075b7dc000, 0x00000007c0000000)
   the space 450416K,  88% used [0x0000000740000000, 0x00000007586c9e50, 0x00000007586ca000, 0x000000075b7dc000)
 Metaspace       used 56241K, capacity 62435K, committed 62592K, reserved 1101824K
  class space    used 7726K, capacity 9242K, committed 9344K, reserved 1048576K
}
Event: 11938.346 GC heap before
{Heap before GC invocations=1333 (full 10):
 def new generation   total 202752K, used 188785K [0x0000000700000000, 0x000000070dc00000, 0x0000000740000000)
  eden space 180224K, 100% used [0x0000000700000000, 0x000000070b000000, 0x000000070b000000)
  from space 22528K,  38% used [0x000000070c600000, 0x000000070ce5c590, 0x000000070dc00000)
  to   space 22528K,   0% used [0x000000070b000000, 0x000000070b000000, 0x000000070c600000)
 tenured generation   total 450416K, used 400167K [0x0000000740000000, 0x000000075b7dc000, 0x00000007c0000000)
   the space 450416K,  88% used [0x0000000740000000, 0x00000007586c9e50, 0x00000007586ca000, 0x000000075b7dc000)
 Metaspace       used 56241K, capacity 62435K, committed 62592K, reserved 1101824K
  class space    used 7726K, capacity 9242K, committed 9344K, reserved 1048576K
Event: 11938.360 GC heap after
Heap after GC invocations=1334 (full 10):
 def new generation   total 202752K, used 9790K [0x0000000700000000, 0x000000070dc00000, 0x0000000740000000)
  eden space 180224K,   0% used [0x0000000700000000, 0x0000000700000000, 0x000000070b000000)
  from space 22528K,  43% used [0x000000070b000000, 0x000000070b98fa20, 0x000000070c600000)
  to   space 22528K,   0% used [0x000000070c600000, 0x000000070c600000, 0x000000070dc00000)
 tenured generation   total 450416K, used 400319K [0x0000000740000000, 0x000000075b7dc000, 0x00000007c0000000)
   the space 450416K,  88% used [0x0000000740000000, 0x00000007586efea8, 0x00000007586f0000, 0x000000075b7dc000)
 Metaspace       used 56241K, capacity 62435K, committed 62592K, reserved 1101824K
  class space    used 7726K, capacity 9242K, committed 9344K, reserved 1048576K
}
Event: 11939.336 GC heap before
{Heap before GC invocations=1334 (full 10):
 def new generation   total 202752K, used 190014K [0x0000000700000000, 0x000000070dc00000, 0x0000000740000000)
  eden space 180224K, 100% used [0x0000000700000000, 0x000000070b000000, 0x000000070b000000)
  from space 22528K,  43% used [0x000000070b000000, 0x000000070b98fa20, 0x000000070c600000)
  to   space 22528K,   0% used [0x000000070c600000, 0x000000070c600000, 0x000000070dc00000)
 tenured generation   total 450416K, used 400319K [0x0000000740000000, 0x000000075b7dc000, 0x00000007c0000000)
   the space 450416K,  88% used [0x0000000740000000, 0x00000007586efea8, 0x00000007586f0000, 0x000000075b7dc000)
 Metaspace       used 56241K, capacity 62435K, committed 62592K, reserved 1101824K
  class space    used 7726K, capacity 9242K, committed 9344K, reserved 1048576K
Event: 11939.349 GC heap after
Heap after GC invocations=1335 (full 10):
 def new generation   total 202752K, used 9522K [0x0000000700000000, 0x000000070dc00000, 0x0000000740000000)
  eden space 180224K,   0% used [0x0000000700000000, 0x0000000700000000, 0x000000070b000000)
  from space 22528K,  42% used [0x000000070c600000, 0x000000070cf4cbe0, 0x000000070dc00000)
  to   space 22528K,   0% used [0x000000070b000000, 0x000000070b000000, 0x000000070c600000)
 tenured generation   total 450416K, used 400360K [0x0000000740000000, 0x000000075b7dc000, 0x00000007c0000000)
   the space 450416K,  88% used [0x0000000740000000, 0x00000007586fa258, 0x00000007586fa400, 0x000000075b7dc000)
 Metaspace       used 56241K, capacity 62435K, committed 62592K, reserved 1101824K
  class space    used 7726K, capacity 9242K, committed 9344K, reserved 1048576K
}
Event: 11940.427 GC heap before
{Heap before GC invocations=1335 (full 10):
 def new generation   total 202752K, used 189746K [0x0000000700000000, 0x000000070dc00000, 0x0000000740000000)
  eden space 180224K, 100% used [0x0000000700000000, 0x000000070b000000, 0x000000070b000000)
  from space 22528K,  42% used [0x000000070c600000, 0x000000070cf4cbe0, 0x000000070dc00000)
  to   space 22528K,   0% used [0x000000070b000000, 0x000000070b000000, 0x000000070c600000)
 tenured generation   total 450416K, used 400360K [0x0000000740000000, 0x000000075b7dc000, 0x00000007c0000000)
   the space 450416K,  88% used [0x0000000740000000, 0x00000007586fa258, 0x00000007586fa400, 0x000000075b7dc000)
 Metaspace       used 56241K, capacity 62435K, committed 62592K, reserved 1101824K
  class space    used 7726K, capacity 9242K, committed 9344K, reserved 1048576K
Event: 11940.441 GC heap after
Heap after GC invocations=1336 (full 10):
 def new generation   total 202752K, used 9456K [0x0000000700000000, 0x000000070dc00000, 0x0000000740000000)
  eden space 180224K,   0% used [0x0000000700000000, 0x0000000700000000, 0x000000070b000000)
  from space 22528K,  41% used [0x000000070b000000, 0x000000070b93c390, 0x000000070c600000)
  to   space 22528K,   0% used [0x000000070c600000, 0x000000070c600000, 0x000000070dc00000)
 tenured generation   total 450416K, used 400427K [0x0000000740000000, 0x000000075b7dc000, 0x00000007c0000000)
   the space 450416K,  88% used [0x0000000740000000, 0x000000075870acd8, 0x000000075870ae00, 0x000000075b7dc000)
 Metaspace       used 56241K, capacity 62435K, committed 62592K, reserved 1101824K
  class space    used 7726K, capacity 9242K, committed 9344K, reserved 1048576K
}
Event: 11941.180 GC heap before
{Heap before GC invocations=1336 (full 10):
 def new generation   total 202752K, used 189680K [0x0000000700000000, 0x000000070dc00000, 0x0000000740000000)
  eden space 180224K, 100% used [0x0000000700000000, 0x000000070b000000, 0x000000070b000000)
  from space 22528K,  41% used [0x000000070b000000, 0x000000070b93c390, 0x000000070c600000)
  to   space 22528K,   0% used [0x000000070c600000, 0x000000070c600000, 0x000000070dc00000)
 tenured generation   total 450416K, used 400427K [0x0000000740000000, 0x000000075b7dc000, 0x00000007c0000000)
   the space 450416K,  88% used [0x0000000740000000, 0x000000075870acd8, 0x000000075870ae00, 0x000000075b7dc000)
 Metaspace       used 56241K, capacity 62435K, committed 62592K, reserved 1101824K
  class space    used 7726K, capacity 9242K, committed 9344K, reserved 1048576K
Event: 11941.196 GC heap after
Heap after GC invocations=1337 (full 10):
 def new generation   total 202752K, used 11734K [0x0000000700000000, 0x000000070dc00000, 0x0000000740000000)
  eden space 180224K,   0% used [0x0000000700000000, 0x0000000700000000, 0x000000070b000000)
  from space 22528K,  52% used [0x000000070c600000, 0x000000070d175920, 0x000000070dc00000)
  to   space 22528K,   0% used [0x000000070b000000, 0x000000070b000000, 0x000000070c600000)
 tenured generation   total 450416K, used 400442K [0x0000000740000000, 0x000000075b7dc000, 0x00000007c0000000)
   the space 450416K,  88% used [0x0000000740000000, 0x000000075870e820, 0x000000075870ea00, 0x000000075b7dc000)
 Metaspace       used 56241K, capacity 62435K, committed 62592K, reserved 1101824K
  class space    used 7726K, capacity 9242K, committed 9344K, reserved 1048576K
}
Event: 11942.278 GC heap before
{Heap before GC invocations=1337 (full 10):
 def new generation   total 202752K, used 191958K [0x0000000700000000, 0x000000070dc00000, 0x0000000740000000)
  eden space 180224K, 100% used [0x0000000700000000, 0x000000070b000000, 0x000000070b000000)
  from space 22528K,  52% used [0x000000070c600000, 0x000000070d175920, 0x000000070dc00000)
  to   space 22528K,   0% used [0x000000070b000000, 0x000000070b000000, 0x000000070c600000)
 tenured generation   total 450416K, used 400442K [0x0000000740000000, 0x000000075b7dc000, 0x00000007c0000000)
   the space 450416K,  88% used [0x0000000740000000, 0x000000075870e820, 0x000000075870ea00, 0x000000075b7dc000)
 Metaspace       used 56241K, capacity 62435K, committed 62592K, reserved 1101824K
  class space    used 7726K, capacity 9242K, committed 9344K, reserved 1048576K
Event: 11942.298 GC heap after
Heap after GC invocations=1338 (full 10):
 def new generation   total 202752K, used 10574K [0x0000000700000000, 0x000000070dc00000, 0x0000000740000000)
  eden space 180224K,   0% used [0x0000000700000000, 0x0000000700000000, 0x000000070b000000)
  from space 22528K,  46% used [0x000000070b000000, 0x000000070ba53ba8, 0x000000070c600000)
  to   space 22528K,   0% used [0x000000070c600000, 0x000000070c600000, 0x000000070dc00000)
 tenured generation   total 450416K, used 401628K [0x0000000740000000, 0x000000075b7dc000, 0x00000007c0000000)
   the space 450416K,  89% used [0x0000000740000000, 0x00000007588372b0, 0x0000000758837400, 0x000000075b7dc000)
 Metaspace       used 56241K, capacity 62435K, committed 62592K, reserved 1101824K
  class space    used 7726K, capacity 9242K, committed 9344K, reserved 1048576K
}
Event: 11943.329 GC heap before
{Heap before GC invocations=1338 (full 10):
 def new generation   total 202752K, used 190798K [0x0000000700000000, 0x000000070dc00000, 0x0000000740000000)
  eden space 180224K, 100% used [0x0000000700000000, 0x000000070b000000, 0x000000070b000000)
  from space 22528K,  46% used [0x000000070b000000, 0x000000070ba53ba8, 0x000000070c600000)
  to   space 22528K,   0% used [0x000000070c600000, 0x000000070c600000, 0x000000070dc00000)
 tenured generation   total 450416K, used 401628K [0x0000000740000000, 0x000000075b7dc000, 0x00000007c0000000)
   the space 450416K,  89% used [0x0000000740000000, 0x00000007588372b0, 0x0000000758837400, 0x000000075b7dc000)
 Metaspace       used 56241K, capacity 62435K, committed 62592K, reserved 1101824K
  class space    used 7726K, capacity 9242K, committed 9344K, reserved 1048576K
Event: 11943.343 GC heap after
Heap after GC invocations=1339 (full 10):
 def new generation   total 202752K, used 10933K [0x0000000700000000, 0x000000070dc00000, 0x0000000740000000)
  eden space 180224K,   0% used [0x0000000700000000, 0x0000000700000000, 0x000000070b000000)
  from space 22528K,  48% used [0x000000070c600000, 0x000000070d0ad5f8, 0x000000070dc00000)
  to   space 22528K,   0% used [0x000000070b000000, 0x000000070b000000, 0x000000070c600000)
 tenured generation   total 450416K, used 401628K [0x0000000740000000, 0x000000075b7dc000, 0x00000007c0000000)
   the space 450416K,  89% used [0x0000000740000000, 0x00000007588372b0, 0x0000000758837400, 0x000000075b7dc000)
 Metaspace       used 56241K, capacity 62435K, committed 62592K, reserved 1101824K
  class space    used 7726K, capacity 9242K, committed 9344K, reserved 1048576K
}
Event: 11944.426 GC heap before
{Heap before GC invocations=1339 (full 10):
 def new generation   total 202752K, used 191157K [0x0000000700000000, 0x000000070dc00000, 0x0000000740000000)
  eden space 180224K, 100% used [0x0000000700000000, 0x000000070b000000, 0x000000070b000000)
  from space 22528K,  48% used [0x000000070c600000, 0x000000070d0ad5f8, 0x000000070dc00000)
  to   space 22528K,   0% used [0x000000070b000000, 0x000000070b000000, 0x000000070c600000)
 tenured generation   total 450416K, used 401628K [0x0000000740000000, 0x000000075b7dc000, 0x00000007c0000000)
   the space 450416K,  89% used [0x0000000740000000, 0x00000007588372b0, 0x0000000758837400, 0x000000075b7dc000)
 Metaspace       used 56241K, capacity 62435K, committed 62592K, reserved 1101824K
  class space    used 7726K, capacity 9242K, committed 9344K, reserved 1048576K
Event: 11944.440 GC heap after
Heap after GC invocations=1340 (full 10):
 def new generation   total 202752K, used 11013K [0x0000000700000000, 0x000000070dc00000, 0x0000000740000000)
  eden space 180224K,   0% used [0x0000000700000000, 0x0000000700000000, 0x000000070b000000)
  from space 22528K,  48% used [0x000000070b000000, 0x000000070bac1400, 0x000000070c600000)
  to   space 22528K,   0% used [0x000000070c600000, 0x000000070c600000, 0x000000070dc00000)
 tenured generation   total 450416K, used 401628K [0x0000000740000000, 0x000000075b7dc000, 0x00000007c0000000)
   the space 450416K,  89% used [0x0000000740000000, 0x00000007588372b0, 0x0000000758837400, 0x000000075b7dc000)
 Metaspace       used 56241K, capacity 62435K, committed 62592K, reserved 1101824K
  class space    used 7726K, capacity 9242K, committed 9344K, reserved 1048576K
}
Event: 11945.535 GC heap before
{Heap before GC invocations=1340 (full 10):
 def new generation   total 202752K, used 191237K [0x0000000700000000, 0x000000070dc00000, 0x0000000740000000)
  eden space 180224K, 100% used [0x0000000700000000, 0x000000070b000000, 0x000000070b000000)
  from space 22528K,  48% used [0x000000070b000000, 0x000000070bac1400, 0x000000070c600000)
  to   space 22528K,   0% used [0x000000070c600000, 0x000000070c600000, 0x000000070dc00000)
 tenured generation   total 450416K, used 401628K [0x0000000740000000, 0x000000075b7dc000, 0x00000007c0000000)
   the space 450416K,  89% used [0x0000000740000000, 0x00000007588372b0, 0x0000000758837400, 0x000000075b7dc000)
 Metaspace       used 56241K, capacity 62435K, committed 62592K, reserved 1101824K
  class space    used 7726K, capacity 9242K, committed 9344K, reserved 1048576K
Event: 11945.549 GC heap after
Heap after GC invocations=1341 (full 10):
 def new generation   total 202752K, used 11051K [0x0000000700000000, 0x000000070dc00000, 0x0000000740000000)
  eden space 180224K,   0% used [0x0000000700000000, 0x0000000700000000, 0x000000070b000000)
  from space 22528K,  49% used [0x000000070c600000, 0x000000070d0cacd0, 0x000000070dc00000)
  to   space 22528K,   0% used [0x000000070b000000, 0x000000070b000000, 0x000000070c600000)
 tenured generation   total 450416K, used 401659K [0x0000000740000000, 0x000000075b7dc000, 0x00000007c0000000)
   the space 450416K,  89% used [0x0000000740000000, 0x000000075883ef58, 0x000000075883f000, 0x000000075b7dc000)
 Metaspace       used 56241K, capacity 62435K, committed 62592K, reserved 1101824K
  class space    used 7726K, capacity 9242K, committed 9344K, reserved 1048576K
}
Event: 11946.633 GC heap before
{Heap before GC invocations=1341 (full 10):
 def new generation   total 202752K, used 191275K [0x0000000700000000, 0x000000070dc00000, 0x0000000740000000)
  eden space 180224K, 100% used [0x0000000700000000, 0x000000070b000000, 0x000000070b000000)
  from space 22528K,  49% used [0x000000070c600000, 0x000000070d0cacd0, 0x000000070dc00000)
  to   space 22528K,   0% used [0x000000070b000000, 0x000000070b000000, 0x000000070c600000)
 tenured generation   total 450416K, used 401659K [0x0000000740000000, 0x000000075b7dc000, 0x00000007c0000000)
   the space 450416K,  89% used [0x0000000740000000, 0x000000075883ef58, 0x000000075883f000, 0x000000075b7dc000)
 Metaspace       used 56241K, capacity 62435K, committed 62592K, reserved 1101824K
  class space    used 7726K, capacity 9242K, committed 9344K, reserved 1048576K
Event: 11946.647 GC heap after
Heap after GC invocations=1342 (full 10):
 def new generation   total 202752K, used 11097K [0x0000000700000000, 0x000000070dc00000, 0x0000000740000000)
  eden space 180224K,   0% used [0x0000000700000000, 0x0000000700000000, 0x000000070b000000)
  from space 22528K,  49% used [0x000000070b000000, 0x000000070bad6630, 0x000000070c600000)
  to   space 22528K,   0% used [0x000000070c600000, 0x000000070c600000, 0x000000070dc00000)
 tenured generation   total 450416K, used 401741K [0x0000000740000000, 0x000000075b7dc000, 0x00000007c0000000)
   the space 450416K,  89% used [0x0000000740000000, 0x00000007588535e8, 0x0000000758853600, 0x000000075b7dc000)
 Metaspace       used 56241K, capacity 62435K, committed 62592K, reserved 1101824K
  class space    used 7726K, capacity 9242K, committed 9344K, reserved 1048576K
}
Event: 11947.737 GC heap before
{Heap before GC invocations=1342 (full 10):
 def new generation   total 202752K, used 191321K [0x0000000700000000, 0x000000070dc00000, 0x0000000740000000)
  eden space 180224K, 100% used [0x0000000700000000, 0x000000070b000000, 0x000000070b000000)
  from space 22528K,  49% used [0x000000070b000000, 0x000000070bad6630, 0x000000070c600000)
  to   space 22528K,   0% used [0x000000070c600000, 0x000000070c600000, 0x000000070dc00000)
 tenured generation   total 450416K, used 401741K [0x0000000740000000, 0x000000075b7dc000, 0x00000007c0000000)
   the space 450416K,  89% used [0x0000000740000000, 0x00000007588535e8, 0x0000000758853600, 0x000000075b7dc000)
 Metaspace       used 56243K, capacity 62499K, committed 62848K, reserved 1103872K
  class space    used 7726K, capacity 9242K, committed 9344K, reserved 1048576K
Event: 11947.751 GC heap after
Heap after GC invocations=1343 (full 10):
 def new generation   total 202752K, used 11067K [0x0000000700000000, 0x000000070dc00000, 0x0000000740000000)
  eden space 180224K,   0% used [0x0000000700000000, 0x0000000700000000, 0x000000070b000000)
  from space 22528K,  49% used [0x000000070c600000, 0x000000070d0cedb0, 0x000000070dc00000)
  to   space 22528K,   0% used [0x000000070b000000, 0x000000070b000000, 0x000000070c600000)
 tenured generation   total 450416K, used 401787K [0x0000000740000000, 0x000000075b7dc000, 0x00000007c0000000)
   the space 450416K,  89% used [0x0000000740000000, 0x000000075885ef40, 0x000000075885f000, 0x000000075b7dc000)
 Metaspace       used 56243K, capacity 62499K, committed 62848K, reserved 1103872K
  class space    used 7726K, capacity 9242K, committed 9344K, reserved 1048576K
}
Event: 11948.835 GC heap before
{Heap before GC invocations=1343 (full 10):
 def new generation   total 202752K, used 191291K [0x0000000700000000, 0x000000070dc00000, 0x0000000740000000)
  eden space 180224K, 100% used [0x0000000700000000, 0x000000070b000000, 0x000000070b000000)
  from space 22528K,  49% used [0x000000070c600000, 0x000000070d0cedb0, 0x000000070dc00000)
  to   space 22528K,   0% used [0x000000070b000000, 0x000000070b000000, 0x000000070c600000)
 tenured generation   total 450416K, used 401787K [0x0000000740000000, 0x000000075b7dc000, 0x00000007c0000000)
   the space 450416K,  89% used [0x0000000740000000, 0x000000075885ef40, 0x000000075885f000, 0x000000075b7dc000)
 Metaspace       used 56243K, capacity 62499K, committed 62848K, reserved 1103872K
  class space    used 7726K, capacity 9242K, committed 9344K, reserved 1048576K
Event: 11948.850 GC heap after
Heap after GC invocations=1344 (full 10):
 def new generation   total 202752K, used 11054K [0x0000000700000000, 0x000000070dc00000, 0x0000000740000000)
  eden space 180224K,   0% used [0x0000000700000000, 0x0000000700000000, 0x000000070b000000)
  from space 22528K,  49% used [0x000000070b000000, 0x000000070bacb990, 0x000000070c600000)
  to   space 22528K,   0% used [0x000000070c600000, 0x000000070c600000, 0x000000070dc00000)
 tenured generation   total 450416K, used 401799K [0x0000000740000000, 0x000000075b7dc000, 0x00000007c0000000)
   the space 450416K,  89% used [0x0000000740000000, 0x0000000758861c98, 0x0000000758861e00, 0x000000075b7dc000)
 Metaspace       used 56243K, capacity 62499K, committed 62848K, reserved 1103872K
  class space    used 7726K, capacity 9242K, committed 9344K, reserved 1048576K
}
Event: 11949.927 GC heap before
{Heap before GC invocations=1344 (full 10):
 def new generation   total 202752K, used 191278K [0x0000000700000000, 0x000000070dc00000, 0x0000000740000000)
  eden space 180224K, 100% used [0x0000000700000000, 0x000000070b000000, 0x000000070b000000)
  from space 22528K,  49% used [0x000000070b000000, 0x000000070bacb990, 0x000000070c600000)
  to   space 22528K,   0% used [0x000000070c600000, 0x000000070c600000, 0x000000070dc00000)
 tenured generation   total 450416K, used 401799K [0x0000000740000000, 0x000000075b7dc000, 0x00000007c0000000)
   the space 450416K,  89% used [0x0000000740000000, 0x0000000758861c98, 0x0000000758861e00, 0x000000075b7dc000)
 Metaspace       used 56243K, capacity 62499K, committed 62848K, reserved 1103872K
  class space    used 7726K, capacity 9242K, committed 9344K, reserved 1048576K
Event: 11949.942 GC heap after
Heap after GC invocations=1345 (full 10):
 def new generation   total 202752K, used 9975K [0x0000000700000000, 0x000000070dc00000, 0x0000000740000000)
  eden space 180224K,   0% used [0x0000000700000000, 0x0000000700000000, 0x000000070b000000)
  from space 22528K,  44% used [0x000000070c600000, 0x000000070cfbdcf0, 0x000000070dc00000)
  to   space 22528K,   0% used [0x000000070b000000, 0x000000070b000000, 0x000000070c600000)
 tenured generation   total 450416K, used 403195K [0x0000000740000000, 0x000000075b7dc000, 0x00000007c0000000)
   the space 450416K,  89% used [0x0000000740000000, 0x00000007589beea8, 0x00000007589bf000, 0x000000075b7dc000)
 Metaspace       used 56243K, capacity 62499K, committed 62848K, reserved 1103872K
  class space    used 7726K, capacity 9242K, committed 9344K, reserved 1048576K
}
Event: 11950.882 GC heap before
{Heap before GC invocations=1345 (full 10):
 def new generation   total 202752K, used 190199K [0x0000000700000000, 0x000000070dc00000, 0x0000000740000000)
  eden space 180224K, 100% used [0x0000000700000000, 0x000000070b000000, 0x000000070b000000)
  from space 22528K,  44% used [0x000000070c600000, 0x000000070cfbdcf0, 0x000000070dc00000)
  to   space 22528K,   0% used [0x000000070b000000, 0x000000070b000000, 0x000000070c600000)
 tenured generation   total 450416K, used 403195K [0x0000000740000000, 0x000000075b7dc000, 0x00000007c0000000)
   the space 450416K,  89% used [0x0000000740000000, 0x00000007589beea8, 0x00000007589bf000, 0x000000075b7dc000)
 Metaspace       used 56243K, capacity 62499K, committed 62848K, reserved 1103872K
  class space    used 7726K, capacity 9242K, committed 9344K, reserved 1048576K
Event: 11950.898 GC heap after
Heap after GC invocations=1346 (full 10):
 def new generation   total 202752K, used 10664K [0x0000000700000000, 0x000000070dc00000, 0x0000000740000000)
  eden space 180224K,   0% used [0x0000000700000000, 0x0000000700000000, 0x000000070b000000)
  from space 22528K,  47% used [0x000000070b000000, 0x000000070ba6a210, 0x000000070c600000)
  to   space 22528K,   0% used [0x000000070c600000, 0x000000070c600000, 0x000000070dc00000)
 tenured generation   total 450416K, used 403320K [0x0000000740000000, 0x000000075b7dc000, 0x00000007c0000000)
   the space 450416K,  89% used [0x0000000740000000, 0x00000007589de1a8, 0x00000007589de200, 0x000000075b7dc000)
 Metaspace       used 56243K, capacity 62499K, committed 62848K, reserved 1103872K
  class space    used 7726K, capacity 9242K, committed 9344K, reserved 1048576K
}
Event: 11951.985 GC heap before
{Heap before GC invocations=1346 (full 10):
 def new generation   total 202752K, used 190888K [0x0000000700000000, 0x000000070dc00000, 0x0000000740000000)
  eden space 180224K, 100% used [0x0000000700000000, 0x000000070b000000, 0x000000070b000000)
  from space 22528K,  47% used [0x000000070b000000, 0x000000070ba6a210, 0x000000070c600000)
  to   space 22528K,   0% used [0x000000070c600000, 0x000000070c600000, 0x000000070dc00000)
 tenured generation   total 450416K, used 403320K [0x0000000740000000, 0x000000075b7dc000, 0x00000007c0000000)
   the space 450416K,  89% used [0x0000000740000000, 0x00000007589de1a8, 0x00000007589de200, 0x000000075b7dc000)
 Metaspace       used 56243K, capacity 62499K, committed 62848K, reserved 1103872K
  class space    used 7726K, capacity 9242K, committed 9344K, reserved 1048576K
Event: 11951.999 GC heap after
Heap after GC invocations=1347 (full 10):
 def new generation   total 202752K, used 9568K [0x0000000700000000, 0x000000070dc00000, 0x0000000740000000)
  eden space 180224K,   0% used [0x0000000700000000, 0x0000000700000000, 0x000000070b000000)
  from space 22528K,  42% used [0x000000070c600000, 0x000000070cf582d8, 0x000000070dc00000)
  to   space 22528K,   0% used [0x000000070b000000, 0x000000070b000000, 0x000000070c600000)
 tenured generation   total 450416K, used 404422K [0x0000000740000000, 0x000000075b7dc000, 0x00000007c0000000)
   the space 450416K,  89% used [0x0000000740000000, 0x0000000758af1998, 0x0000000758af1a00, 0x000000075b7dc000)
 Metaspace       used 56243K, capacity 62499K, committed 62848K, reserved 1103872K
  class space    used 7726K, capacity 9242K, committed 9344K, reserved 1048576K
}
Event: 11953.075 GC heap before
{Heap before GC invocations=1347 (full 10):
 def new generation   total 202752K, used 189792K [0x0000000700000000, 0x000000070dc00000, 0x0000000740000000)
  eden space 180224K, 100% used [0x0000000700000000, 0x000000070b000000, 0x000000070b000000)
  from space 22528K,  42% used [0x000000070c600000, 0x000000070cf582d8, 0x000000070dc00000)
  to   space 22528K,   0% used [0x000000070b000000, 0x000000070b000000, 0x000000070c600000)
 tenured generation   total 450416K, used 404422K [0x0000000740000000, 0x000000075b7dc000, 0x00000007c0000000)
   the space 450416K,  89% used [0x0000000740000000, 0x0000000758af1998, 0x0000000758af1a00, 0x000000075b7dc000)
 Metaspace       used 56246K, capacity 62501K, committed 62848K, reserved 1103872K
  class space    used 7726K, capacity 9243K, committed 9344K, reserved 1048576K
Event: 11953.089 GC heap after
Heap after GC invocations=1348 (full 10):
 def new generation   total 202752K, used 9470K [0x0000000700000000, 0x000000070dc00000, 0x0000000740000000)
  eden space 180224K,   0% used [0x0000000700000000, 0x0000000700000000, 0x000000070b000000)
  from space 22528K,  42% used [0x000000070b000000, 0x000000070b93f860, 0x000000070c600000)
  to   space 22528K,   0% used [0x000000070c600000, 0x000000070c600000, 0x000000070dc00000)
 tenured generation   total 450416K, used 404674K [0x0000000740000000, 0x000000075b7dc000, 0x00000007c0000000)
   the space 450416K,  89% used [0x0000000740000000, 0x0000000758b30830, 0x0000000758b30a00, 0x000000075b7dc000)
 Metaspace       used 56246K, capacity 62501K, committed 62848K, reserved 1103872K
  class space    used 7726K, capacity 9243K, committed 9344K, reserved 1048576K
}
Event: 11954.139 GC heap before
{Heap before GC invocations=1348 (full 10):
 def new generation   total 202752K, used 189694K [0x0000000700000000, 0x000000070dc00000, 0x0000000740000000)
  eden space 180224K, 100% used [0x0000000700000000, 0x000000070b000000, 0x000000070b000000)
  from space 22528K,  42% used [0x000000070b000000, 0x000000070b93f860, 0x000000070c600000)
  to   space 22528K,   0% used [0x000000070c600000, 0x000000070c600000, 0x000000070dc00000)
 tenured generation   total 450416K, used 404674K [0x0000000740000000, 0x000000075b7dc000, 0x00000007c0000000)
   the space 450416K,  89% used [0x0000000740000000, 0x0000000758b30830, 0x0000000758b30a00, 0x000000075b7dc000)
 Metaspace       used 56246K, capacity 62501K, committed 62848K, reserved 1103872K
  class space    used 7726K, capacity 9243K, committed 9344K, reserved 1048576K
Event: 11954.152 GC heap after
Heap after GC invocations=1349 (full 10):
 def new generation   total 202752K, used 9045K [0x0000000700000000, 0x000000070dc00000, 0x0000000740000000)
  eden space 180224K,   0% used [0x0000000700000000, 0x0000000700000000, 0x000000070b000000)
  from space 22528K,  40% used [0x000000070c600000, 0x000000070ced54e8, 0x000000070dc00000)
  to   space 22528K,   0% used [0x000000070b000000, 0x000000070b000000, 0x000000070c600000)
 tenured generation   total 450416K, used 405327K [0x0000000740000000, 0x000000075b7dc000, 0x00000007c0000000)
   the space 450416K,  89% used [0x0000000740000000, 0x0000000758bd3eb0, 0x0000000758bd4000, 0x000000075b7dc000)
 Metaspace       used 56246K, capacity 62501K, committed 62848K, reserved 1103872K
  class space    used 7726K, capacity 9243K, committed 9344K, reserved 1048576K
}
Event: 11955.216 GC heap before
{Heap before GC invocations=1349 (full 10):
 def new generation   total 202752K, used 189269K [0x0000000700000000, 0x000000070dc00000, 0x0000000740000000)
  eden space 180224K, 100% used [0x0000000700000000, 0x000000070b000000, 0x000000070b000000)
  from space 22528K,  40% used [0x000000070c600000, 0x000000070ced54e8, 0x000000070dc00000)
  to   space 22528K,   0% used [0x000000070b000000, 0x000000070b000000, 0x000000070c600000)
 tenured generation   total 450416K, used 405327K [0x0000000740000000, 0x000000075b7dc000, 0x00000007c0000000)
   the space 450416K,  89% used [0x0000000740000000, 0x0000000758bd3eb0, 0x0000000758bd4000, 0x000000075b7dc000)
 Metaspace       used 56250K, capacity 62501K, committed 62848K, reserved 1103872K
  class space    used 7726K, capacity 9243K, committed 9344K, reserved 1048576K
Event: 11955.229 GC heap after
Heap after GC invocations=1350 (full 10):
 def new generation   total 202752K, used 8885K [0x0000000700000000, 0x000000070dc00000, 0x0000000740000000)
  eden space 180224K,   0% used [0x0000000700000000, 0x0000000700000000, 0x000000070b000000)
  from space 22528K,  39% used [0x000000070b000000, 0x000000070b8ad510, 0x000000070c600000)
  to   space 22528K,   0% used [0x000000070c600000, 0x000000070c600000, 0x000000070dc00000)
 tenured generation   total 450416K, used 405741K [0x0000000740000000, 0x000000075b7dc000, 0x00000007c0000000)
   the space 450416K,  90% used [0x0000000740000000, 0x0000000758c3b5e0, 0x0000000758c3b600, 0x000000075b7dc000)
 Metaspace       used 56250K, capacity 62501K, committed 62848K, reserved 1103872K
  class space    used 7726K, capacity 9243K, committed 9344K, reserved 1048576K
}
Event: 11956.277 GC heap before
{Heap before GC invocations=1350 (full 10):
 def new generation   total 202752K, used 189109K [0x0000000700000000, 0x000000070dc00000, 0x0000000740000000)
  eden space 180224K, 100% used [0x0000000700000000, 0x000000070b000000, 0x000000070b000000)
  from space 22528K,  39% used [0x000000070b000000, 0x000000070b8ad510, 0x000000070c600000)
  to   space 22528K,   0% used [0x000000070c600000, 0x000000070c600000, 0x000000070dc00000)
 tenured generation   total 450416K, used 405741K [0x0000000740000000, 0x000000075b7dc000, 0x00000007c0000000)
   the space 450416K,  90% used [0x0000000740000000, 0x0000000758c3b5e0, 0x0000000758c3b600, 0x000000075b7dc000)
 Metaspace       used 56250K, capacity 62501K, committed 62848K, reserved 1103872K
  class space    used 7726K, capacity 9243K, committed 9344K, reserved 1048576K
Event: 11956.289 GC heap after
Heap after GC invocations=1351 (full 10):
 def new generation   total 202752K, used 8951K [0x0000000700000000, 0x000000070dc00000, 0x0000000740000000)
  eden space 180224K,   0% used [0x0000000700000000, 0x0000000700000000, 0x000000070b000000)
  from space 22528K,  39% used [0x000000070c600000, 0x000000070cebdda0, 0x000000070dc00000)
  to   space 22528K,   0% used [0x000000070b000000, 0x000000070b000000, 0x000000070c600000)
 tenured generation   total 450416K, used 405766K [0x0000000740000000, 0x000000075b7dc000, 0x00000007c0000000)
   the space 450416K,  90% used [0x0000000740000000, 0x0000000758c41b90, 0x0000000758c41c00, 0x000000075b7dc000)
 Metaspace       used 56250K, capacity 62501K, committed 62848K, reserved 1103872K
  class space    used 7726K, capacity 9243K, committed 9344K, reserved 1048576K
}
Event: 11957.341 GC heap before
{Heap before GC invocations=1351 (full 10):
 def new generation   total 202752K, used 189175K [0x0000000700000000, 0x000000070dc00000, 0x0000000740000000)
  eden space 180224K, 100% used [0x0000000700000000, 0x000000070b000000, 0x000000070b000000)
  from space 22528K,  39% used [0x000000070c600000, 0x000000070cebdda0, 0x000000070dc00000)
  to   space 22528K,   0% used [0x000000070b000000, 0x000000070b000000, 0x000000070c600000)
 tenured generation   total 450416K, used 405766K [0x0000000740000000, 0x000000075b7dc000, 0x00000007c0000000)
   the space 450416K,  90% used [0x0000000740000000, 0x0000000758c41b90, 0x0000000758c41c00, 0x000000075b7dc000)
 Metaspace       used 56250K, capacity 62501K, committed 62848K, reserved 1103872K
  class space    used 7726K, capacity 9243K, committed 9344K, reserved 1048576K
Event: 11957.355 GC heap after
Heap after GC invocations=1352 (full 10):
 def new generation   total 202752K, used 5460K [0x0000000700000000, 0x000000070dc00000, 0x0000000740000000)
  eden space 180224K,   0% used [0x0000000700000000, 0x0000000700000000, 0x000000070b000000)
  from space 22528K,  24% used [0x000000070b000000, 0x000000070b555120, 0x000000070c600000)
  to   space 22528K,   0% used [0x000000070c600000, 0x000000070c600000, 0x000000070dc00000)
 tenured generation   total 450416K, used 409293K [0x0000000740000000, 0x000000075b7dc000, 0x00000007c0000000)
   the space 450416K,  90% used [0x0000000740000000, 0x0000000758fb35f8, 0x0000000758fb3600, 0x000000075b7dc000)
 Metaspace       used 56250K, capacity 62501K, committed 62848K, reserved 1103872K
  class space    used 7726K, capacity 9243K, committed 9344K, reserved 1048576K
}
Event: 11958.382 GC heap before
{Heap before GC invocations=1352 (full 10):
 def new generation   total 202752K, used 185684K [0x0000000700000000, 0x000000070dc00000, 0x0000000740000000)
  eden space 180224K, 100% used [0x0000000700000000, 0x000000070b000000, 0x000000070b000000)
  from space 22528K,  24% used [0x000000070b000000, 0x000000070b555120, 0x000000070c600000)
  to   space 22528K,   0% used [0x000000070c600000, 0x000000070c600000, 0x000000070dc00000)
 tenured generation   total 450416K, used 409293K [0x0000000740000000, 0x000000075b7dc000, 0x00000007c0000000)
   the space 450416K,  90% used [0x0000000740000000, 0x0000000758fb35f8, 0x0000000758fb3600, 0x000000075b7dc000)
 Metaspace       used 56250K, capacity 62501K, committed 62848K, reserved 1103872K
  class space    used 7726K, capacity 9243K, committed 9344K, reserved 1048576K
Event: 11958.393 GC heap after
Heap after GC invocations=1353 (full 10):
 def new generation   total 202752K, used 5656K [0x0000000700000000, 0x000000070dc00000, 0x0000000740000000)
  eden space 180224K,   0% used [0x0000000700000000, 0x0000000700000000, 0x000000070b000000)
  from space 22528K,  25% used [0x000000070c600000, 0x000000070cb86068, 0x000000070dc00000)
  to   space 22528K,   0% used [0x000000070b000000, 0x000000070b000000, 0x000000070c600000)
 tenured generation   total 450416K, used 409342K [0x0000000740000000, 0x000000075b7dc000, 0x00000007c0000000)
   the space 450416K,  90% used [0x0000000740000000, 0x0000000758fbf8d0, 0x0000000758fbfa00, 0x000000075b7dc000)
 Metaspace       used 56250K, capacity 62501K, committed 62848K, reserved 1103872K
  class space    used 7726K, capacity 9243K, committed 9344K, reserved 1048576K
}
Event: 11959.484 GC heap before
{Heap before GC invocations=1353 (full 10):
 def new generation   total 202752K, used 185880K [0x0000000700000000, 0x000000070dc00000, 0x0000000740000000)
  eden space 180224K, 100% used [0x0000000700000000, 0x000000070b000000, 0x000000070b000000)
  from space 22528K,  25% used [0x000000070c600000, 0x000000070cb86068, 0x000000070dc00000)
  to   space 22528K,   0% used [0x000000070b000000, 0x000000070b000000, 0x000000070c600000)
 tenured generation   total 450416K, used 409342K [0x0000000740000000, 0x000000075b7dc000, 0x00000007c0000000)
   the space 450416K,  90% used [0x0000000740000000, 0x0000000758fbf8d0, 0x0000000758fbfa00, 0x000000075b7dc000)
 Metaspace       used 56250K, capacity 62501K, committed 62848K, reserved 1103872K
  class space    used 7726K, capacity 9243K, committed 9344K, reserved 1048576K
Event: 11959.494 GC heap after
Heap after GC invocations=1354 (full 10):
 def new generation   total 202752K, used 5369K [0x0000000700000000, 0x000000070dc00000, 0x0000000740000000)
  eden space 180224K,   0% used [0x0000000700000000, 0x0000000700000000, 0x000000070b000000)
  from space 22528K,  23% used [0x000000070b000000, 0x000000070b53e578, 0x000000070c600000)
  to   space 22528K,   0% used [0x000000070c600000, 0x000000070c600000, 0x000000070dc00000)
 tenured generation   total 450416K, used 409689K [0x0000000740000000, 0x000000075b7dc000, 0x00000007c0000000)
   the space 450416K,  90% used [0x0000000740000000, 0x0000000759016730, 0x0000000759016800, 0x000000075b7dc000)
 Metaspace       used 56250K, capacity 62501K, committed 62848K, reserved 1103872K
  class space    used 7726K, capacity 9243K, committed 9344K, reserved 1048576K
}
Event: 11960.539 GC heap before
{Heap before GC invocations=1354 (full 10):
 def new generation   total 202752K, used 185593K [0x0000000700000000, 0x000000070dc00000, 0x0000000740000000)
  eden space 180224K, 100% used [0x0000000700000000, 0x000000070b000000, 0x000000070b000000)
  from space 22528K,  23% used [0x000000070b000000, 0x000000070b53e578, 0x000000070c600000)
  to   space 22528K,   0% used [0x000000070c600000, 0x000000070c600000, 0x000000070dc00000)
 tenured generation   total 450416K, used 409689K [0x0000000740000000, 0x000000075b7dc000, 0x00000007c0000000)
   the space 450416K,  90% used [0x0000000740000000, 0x0000000759016730, 0x0000000759016800, 0x000000075b7dc000)
 Metaspace       used 56250K, capacity 62501K, committed 62848K, reserved 1103872K
  class space    used 7726K, capacity 9243K, committed 9344K, reserved 1048576K
Event: 11960.549 GC heap after
Heap after GC invocations=1355 (full 10):
 def new generation   total 202752K, used 5370K [0x0000000700000000, 0x000000070dc00000, 0x0000000740000000)
  eden space 180224K,   0% used [0x0000000700000000, 0x0000000700000000, 0x000000070b000000)
  from space 22528K,  23% used [0x000000070c600000, 0x000000070cb3e9d0, 0x000000070dc00000)
  to   space 22528K,   0% used [0x000000070b000000, 0x000000070b000000, 0x000000070c600000)
 tenured generation   total 450416K, used 409823K [0x0000000740000000, 0x000000075b7dc000, 0x00000007c0000000)
   the space 450416K,  90% used [0x0000000740000000, 0x0000000759037f68, 0x0000000759038000, 0x000000075b7dc000)
 Metaspace       used 56250K, capacity 62501K, committed 62848K, reserved 1103872K
  class space    used 7726K, capacity 9243K, committed 9344K, reserved 1048576K
}
Event: 11961.580 GC heap before
{Heap before GC invocations=1355 (full 10):
 def new generation   total 202752K, used 185594K [0x0000000700000000, 0x000000070dc00000, 0x0000000740000000)
  eden space 180224K, 100% used [0x0000000700000000, 0x000000070b000000, 0x000000070b000000)
  from space 22528K,  23% used [0x000000070c600000, 0x000000070cb3e9d0, 0x000000070dc00000)
  to   space 22528K,   0% used [0x000000070b000000, 0x000000070b000000, 0x000000070c600000)
 tenured generation   total 450416K, used 409823K [0x0000000740000000, 0x000000075b7dc000, 0x00000007c0000000)
   the space 450416K,  90% used [0x0000000740000000, 0x0000000759037f68, 0x0000000759038000, 0x000000075b7dc000)
 Metaspace       used 56250K, capacity 62501K, committed 62848K, reserved 1103872K
  class space    used 7726K, capacity 9243K, committed 9344K, reserved 1048576K
Event: 11961.591 GC heap after
Heap after GC invocations=1356 (full 10):
 def new generation   total 202752K, used 5607K [0x0000000700000000, 0x000000070dc00000, 0x0000000740000000)
  eden space 180224K,   0% used [0x0000000700000000, 0x0000000700000000, 0x000000070b000000)
  from space 22528K,  24% used [0x000000070b000000, 0x000000070b579c68, 0x000000070c600000)
  to   space 22528K,   0% used [0x000000070c600000, 0x000000070c600000, 0x000000070dc00000)
 tenured generation   total 450416K, used 409872K [0x0000000740000000, 0x000000075b7dc000, 0x00000007c0000000)
   the space 450416K,  90% used [0x0000000740000000, 0x0000000759044380, 0x0000000759044400, 0x000000075b7dc000)
 Metaspace       used 56250K, capacity 62501K, committed 62848K, reserved 1103872K
  class space    used 7726K, capacity 9243K, committed 9344K, reserved 1048576K
}
Event: 11962.643 GC heap before
{Heap before GC invocations=1356 (full 10):
 def new generation   total 202752K, used 185831K [0x0000000700000000, 0x000000070dc00000, 0x0000000740000000)
  eden space 180224K, 100% used [0x0000000700000000, 0x000000070b000000, 0x000000070b000000)
  from space 22528K,  24% used [0x000000070b000000, 0x000000070b579c68, 0x000000070c600000)
  to   space 22528K,   0% used [0x000000070c600000, 0x000000070c600000, 0x000000070dc00000)
 tenured generation   total 450416K, used 409872K [0x0000000740000000, 0x000000075b7dc000, 0x00000007c0000000)
   the space 450416K,  90% used [0x0000000740000000, 0x0000000759044380, 0x0000000759044400, 0x000000075b7dc000)
 Metaspace       used 56250K, capacity 62501K, committed 62848K, reserved 1103872K
  class space    used 7726K, capacity 9243K, committed 9344K, reserved 1048576K
Event: 11962.653 GC heap after
Heap after GC invocations=1357 (full 10):
 def new generation   total 202752K, used 5584K [0x0000000700000000, 0x000000070dc00000, 0x0000000740000000)
  eden space 180224K,   0% used [0x0000000700000000, 0x0000000700000000, 0x000000070b000000)
  from space 22528K,  24% used [0x000000070c600000, 0x000000070cb74138, 0x000000070dc00000)
  to   space 22528K,   0% used [0x000000070b000000, 0x000000070b000000, 0x000000070c600000)
 tenured generation   total 450416K, used 409975K [0x0000000740000000, 0x000000075b7dc000, 0x00000007c0000000)
   the space 450416K,  91% used [0x0000000740000000, 0x000000075905dc80, 0x000000075905de00, 0x000000075b7dc000)
 Metaspace       used 56250K, capacity 62501K, committed 62848K, reserved 1103872K
  class space    used 7726K, capacity 9243K, committed 9344K, reserved 1048576K
}
Event: 11963.617 GC heap before
{Heap before GC invocations=1357 (full 10):
 def new generation   total 202752K, used 185808K [0x0000000700000000, 0x000000070dc00000, 0x0000000740000000)
  eden space 180224K, 100% used [0x0000000700000000, 0x000000070b000000, 0x000000070b000000)
  from space 22528K,  24% used [0x000000070c600000, 0x000000070cb74138, 0x000000070dc00000)
  to   space 22528K,   0% used [0x000000070b000000, 0x000000070b000000, 0x000000070c600000)
 tenured generation   total 450416K, used 409975K [0x0000000740000000, 0x000000075b7dc000, 0x00000007c0000000)
   the space 450416K,  91% used [0x0000000740000000, 0x000000075905dc80, 0x000000075905de00, 0x000000075b7dc000)
 Metaspace       used 56250K, capacity 62501K, committed 62848K, reserved 1103872K
  class space    used 7726K, capacity 9243K, committed 9344K, reserved 1048576K
Event: 11963.629 GC heap after
Heap after GC invocations=1358 (full 10):
 def new generation   total 202752K, used 6363K [0x0000000700000000, 0x000000070dc00000, 0x0000000740000000)
  eden space 180224K,   0% used [0x0000000700000000, 0x0000000700000000, 0x000000070b000000)
  from space 22528K,  28% used [0x000000070b000000, 0x000000070b636e60, 0x000000070c600000)
  to   space 22528K,   0% used [0x000000070c600000, 0x000000070c600000, 0x000000070dc00000)
 tenured generation   total 450416K, used 410003K [0x0000000740000000, 0x000000075b7dc000, 0x00000007c0000000)
   the space 450416K,  91% used [0x0000000740000000, 0x0000000759064c28, 0x0000000759064e00, 0x000000075b7dc000)
 Metaspace       used 56250K, capacity 62501K, committed 62848K, reserved 1103872K
  class space    used 7726K, capacity 9243K, committed 9344K, reserved 1048576K
}
Event: 11964.682 GC heap before
{Heap before GC invocations=1358 (full 10):
 def new generation   total 202752K, used 186587K [0x0000000700000000, 0x000000070dc00000, 0x0000000740000000)
  eden space 180224K, 100% used [0x0000000700000000, 0x000000070b000000, 0x000000070b000000)
  from space 22528K,  28% used [0x000000070b000000, 0x000000070b636e60, 0x000000070c600000)
  to   space 22528K,   0% used [0x000000070c600000, 0x000000070c600000, 0x000000070dc00000)
 tenured generation   total 450416K, used 410003K [0x0000000740000000, 0x000000075b7dc000, 0x00000007c0000000)
   the space 450416K,  91% used [0x0000000740000000, 0x0000000759064c28, 0x0000000759064e00, 0x000000075b7dc000)
 Metaspace       used 56251K, capacity 62501K, committed 62848K, reserved 1103872K
  class space    used 7726K, capacity 9243K, committed 9344K, reserved 1048576K
Event: 11964.693 GC heap after
Heap after GC invocations=1359 (full 10):
 def new generation   total 202752K, used 6375K [0x0000000700000000, 0x000000070dc00000, 0x0000000740000000)
  eden space 180224K,   0% used [0x0000000700000000, 0x0000000700000000, 0x000000070b000000)
  from space 22528K,  28% used [0x000000070c600000, 0x000000070cc39da0, 0x000000070dc00000)
  to   space 22528K,   0% used [0x000000070b000000, 0x000000070b000000, 0x000000070c600000)
 tenured generation   total 450416K, used 410016K [0x0000000740000000, 0x000000075b7dc000, 0x00000007c0000000)
   the space 450416K,  91% used [0x0000000740000000, 0x0000000759068398, 0x0000000759068400, 0x000000075b7dc000)
 Metaspace       used 56251K, capacity 62501K, committed 62848K, reserved 1103872K
  class space    used 7726K, capacity 9243K, committed 9344K, reserved 1048576K
}
Event: 11965.746 GC heap before
{Heap before GC invocations=1359 (full 10):
 def new generation   total 202752K, used 186599K [0x0000000700000000, 0x000000070dc00000, 0x0000000740000000)
  eden space 180224K, 100% used [0x0000000700000000, 0x000000070b000000, 0x000000070b000000)
  from space 22528K,  28% used [0x000000070c600000, 0x000000070cc39da0, 0x000000070dc00000)
  to   space 22528K,   0% used [0x000000070b000000, 0x000000070b000000, 0x000000070c600000)
 tenured generation   total 450416K, used 410016K [0x0000000740000000, 0x000000075b7dc000, 0x00000007c0000000)
   the space 450416K,  91% used [0x0000000740000000, 0x0000000759068398, 0x0000000759068400, 0x000000075b7dc000)
 Metaspace       used 56252K, capacity 62501K, committed 62848K, reserved 1103872K
  class space    used 7726K, capacity 9243K, committed 9344K, reserved 1048576K
Event: 11965.757 GC heap after
Heap after GC invocations=1360 (full 10):
 def new generation   total 202752K, used 6358K [0x0000000700000000, 0x000000070dc00000, 0x0000000740000000)
  eden space 180224K,   0% used [0x0000000700000000, 0x0000000700000000, 0x000000070b000000)
  from space 22528K,  28% used [0x000000070b000000, 0x000000070b6358d8, 0x000000070c600000)
  to   space 22528K,   0% used [0x000000070c600000, 0x000000070c600000, 0x000000070dc00000)
 tenured generation   total 450416K, used 410167K [0x0000000740000000, 0x000000075b7dc000, 0x00000007c0000000)
   the space 450416K,  91% used [0x0000000740000000, 0x000000075908dc38, 0x000000075908de00, 0x000000075b7dc000)
 Metaspace       used 56252K, capacity 62501K, committed 62848K, reserved 1103872K
  class space    used 7726K, capacity 9243K, committed 9344K, reserved 1048576K
}
Event: 11966.866 GC heap before
{Heap before GC invocations=1360 (full 10):
 def new generation   total 202752K, used 186582K [0x0000000700000000, 0x000000070dc00000, 0x0000000740000000)
  eden space 180224K, 100% used [0x0000000700000000, 0x000000070b000000, 0x000000070b000000)
  from space 22528K,  28% used [0x000000070b000000, 0x000000070b6358d8, 0x000000070c600000)
  to   space 22528K,   0% used [0x000000070c600000, 0x000000070c600000, 0x000000070dc00000)
 tenured generation   total 450416K, used 410167K [0x0000000740000000, 0x000000075b7dc000, 0x00000007c0000000)
   the space 450416K,  91% used [0x0000000740000000, 0x000000075908dc38, 0x000000075908de00, 0x000000075b7dc000)
 Metaspace       used 56254K, capacity 62501K, committed 62848K, reserved 1103872K
  class space    used 7727K, capacity 9243K, committed 9344K, reserved 1048576K
Event: 11966.879 GC heap after
Heap after GC invocations=1361 (full 10):
 def new generation   total 202752K, used 4068K [0x0000000700000000, 0x000000070dc00000, 0x0000000740000000)
  eden space 180224K,   0% used [0x0000000700000000, 0x0000000700000000, 0x000000070b000000)
  from space 22528K,  18% used [0x000000070c600000, 0x000000070c9f91e8, 0x000000070dc00000)
  to   space 22528K,   0% used [0x000000070b000000, 0x000000070b000000, 0x000000070c600000)
 tenured generation   total 450416K, used 412549K [0x0000000740000000, 0x000000075b7dc000, 0x00000007c0000000)
   the space 450416K,  91% used [0x0000000740000000, 0x00000007592e1780, 0x00000007592e1800, 0x000000075b7dc000)
 Metaspace       used 56254K, capacity 62501K, committed 62848K, reserved 1103872K
  class space    used 7727K, capacity 9243K, committed 9344K, reserved 1048576K
}
Event: 11967.955 GC heap before
{Heap before GC invocations=1361 (full 10):
 def new generation   total 202752K, used 184292K [0x0000000700000000, 0x000000070dc00000, 0x0000000740000000)
  eden space 180224K, 100% used [0x0000000700000000, 0x000000070b000000, 0x000000070b000000)
  from space 22528K,  18% used [0x000000070c600000, 0x000000070c9f91e8, 0x000000070dc00000)
  to   space 22528K,   0% used [0x000000070b000000, 0x000000070b000000, 0x000000070c600000)
 tenured generation   total 450416K, used 412549K [0x0000000740000000, 0x000000075b7dc000, 0x00000007c0000000)
   the space 450416K,  91% used [0x0000000740000000, 0x00000007592e1780, 0x00000007592e1800, 0x000000075b7dc000)
 Metaspace       used 56254K, capacity 62501K, committed 62848K, reserved 1103872K
  class space    used 7727K, capacity 9243K, committed 9344K, reserved 1048576K
Event: 11967.969 GC heap after
Heap after GC invocations=1362 (full 10):
 def new generation   total 202752K, used 4248K [0x0000000700000000, 0x000000070dc00000, 0x0000000740000000)
  eden space 180224K,   0% used [0x0000000700000000, 0x0000000700000000, 0x000000070b000000)
  from space 22528K,  18% used [0x000000070b000000, 0x000000070b426318, 0x000000070c600000)
  to   space 22528K,   0% used [0x000000070c600000, 0x000000070c600000, 0x000000070dc00000)
 tenured generation   total 450416K, used 412561K [0x0000000740000000, 0x000000075b7dc000, 0x00000007c0000000)
   the space 450416K,  91% used [0x0000000740000000, 0x00000007592e4710, 0x00000007592e4800, 0x000000075b7dc000)
 Metaspace       used 56254K, capacity 62501K, committed 62848K, reserved 1103872K
  class space    used 7727K, capacity 9243K, committed 9344K, reserved 1048576K
}
Event: 11968.926 GC heap before
{Heap before GC invocations=1362 (full 10):
 def new generation   total 202752K, used 184472K [0x0000000700000000, 0x000000070dc00000, 0x0000000740000000)
  eden space 180224K, 100% used [0x0000000700000000, 0x000000070b000000, 0x000000070b000000)
  from space 22528K,  18% used [0x000000070b000000, 0x000000070b426318, 0x000000070c600000)
  to   space 22528K,   0% used [0x000000070c600000, 0x000000070c600000, 0x000000070dc00000)
 tenured generation   total 450416K, used 412561K [0x0000000740000000, 0x000000075b7dc000, 0x00000007c0000000)
   the space 450416K,  91% used [0x0000000740000000, 0x00000007592e4710, 0x00000007592e4800, 0x000000075b7dc000)
 Metaspace       used 56257K, capacity 62501K, committed 62848K, reserved 1103872K
  class space    used 7728K, capacity 9243K, committed 9344K, reserved 1048576K
Event: 11968.936 GC heap after
Heap after GC invocations=1363 (full 10):
 def new generation   total 202752K, used 4313K [0x0000000700000000, 0x000000070dc00000, 0x0000000740000000)
  eden space 180224K,   0% used [0x0000000700000000, 0x0000000700000000, 0x000000070b000000)
  from space 22528K,  19% used [0x000000070c600000, 0x000000070ca36530, 0x000000070dc00000)
  to   space 22528K,   0% used [0x000000070b000000, 0x000000070b000000, 0x000000070c600000)
 tenured generation   total 450416K, used 412687K [0x0000000740000000, 0x000000075b7dc000, 0x00000007c0000000)
   the space 450416K,  91% used [0x0000000740000000, 0x0000000759303ea8, 0x0000000759304000, 0x000000075b7dc000)
 Metaspace       used 56257K, capacity 62501K, committed 62848K, reserved 1103872K
  class space    used 7728K, capacity 9243K, committed 9344K, reserved 1048576K
}
Event: 11970.026 GC heap before
{Heap before GC invocations=1363 (full 10):
 def new generation   total 202752K, used 184537K [0x0000000700000000, 0x000000070dc00000, 0x0000000740000000)
  eden space 180224K, 100% used [0x0000000700000000, 0x000000070b000000, 0x000000070b000000)
  from space 22528K,  19% used [0x000000070c600000, 0x000000070ca36530, 0x000000070dc00000)
  to   space 22528K,   0% used [0x000000070b000000, 0x000000070b000000, 0x000000070c600000)
 tenured generation   total 450416K, used 412687K [0x0000000740000000, 0x000000075b7dc000, 0x00000007c0000000)
   the space 450416K,  91% used [0x0000000740000000, 0x0000000759303ea8, 0x0000000759304000, 0x000000075b7dc000)
 Metaspace       used 56369K, capacity 62567K, committed 62848K, reserved 1103872K
  class space    used 7737K, capacity 9244K, committed 9344K, reserved 1048576K
Event: 11970.035 GC heap after
Heap after GC invocations=1364 (full 10):
 def new generation   total 202752K, used 4320K [0x0000000700000000, 0x000000070dc00000, 0x0000000740000000)
  eden space 180224K,   0% used [0x0000000700000000, 0x0000000700000000, 0x000000070b000000)
  from space 22528K,  19% used [0x000000070b000000, 0x000000070b438310, 0x000000070c600000)
  to   space 22528K,   0% used [0x000000070c600000, 0x000000070c600000, 0x000000070dc00000)
 tenured generation   total 450416K, used 412894K [0x0000000740000000, 0x000000075b7dc000, 0x00000007c0000000)
   the space 450416K,  91% used [0x0000000740000000, 0x00000007593379c8, 0x0000000759337a00, 0x000000075b7dc000)
 Metaspace       used 56369K, capacity 62567K, committed 62848K, reserved 1103872K
  class space    used 7737K, capacity 9244K, committed 9344K, reserved 1048576K
}
Event: 11971.068 GC heap before
{Heap before GC invocations=1364 (full 10):
 def new generation   total 202752K, used 184544K [0x0000000700000000, 0x000000070dc00000, 0x0000000740000000)
  eden space 180224K, 100% used [0x0000000700000000, 0x000000070b000000, 0x000000070b000000)
  from space 22528K,  19% used [0x000000070b000000, 0x000000070b438310, 0x000000070c600000)
  to   space 22528K,   0% used [0x000000070c600000, 0x000000070c600000, 0x000000070dc00000)
 tenured generation   total 450416K, used 412894K [0x0000000740000000, 0x000000075b7dc000, 0x00000007c0000000)
   the space 450416K,  91% used [0x0000000740000000, 0x00000007593379c8, 0x0000000759337a00, 0x000000075b7dc000)
 Metaspace       used 56369K, capacity 62567K, committed 62848K, reserved 1103872K
  class space    used 7737K, capacity 9244K, committed 9344K, reserved 1048576K
Event: 11971.077 GC heap after
Heap after GC invocations=1365 (full 10):
 def new generation   total 202752K, used 4295K [0x0000000700000000, 0x000000070dc00000, 0x0000000740000000)
  eden space 180224K,   0% used [0x0000000700000000, 0x0000000700000000, 0x000000070b000000)
  from space 22528K,  19% used [0x000000070c600000, 0x000000070ca31db8, 0x000000070dc00000)
  to   space 22528K,   0% used [0x000000070b000000, 0x000000070b000000, 0x000000070c600000)
 tenured generation   total 450416K, used 412911K [0x0000000740000000, 0x000000075b7dc000, 0x00000007c0000000)
   the space 450416K,  91% used [0x0000000740000000, 0x000000075933bf10, 0x000000075933c000, 0x000000075b7dc000)
 Metaspace       used 56369K, capacity 62567K, committed 62848K, reserved 1103872K
  class space    used 7737K, capacity 9244K, committed 9344K, reserved 1048576K
}
Event: 11972.167 GC heap before
{Heap before GC invocations=1365 (full 10):
 def new generation   total 202752K, used 184519K [0x0000000700000000, 0x000000070dc00000, 0x0000000740000000)
  eden space 180224K, 100% used [0x0000000700000000, 0x000000070b000000, 0x000000070b000000)
  from space 22528K,  19% used [0x000000070c600000, 0x000000070ca31db8, 0x000000070dc00000)
  to   space 22528K,   0% used [0x000000070b000000, 0x000000070b000000, 0x000000070c600000)
 tenured generation   total 450416K, used 412911K [0x0000000740000000, 0x000000075b7dc000, 0x00000007c0000000)
   the space 450416K,  91% used [0x0000000740000000, 0x000000075933bf10, 0x000000075933c000, 0x000000075b7dc000)
 Metaspace       used 56375K, capacity 62567K, committed 62848K, reserved 1103872K
  class space    used 7737K, capacity 9244K, committed 9344K, reserved 1048576K
Event: 11972.177 GC heap after
Heap after GC invocations=1366 (full 10):
 def new generation   total 202752K, used 4380K [0x0000000700000000, 0x000000070dc00000, 0x0000000740000000)
  eden space 180224K,   0% used [0x0000000700000000, 0x0000000700000000, 0x000000070b000000)
  from space 22528K,  19% used [0x000000070b000000, 0x000000070b4470a8, 0x000000070c600000)
  to   space 22528K,   0% used [0x000000070c600000, 0x000000070c600000, 0x000000070dc00000)
 tenured generation   total 450416K, used 413064K [0x0000000740000000, 0x000000075b7dc000, 0x00000007c0000000)
   the space 450416K,  91% used [0x0000000740000000, 0x00000007593622a0, 0x0000000759362400, 0x000000075b7dc000)
 Metaspace       used 56375K, capacity 62567K, committed 62848K, reserved 1103872K
  class space    used 7737K, capacity 9244K, committed 9344K, reserved 1048576K
}
Event: 11973.227 GC heap before
{Heap before GC invocations=1366 (full 10):
 def new generation   total 202752K, used 184604K [0x0000000700000000, 0x000000070dc00000, 0x0000000740000000)
  eden space 180224K, 100% used [0x0000000700000000, 0x000000070b000000, 0x000000070b000000)
  from space 22528K,  19% used [0x000000070b000000, 0x000000070b4470a8, 0x000000070c600000)
  to   space 22528K,   0% used [0x000000070c600000, 0x000000070c600000, 0x000000070dc00000)
 tenured generation   total 450416K, used 413064K [0x0000000740000000, 0x000000075b7dc000, 0x00000007c0000000)
   the space 450416K,  91% used [0x0000000740000000, 0x00000007593622a0, 0x0000000759362400, 0x000000075b7dc000)
 Metaspace       used 56375K, capacity 62567K, committed 62848K, reserved 1103872K
  class space    used 7737K, capacity 9244K, committed 9344K, reserved 1048576K
Event: 11973.236 GC heap after
Heap after GC invocations=1367 (full 10):
 def new generation   total 202752K, used 4354K [0x0000000700000000, 0x000000070dc00000, 0x0000000740000000)
  eden space 180224K,   0% used [0x0000000700000000, 0x0000000700000000, 0x000000070b000000)
  from space 22528K,  19% used [0x000000070c600000, 0x000000070ca409d0, 0x000000070dc00000)
  to   space 22528K,   0% used [0x000000070b000000, 0x000000070b000000, 0x000000070c600000)
 tenured generation   total 450416K, used 413105K [0x0000000740000000, 0x000000075b7dc000, 0x00000007c0000000)
   the space 450416K,  91% used [0x0000000740000000, 0x000000075936c4a8, 0x000000075936c600, 0x000000075b7dc000)
 Metaspace       used 56375K, capacity 62567K, committed 62848K, reserved 1103872K
  class space    used 7737K, capacity 9244K, committed 9344K, reserved 1048576K
}
Event: 11974.267 GC heap before
{Heap before GC invocations=1367 (full 10):
 def new generation   total 202752K, used 184578K [0x0000000700000000, 0x000000070dc00000, 0x0000000740000000)
  eden space 180224K, 100% used [0x0000000700000000, 0x000000070b000000, 0x000000070b000000)
  from space 22528K,  19% used [0x000000070c600000, 0x000000070ca409d0, 0x000000070dc00000)
  to   space 22528K,   0% used [0x000000070b000000, 0x000000070b000000, 0x000000070c600000)
 tenured generation   total 450416K, used 413105K [0x0000000740000000, 0x000000075b7dc000, 0x00000007c0000000)
   the space 450416K,  91% used [0x0000000740000000, 0x000000075936c4a8, 0x000000075936c600, 0x000000075b7dc000)
 Metaspace       used 56377K, capacity 62567K, committed 62848K, reserved 1103872K
  class space    used 7737K, capacity 9244K, committed 9344K, reserved 1048576K
Event: 11974.277 GC heap after
Heap after GC invocations=1368 (full 10):
 def new generation   total 202752K, used 4269K [0x0000000700000000, 0x000000070dc00000, 0x0000000740000000)
  eden space 180224K,   0% used [0x0000000700000000, 0x0000000700000000, 0x000000070b000000)
  from space 22528K,  18% used [0x000000070b000000, 0x000000070b42b4d0, 0x000000070c600000)
  to   space 22528K,   0% used [0x000000070c600000, 0x000000070c600000, 0x000000070dc00000)
 tenured generation   total 450416K, used 413306K [0x0000000740000000, 0x000000075b7dc000, 0x00000007c0000000)
   the space 450416K,  91% used [0x0000000740000000, 0x000000075939eb90, 0x000000075939ec00, 0x000000075b7dc000)
 Metaspace       used 56377K, capacity 62567K, committed 62848K, reserved 1103872K
  class space    used 7737K, capacity 9244K, committed 9344K, reserved 1048576K
}
Event: 11975.339 GC heap before
{Heap before GC invocations=1368 (full 10):
 def new generation   total 202752K, used 184493K [0x0000000700000000, 0x000000070dc00000, 0x0000000740000000)
  eden space 180224K, 100% used [0x0000000700000000, 0x000000070b000000, 0x000000070b000000)
  from space 22528K,  18% used [0x000000070b000000, 0x000000070b42b4d0, 0x000000070c600000)
  to   space 22528K,   0% used [0x000000070c600000, 0x000000070c600000, 0x000000070dc00000)
 tenured generation   total 450416K, used 413306K [0x0000000740000000, 0x000000075b7dc000, 0x00000007c0000000)
   the space 450416K,  91% used [0x0000000740000000, 0x000000075939eb90, 0x000000075939ec00, 0x000000075b7dc000)
 Metaspace       used 56385K, capacity 62631K, committed 62848K, reserved 1103872K
  class space    used 7737K, capacity 9244K, committed 9344K, reserved 1048576K
Event: 11975.349 GC heap after
Heap after GC invocations=1369 (full 10):
 def new generation   total 202752K, used 4228K [0x0000000700000000, 0x000000070dc00000, 0x0000000740000000)
  eden space 180224K,   0% used [0x0000000700000000, 0x0000000700000000, 0x000000070b000000)
  from space 22528K,  18% used [0x000000070c600000, 0x000000070ca21170, 0x000000070dc00000)
  to   space 22528K,   0% used [0x000000070b000000, 0x000000070b000000, 0x000000070c600000)
 tenured generation   total 450416K, used 413361K [0x0000000740000000, 0x000000075b7dc000, 0x00000007c0000000)
   the space 450416K,  91% used [0x0000000740000000, 0x00000007593ac560, 0x00000007593ac600, 0x000000075b7dc000)
 Metaspace       used 56385K, capacity 62631K, committed 62848K, reserved 1103872K
  class space    used 7737K, capacity 9244K, committed 9344K, reserved 1048576K
}
Event: 11976.377 GC heap before
{Heap before GC invocations=1369 (full 10):
 def new generation   total 202752K, used 184452K [0x0000000700000000, 0x000000070dc00000, 0x0000000740000000)
  eden space 180224K, 100% used [0x0000000700000000, 0x000000070b000000, 0x000000070b000000)
  from space 22528K,  18% used [0x000000070c600000, 0x000000070ca21170, 0x000000070dc00000)
  to   space 22528K,   0% used [0x000000070b000000, 0x000000070b000000, 0x000000070c600000)
 tenured generation   total 450416K, used 413361K [0x0000000740000000, 0x000000075b7dc000, 0x00000007c0000000)
   the space 450416K,  91% used [0x0000000740000000, 0x00000007593ac560, 0x00000007593ac600, 0x000000075b7dc000)
 Metaspace       used 56406K, capacity 62635K, committed 62848K, reserved 1103872K
  class space    used 7737K, capacity 9244K, committed 9344K, reserved 1048576K
Event: 11976.387 GC heap after
Heap after GC invocations=1370 (full 10):
 def new generation   total 202752K, used 4458K [0x0000000700000000, 0x000000070dc00000, 0x0000000740000000)
  eden space 180224K,   0% used [0x0000000700000000, 0x0000000700000000, 0x000000070b000000)
  from space 22528K,  19% used [0x000000070b000000, 0x000000070b45aa38, 0x000000070c600000)
  to   space 22528K,   0% used [0x000000070c600000, 0x000000070c600000, 0x000000070dc00000)
 tenured generation   total 450416K, used 413472K [0x0000000740000000, 0x000000075b7dc000, 0x00000007c0000000)
   the space 450416K,  91% used [0x0000000740000000, 0x00000007593c8340, 0x00000007593c8400, 0x000000075b7dc000)
 Metaspace       used 56406K, capacity 62635K, committed 62848K, reserved 1103872K
  class space    used 7737K, capacity 9244K, committed 9344K, reserved 1048576K
}
Event: 11977.466 GC heap before
{Heap before GC invocations=1370 (full 10):
 def new generation   total 202752K, used 184682K [0x0000000700000000, 0x000000070dc00000, 0x0000000740000000)
  eden space 180224K, 100% used [0x0000000700000000, 0x000000070b000000, 0x000000070b000000)
  from space 22528K,  19% used [0x000000070b000000, 0x000000070b45aa38, 0x000000070c600000)
  to   space 22528K,   0% used [0x000000070c600000, 0x000000070c600000, 0x000000070dc00000)
 tenured generation   total 450416K, used 413472K [0x0000000740000000, 0x000000075b7dc000, 0x00000007c0000000)
   the space 450416K,  91% used [0x0000000740000000, 0x00000007593c8340, 0x00000007593c8400, 0x000000075b7dc000)
 Metaspace       used 56406K, capacity 62635K, committed 62848K, reserved 1103872K
  class space    used 7737K, capacity 9244K, committed 9344K, reserved 1048576K
Event: 11977.476 GC heap after
Heap after GC invocations=1371 (full 10):
 def new generation   total 202752K, used 4213K [0x0000000700000000, 0x000000070dc00000, 0x0000000740000000)
  eden space 180224K,   0% used [0x0000000700000000, 0x0000000700000000, 0x000000070b000000)
  from space 22528K,  18% used [0x000000070c600000, 0x000000070ca1d460, 0x000000070dc00000)
  to   space 22528K,   0% used [0x000000070b000000, 0x000000070b000000, 0x000000070c600000)
 tenured generation   total 450416K, used 413883K [0x0000000740000000, 0x000000075b7dc000, 0x00000007c0000000)
   the space 450416K,  91% used [0x0000000740000000, 0x000000075942ef30, 0x000000075942f000, 0x000000075b7dc000)
 Metaspace       used 56406K, capacity 62635K, committed 62848K, reserved 1103872K
  class space    used 7737K, capacity 9244K, committed 9344K, reserved 1048576K
}
Event: 11978.537 GC heap before
{Heap before GC invocations=1371 (full 10):
 def new generation   total 202752K, used 184437K [0x0000000700000000, 0x000000070dc00000, 0x0000000740000000)
  eden space 180224K, 100% used [0x0000000700000000, 0x000000070b000000, 0x000000070b000000)
  from space 22528K,  18% used [0x000000070c600000, 0x000000070ca1d460, 0x000000070dc00000)
  to   space 22528K,   0% used [0x000000070b000000, 0x000000070b000000, 0x000000070c600000)
 tenured generation   total 450416K, used 413883K [0x0000000740000000, 0x000000075b7dc000, 0x00000007c0000000)
   the space 450416K,  91% used [0x0000000740000000, 0x000000075942ef30, 0x000000075942f000, 0x000000075b7dc000)
 Metaspace       used 56410K, capacity 62635K, committed 62848K, reserved 1103872K
  class space    used 7737K, capacity 9244K, committed 9344K, reserved 1048576K
Event: 11978.547 GC heap after
Heap after GC invocations=1372 (full 10):
 def new generation   total 202752K, used 4117K [0x0000000700000000, 0x000000070dc00000, 0x0000000740000000)
  eden space 180224K,   0% used [0x0000000700000000, 0x0000000700000000, 0x000000070b000000)
  from space 22528K,  18% used [0x000000070b000000, 0x000000070b405740, 0x000000070c600000)
  to   space 22528K,   0% used [0x000000070c600000, 0x000000070c600000, 0x000000070dc00000)
 tenured generation   total 450416K, used 414061K [0x0000000740000000, 0x000000075b7dc000, 0x00000007c0000000)
   the space 450416K,  91% used [0x0000000740000000, 0x000000075945b690, 0x000000075945b800, 0x000000075b7dc000)
 Metaspace       used 56410K, capacity 62635K, committed 62848K, reserved 1103872K
  class space    used 7737K, capacity 9244K, committed 9344K, reserved 1048576K
}
Event: 11979.578 GC heap before
{Heap before GC invocations=1372 (full 10):
 def new generation   total 202752K, used 184341K [0x0000000700000000, 0x000000070dc00000, 0x0000000740000000)
  eden space 180224K, 100% used [0x0000000700000000, 0x000000070b000000, 0x000000070b000000)
  from space 22528K,  18% used [0x000000070b000000, 0x000000070b405740, 0x000000070c600000)
  to   space 22528K,   0% used [0x000000070c600000, 0x000000070c600000, 0x000000070dc00000)
 tenured generation   total 450416K, used 414061K [0x0000000740000000, 0x000000075b7dc000, 0x00000007c0000000)
   the space 450416K,  91% used [0x0000000740000000, 0x000000075945b690, 0x000000075945b800, 0x000000075b7dc000)
 Metaspace       used 56410K, capacity 62635K, committed 62848K, reserved 1103872K
  class space    used 7737K, capacity 9244K, committed 9344K, reserved 1048576K
Event: 11979.588 GC heap after
Heap after GC invocations=1373 (full 10):
 def new generation   total 202752K, used 3555K [0x0000000700000000, 0x000000070dc00000, 0x0000000740000000)
  eden space 180224K,   0% used [0x0000000700000000, 0x0000000700000000, 0x000000070b000000)
  from space 22528K,  15% used [0x000000070c600000, 0x000000070c978d88, 0x000000070dc00000)
  to   space 22528K,   0% used [0x000000070b000000, 0x000000070b000000, 0x000000070c600000)
 tenured generation   total 450416K, used 414796K [0x0000000740000000, 0x000000075b7dc000, 0x00000007c0000000)
   the space 450416K,  92% used [0x0000000740000000, 0x0000000759513300, 0x0000000759513400, 0x000000075b7dc000)
 Metaspace       used 56410K, capacity 62635K, committed 62848K, reserved 1103872K
  class space    used 7737K, capacity 9244K, committed 9344K, reserved 1048576K
}
Event: 11980.545 GC heap before
{Heap before GC invocations=1373 (full 10):
 def new generation   total 202752K, used 183779K [0x0000000700000000, 0x000000070dc00000, 0x0000000740000000)
  eden space 180224K, 100% used [0x0000000700000000, 0x000000070b000000, 0x000000070b000000)
  from space 22528K,  15% used [0x000000070c600000, 0x000000070c978d88, 0x000000070dc00000)
  to   space 22528K,   0% used [0x000000070b000000, 0x000000070b000000, 0x000000070c600000)
 tenured generation   total 450416K, used 414796K [0x0000000740000000, 0x000000075b7dc000, 0x00000007c0000000)
   the space 450416K,  92% used [0x0000000740000000, 0x0000000759513300, 0x0000000759513400, 0x000000075b7dc000)
 Metaspace       used 56410K, capacity 62635K, committed 62848K, reserved 1103872K
  class space    used 7737K, capacity 9244K, committed 9344K, reserved 1048576K
Event: 11980.555 GC heap after
Heap after GC invocations=1374 (full 10):
 def new generation   total 202752K, used 3600K [0x0000000700000000, 0x000000070dc00000, 0x0000000740000000)
  eden space 180224K,   0% used [0x0000000700000000, 0x0000000700000000, 0x000000070b000000)
  from space 22528K,  15% used [0x000000070b000000, 0x000000070b384100, 0x000000070c600000)
  to   space 22528K,   0% used [0x000000070c600000, 0x000000070c600000, 0x000000070dc00000)
 tenured generation   total 450416K, used 414904K [0x0000000740000000, 0x000000075b7dc000, 0x00000007c0000000)
   the space 450416K,  92% used [0x0000000740000000, 0x000000075952e218, 0x000000075952e400, 0x000000075b7dc000)
 Metaspace       used 56410K, capacity 62635K, committed 62848K, reserved 1103872K
  class space    used 7737K, capacity 9244K, committed 9344K, reserved 1048576K
}
Event: 11981.628 GC heap before
{Heap before GC invocations=1374 (full 10):
 def new generation   total 202752K, used 183824K [0x0000000700000000, 0x000000070dc00000, 0x0000000740000000)
  eden space 180224K, 100% used [0x0000000700000000, 0x000000070b000000, 0x000000070b000000)
  from space 22528K,  15% used [0x000000070b000000, 0x000000070b384100, 0x000000070c600000)
  to   space 22528K,   0% used [0x000000070c600000, 0x000000070c600000, 0x000000070dc00000)
 tenured generation   total 450416K, used 414904K [0x0000000740000000, 0x000000075b7dc000, 0x00000007c0000000)
   the space 450416K,  92% used [0x0000000740000000, 0x000000075952e218, 0x000000075952e400, 0x000000075b7dc000)
 Metaspace       used 56410K, capacity 62635K, committed 62848K, reserved 1103872K
  class space    used 7737K, capacity 9244K, committed 9344K, reserved 1048576K
Event: 11981.636 GC heap after
Heap after GC invocations=1375 (full 10):
 def new generation   total 202752K, used 3387K [0x0000000700000000, 0x000000070dc00000, 0x0000000740000000)
  eden space 180224K,   0% used [0x0000000700000000, 0x0000000700000000, 0x000000070b000000)
  from space 22528K,  15% used [0x000000070c600000, 0x000000070c94ec40, 0x000000070dc00000)
  to   space 22528K,   0% used [0x000000070b000000, 0x000000070b000000, 0x000000070c600000)
 tenured generation   total 450416K, used 415027K [0x0000000740000000, 0x000000075b7dc000, 0x00000007c0000000)
   the space 450416K,  92% used [0x0000000740000000, 0x000000075954cd58, 0x000000075954ce00, 0x000000075b7dc000)
 Metaspace       used 56410K, capacity 62635K, committed 62848K, reserved 1103872K
  class space    used 7737K, capacity 9244K, committed 9344K, reserved 1048576K
}
Event: 11982.731 GC heap before
{Heap before GC invocations=1375 (full 10):
 def new generation   total 202752K, used 183611K [0x0000000700000000, 0x000000070dc00000, 0x0000000740000000)
  eden space 180224K, 100% used [0x0000000700000000, 0x000000070b000000, 0x000000070b000000)
  from space 22528K,  15% used [0x000000070c600000, 0x000000070c94ec40, 0x000000070dc00000)
  to   space 22528K,   0% used [0x000000070b000000, 0x000000070b000000, 0x000000070c600000)
 tenured generation   total 450416K, used 415027K [0x0000000740000000, 0x000000075b7dc000, 0x00000007c0000000)
   the space 450416K,  92% used [0x0000000740000000, 0x000000075954cd58, 0x000000075954ce00, 0x000000075b7dc000)
 Metaspace       used 56410K, capacity 62635K, committed 62848K, reserved 1103872K
  class space    used 7737K, capacity 9244K, committed 9344K, reserved 1048576K
Event: 11982.739 GC heap after
Heap after GC invocations=1376 (full 10):
 def new generation   total 202752K, used 3232K [0x0000000700000000, 0x000000070dc00000, 0x0000000740000000)
  eden space 180224K,   0% used [0x0000000700000000, 0x0000000700000000, 0x000000070b000000)
  from space 22528K,  14% used [0x000000070b000000, 0x000000070b328388, 0x000000070c600000)
  to   space 22528K,   0% used [0x000000070c600000, 0x000000070c600000, 0x000000070dc00000)
 tenured generation   total 450416K, used 415175K [0x0000000740000000, 0x000000075b7dc000, 0x00000007c0000000)
   the space 450416K,  92% used [0x0000000740000000, 0x0000000759571ce8, 0x0000000759571e00, 0x000000075b7dc000)
 Metaspace       used 56410K, capacity 62635K, committed 62848K, reserved 1103872K
  class space    used 7737K, capacity 9244K, committed 9344K, reserved 1048576K
}
Event: 11983.733 GC heap before
{Heap before GC invocations=1376 (full 10):
 def new generation   total 202752K, used 183456K [0x0000000700000000, 0x000000070dc00000, 0x0000000740000000)
  eden space 180224K, 100% used [0x0000000700000000, 0x000000070b000000, 0x000000070b000000)
  from space 22528K,  14% used [0x000000070b000000, 0x000000070b328388, 0x000000070c600000)
  to   space 22528K,   0% used [0x000000070c600000, 0x000000070c600000, 0x000000070dc00000)
 tenured generation   total 450416K, used 415175K [0x0000000740000000, 0x000000075b7dc000, 0x00000007c0000000)
   the space 450416K,  92% used [0x0000000740000000, 0x0000000759571ce8, 0x0000000759571e00, 0x000000075b7dc000)
 Metaspace       used 56411K, capacity 62635K, committed 62848K, reserved 1103872K
  class space    used 7737K, capacity 9244K, committed 9344K, reserved 1048576K
Event: 11983.742 GC heap after
Heap after GC invocations=1377 (full 10):
 def new generation   total 202752K, used 3572K [0x0000000700000000, 0x000000070dc00000, 0x0000000740000000)
  eden space 180224K,   0% used [0x0000000700000000, 0x0000000700000000, 0x000000070b000000)
  from space 22528K,  15% used [0x000000070c600000, 0x000000070c97d280, 0x000000070dc00000)
  to   space 22528K,   0% used [0x000000070b000000, 0x000000070b000000, 0x000000070c600000)
 tenured generation   total 450416K, used 415328K [0x0000000740000000, 0x000000075b7dc000, 0x00000007c0000000)
   the space 450416K,  92% used [0x0000000740000000, 0x0000000759598268, 0x0000000759598400, 0x000000075b7dc000)
 Metaspace       used 56411K, capacity 62635K, committed 62848K, reserved 1103872K
  class space    used 7737K, capacity 9244K, committed 9344K, reserved 1048576K
}
Event: 11984.768 GC heap before
{Heap before GC invocations=1377 (full 10):
 def new generation   total 202752K, used 183796K [0x0000000700000000, 0x000000070dc00000, 0x0000000740000000)
  eden space 180224K, 100% used [0x0000000700000000, 0x000000070b000000, 0x000000070b000000)
  from space 22528K,  15% used [0x000000070c600000, 0x000000070c97d280, 0x000000070dc00000)
  to   space 22528K,   0% used [0x000000070b000000, 0x000000070b000000, 0x000000070c600000)
 tenured generation   total 450416K, used 415328K [0x0000000740000000, 0x000000075b7dc000, 0x00000007c0000000)
   the space 450416K,  92% used [0x0000000740000000, 0x0000000759598268, 0x0000000759598400, 0x000000075b7dc000)
 Metaspace       used 56411K, capacity 62635K, committed 62848K, reserved 1103872K
  class space    used 7737K, capacity 9244K, committed 9344K, reserved 1048576K
Event: 11984.778 GC heap after
Heap after GC invocations=1378 (full 10):
 def new generation   total 202752K, used 3583K [0x0000000700000000, 0x000000070dc00000, 0x0000000740000000)
  eden space 180224K,   0% used [0x0000000700000000, 0x0000000700000000, 0x000000070b000000)
  from space 22528K,  15% used [0x000000070b000000, 0x000000070b37ff00, 0x000000070c600000)
  to   space 22528K,   0% used [0x000000070c600000, 0x000000070c600000, 0x000000070dc00000)
 tenured generation   total 450416K, used 415461K [0x0000000740000000, 0x000000075b7dc000, 0x00000007c0000000)
   the space 450416K,  92% used [0x0000000740000000, 0x00000007595b94d0, 0x00000007595b9600, 0x000000075b7dc000)
 Metaspace       used 56411K, capacity 62635K, committed 62848K, reserved 1103872K
  class space    used 7737K, capacity 9244K, committed 9344K, reserved 1048576K
}
Event: 11985.865 GC heap before
{Heap before GC invocations=1378 (full 10):
 def new generation   total 202752K, used 183807K [0x0000000700000000, 0x000000070dc00000, 0x0000000740000000)
  eden space 180224K, 100% used [0x0000000700000000, 0x000000070b000000, 0x000000070b000000)
  from space 22528K,  15% used [0x000000070b000000, 0x000000070b37ff00, 0x000000070c600000)
  to   space 22528K,   0% used [0x000000070c600000, 0x000000070c600000, 0x000000070dc00000)
 tenured generation   total 450416K, used 415461K [0x0000000740000000, 0x000000075b7dc000, 0x00000007c0000000)
   the space 450416K,  92% used [0x0000000740000000, 0x00000007595b94d0, 0x00000007595b9600, 0x000000075b7dc000)
 Metaspace       used 56411K, capacity 62635K, committed 62848K, reserved 1103872K
  class space    used 7737K, capacity 9244K, committed 9344K, reserved 1048576K
Event: 11985.874 GC heap after
Heap after GC invocations=1379 (full 10):
 def new generation   total 202752K, used 3404K [0x0000000700000000, 0x000000070dc00000, 0x0000000740000000)
  eden space 180224K,   0% used [0x0000000700000000, 0x0000000700000000, 0x000000070b000000)
  from space 22528K,  15% used [0x000000070c600000, 0x000000070c953280, 0x000000070dc00000)
  to   space 22528K,   0% used [0x000000070b000000, 0x000000070b000000, 0x000000070c600000)
 tenured generation   total 450416K, used 415673K [0x0000000740000000, 0x000000075b7dc000, 0x00000007c0000000)
   the space 450416K,  92% used [0x0000000740000000, 0x00000007595ee4e0, 0x00000007595ee600, 0x000000075b7dc000)
 Metaspace       used 56411K, capacity 62635K, committed 62848K, reserved 1103872K
  class space    used 7737K, capacity 9244K, committed 9344K, reserved 1048576K
}
Event: 11986.915 GC heap before
{Heap before GC invocations=1379 (full 10):
 def new generation   total 202752K, used 183628K [0x0000000700000000, 0x000000070dc00000, 0x0000000740000000)
  eden space 180224K,  99% used [0x0000000700000000, 0x000000070afffdd0, 0x000000070b000000)
  from space 22528K,  15% used [0x000000070c600000, 0x000000070c953280, 0x000000070dc00000)
  to   space 22528K,   0% used [0x000000070b000000, 0x000000070b000000, 0x000000070c600000)
 tenured generation   total 450416K, used 415673K [0x0000000740000000, 0x000000075b7dc000, 0x00000007c0000000)
   the space 450416K,  92% used [0x0000000740000000, 0x00000007595ee4e0, 0x00000007595ee600, 0x000000075b7dc000)
 Metaspace       used 56420K, capacity 62653K, committed 62848K, reserved 1103872K
  class space    used 7739K, capacity 9247K, committed 9344K, reserved 1048576K
Event: 11986.925 GC heap after
Heap after GC invocations=1380 (full 10):
 def new generation   total 202752K, used 4335K [0x0000000700000000, 0x000000070dc00000, 0x0000000740000000)
  eden space 180224K,   0% used [0x0000000700000000, 0x0000000700000000, 0x000000070b000000)
  from space 22528K,  19% used [0x000000070b000000, 0x000000070b43bca8, 0x000000070c600000)
  to   space 22528K,   0% used [0x000000070c600000, 0x000000070c600000, 0x000000070dc00000)
 tenured generation   total 450416K, used 415745K [0x0000000740000000, 0x000000075b7dc000, 0x00000007c0000000)
   the space 450416K,  92% used [0x0000000740000000, 0x00000007596005a0, 0x0000000759600600, 0x000000075b7dc000)
 Metaspace       used 56420K, capacity 62653K, committed 62848K, reserved 1103872K
  class space    used 7739K, capacity 9247K, committed 9344K, reserved 1048576K
}
Event: 11987.890 GC heap before
{Heap before GC invocations=1380 (full 10):
 def new generation   total 202752K, used 184559K [0x0000000700000000, 0x000000070dc00000, 0x0000000740000000)
  eden space 180224K, 100% used [0x0000000700000000, 0x000000070b000000, 0x000000070b000000)
  from space 22528K,  19% used [0x000000070b000000, 0x000000070b43bca8, 0x000000070c600000)
  to   space 22528K,   0% used [0x000000070c600000, 0x000000070c600000, 0x000000070dc00000)
 tenured generation   total 450416K, used 415745K [0x0000000740000000, 0x000000075b7dc000, 0x00000007c0000000)
   the space 450416K,  92% used [0x0000000740000000, 0x00000007596005a0, 0x0000000759600600, 0x000000075b7dc000)
 Metaspace       used 56420K, capacity 62653K, committed 62848K, reserved 1103872K
  class space    used 7739K, capacity 9247K, committed 9344K, reserved 1048576K
Event: 11987.902 GC heap after
Heap after GC invocations=1381 (full 10):
 def new generation   total 202752K, used 5566K [0x0000000700000000, 0x000000070dc00000, 0x0000000740000000)
  eden space 180224K,   0% used [0x0000000700000000, 0x0000000700000000, 0x000000070b000000)
  from space 22528K,  24% used [0x000000070c600000, 0x000000070cb6f9c0, 0x000000070dc00000)
  to   space 22528K,   0% used [0x000000070b000000, 0x000000070b000000, 0x000000070c600000)
 tenured generation   total 450416K, used 415972K [0x0000000740000000, 0x000000075b7dc000, 0x00000007c0000000)
   the space 450416K,  92% used [0x0000000740000000, 0x00000007596391d8, 0x0000000759639200, 0x000000075b7dc000)
 Metaspace       used 56420K, capacity 62653K, committed 62848K, reserved 1103872K
  class space    used 7739K, capacity 9247K, committed 9344K, reserved 1048576K
}
Event: 11989.025 GC heap before
{Heap before GC invocations=1381 (full 10):
 def new generation   total 202752K, used 185790K [0x0000000700000000, 0x000000070dc00000, 0x0000000740000000)
  eden space 180224K, 100% used [0x0000000700000000, 0x000000070b000000, 0x000000070b000000)
  from space 22528K,  24% used [0x000000070c600000, 0x000000070cb6f9c0, 0x000000070dc00000)
  to   space 22528K,   0% used [0x000000070b000000, 0x000000070b000000, 0x000000070c600000)
 tenured generation   total 450416K, used 415972K [0x0000000740000000, 0x000000075b7dc000, 0x00000007c0000000)
   the space 450416K,  92% used [0x0000000740000000, 0x00000007596391d8, 0x0000000759639200, 0x000000075b7dc000)
 Metaspace       used 56420K, capacity 62653K, committed 62848K, reserved 1103872K
  class space    used 7739K, capacity 9247K, committed 9344K, reserved 1048576K
Event: 11989.035 GC heap after
Heap after GC invocations=1382 (full 10):
 def new generation   total 202752K, used 5654K [0x0000000700000000, 0x000000070dc00000, 0x0000000740000000)
  eden space 180224K,   0% used [0x0000000700000000, 0x0000000700000000, 0x000000070b000000)
  from space 22528K,  25% used [0x000000070b000000, 0x000000070b5859b8, 0x000000070c600000)
  to   space 22528K,   0% used [0x000000070c600000, 0x000000070c600000, 0x000000070dc00000)
 tenured generation   total 450416K, used 415997K [0x0000000740000000, 0x000000075b7dc000, 0x00000007c0000000)
   the space 450416K,  92% used [0x0000000740000000, 0x000000075963f4b8, 0x000000075963f600, 0x000000075b7dc000)
 Metaspace       used 56420K, capacity 62653K, committed 62848K, reserved 1103872K
  class space    used 7739K, capacity 9247K, committed 9344K, reserved 1048576K
}
Event: 11990.085 GC heap before
{Heap before GC invocations=1382 (full 10):
 def new generation   total 202752K, used 185878K [0x0000000700000000, 0x000000070dc00000, 0x0000000740000000)
  eden space 180224K, 100% used [0x0000000700000000, 0x000000070b000000, 0x000000070b000000)
  from space 22528K,  25% used [0x000000070b000000, 0x000000070b5859b8, 0x000000070c600000)
  to   space 22528K,   0% used [0x000000070c600000, 0x000000070c600000, 0x000000070dc00000)
 tenured generation   total 450416K, used 415997K [0x0000000740000000, 0x000000075b7dc000, 0x00000007c0000000)
   the space 450416K,  92% used [0x0000000740000000, 0x000000075963f4b8, 0x000000075963f600, 0x000000075b7dc000)
 Metaspace       used 56420K, capacity 62653K, committed 62848K, reserved 1103872K
  class space    used 7739K, capacity 9247K, committed 9344K, reserved 1048576K
Event: 11990.096 GC heap after
Heap after GC invocations=1383 (full 10):
 def new generation   total 202752K, used 5723K [0x0000000700000000, 0x000000070dc00000, 0x0000000740000000)
  eden space 180224K,   0% used [0x0000000700000000, 0x0000000700000000, 0x000000070b000000)
  from space 22528K,  25% used [0x000000070c600000, 0x000000070cb96c10, 0x000000070dc00000)
  to   space 22528K,   0% used [0x000000070b000000, 0x000000070b000000, 0x000000070c600000)
 tenured generation   total 450416K, used 416079K [0x0000000740000000, 0x000000075b7dc000, 0x00000007c0000000)
   the space 450416K,  92% used [0x0000000740000000, 0x0000000759653d58, 0x0000000759653e00, 0x000000075b7dc000)
 Metaspace       used 56420K, capacity 62653K, committed 62848K, reserved 1103872K
  class space    used 7739K, capacity 9247K, committed 9344K, reserved 1048576K
}
Event: 11991.226 GC heap before
{Heap before GC invocations=1383 (full 10):
 def new generation   total 202752K, used 185947K [0x0000000700000000, 0x000000070dc00000, 0x0000000740000000)
  eden space 180224K, 100% used [0x0000000700000000, 0x000000070b000000, 0x000000070b000000)
  from space 22528K,  25% used [0x000000070c600000, 0x000000070cb96c10, 0x000000070dc00000)
  to   space 22528K,   0% used [0x000000070b000000, 0x000000070b000000, 0x000000070c600000)
 tenured generation   total 450416K, used 416079K [0x0000000740000000, 0x000000075b7dc000, 0x00000007c0000000)
   the space 450416K,  92% used [0x0000000740000000, 0x0000000759653d58, 0x0000000759653e00, 0x000000075b7dc000)
 Metaspace       used 56420K, capacity 62653K, committed 62848K, reserved 1103872K
  class space    used 7739K, capacity 9247K, committed 9344K, reserved 1048576K
Event: 11991.236 GC heap after
Heap after GC invocations=1384 (full 10):
 def new generation   total 202752K, used 5621K [0x0000000700000000, 0x000000070dc00000, 0x0000000740000000)
  eden space 180224K,   0% used [0x0000000700000000, 0x0000000700000000, 0x000000070b000000)
  from space 22528K,  24% used [0x000000070b000000, 0x000000070b57d5c8, 0x000000070c600000)
  to   space 22528K,   0% used [0x000000070c600000, 0x000000070c600000, 0x000000070dc00000)
 tenured generation   total 450416K, used 416196K [0x0000000740000000, 0x000000075b7dc000, 0x00000007c0000000)
   the space 450416K,  92% used [0x0000000740000000, 0x0000000759671368, 0x0000000759671400, 0x000000075b7dc000)
 Metaspace       used 56420K, capacity 62653K, committed 62848K, reserved 1103872K
  class space    used 7739K, capacity 9247K, committed 9344K, reserved 1048576K
}
Event: 11992.267 GC heap before
{Heap before GC invocations=1384 (full 10):
 def new generation   total 202752K, used 185845K [0x0000000700000000, 0x000000070dc00000, 0x0000000740000000)
  eden space 180224K, 100% used [0x0000000700000000, 0x000000070b000000, 0x000000070b000000)
  from space 22528K,  24% used [0x000000070b000000, 0x000000070b57d5c8, 0x000000070c600000)
  to   space 22528K,   0% used [0x000000070c600000, 0x000000070c600000, 0x000000070dc00000)
 tenured generation   total 450416K, used 416196K [0x0000000740000000, 0x000000075b7dc000, 0x00000007c0000000)
   the space 450416K,  92% used [0x0000000740000000, 0x0000000759671368, 0x0000000759671400, 0x000000075b7dc000)
 Metaspace       used 56420K, capacity 62653K, committed 62848K, reserved 1103872K
  class space    used 7739K, capacity 9247K, committed 9344K, reserved 1048576K
Event: 11992.278 GC heap after
Heap after GC invocations=1385 (full 10):
 def new generation   total 202752K, used 5551K [0x0000000700000000, 0x000000070dc00000, 0x0000000740000000)
  eden space 180224K,   0% used [0x0000000700000000, 0x0000000700000000, 0x000000070b000000)
  from space 22528K,  24% used [0x000000070c600000, 0x000000070cb6bea0, 0x000000070dc00000)
  to   space 22528K,   0% used [0x000000070b000000, 0x000000070b000000, 0x000000070c600000)
 tenured generation   total 450416K, used 416491K [0x0000000740000000, 0x000000075b7dc000, 0x00000007c0000000)
   the space 450416K,  92% used [0x0000000740000000, 0x00000007596bafa0, 0x00000007596bb000, 0x000000075b7dc000)
 Metaspace       used 56420K, capacity 62653K, committed 62848K, reserved 1103872K
  class space    used 7739K, capacity 9247K, committed 9344K, reserved 1048576K
}
Event: 11993.340 GC heap before
{Heap before GC invocations=1385 (full 10):
 def new generation   total 202752K, used 185775K [0x0000000700000000, 0x000000070dc00000, 0x0000000740000000)
  eden space 180224K, 100% used [0x0000000700000000, 0x000000070b000000, 0x000000070b000000)
  from space 22528K,  24% used [0x000000070c600000, 0x000000070cb6bea0, 0x000000070dc00000)
  to   space 22528K,   0% used [0x000000070b000000, 0x000000070b000000, 0x000000070c600000)
 tenured generation   total 450416K, used 416491K [0x0000000740000000, 0x000000075b7dc000, 0x00000007c0000000)
   the space 450416K,  92% used [0x0000000740000000, 0x00000007596bafa0, 0x00000007596bb000, 0x000000075b7dc000)
 Metaspace       used 56420K, capacity 62653K, committed 62848K, reserved 1103872K
  class space    used 7739K, capacity 9247K, committed 9344K, reserved 1048576K
Event: 11993.350 GC heap after
Heap after GC invocations=1386 (full 10):
 def new generation   total 202752K, used 5583K [0x0000000700000000, 0x000000070dc00000, 0x0000000740000000)
  eden space 180224K,   0% used [0x0000000700000000, 0x0000000700000000, 0x000000070b000000)
  from space 22528K,  24% used [0x000000070b000000, 0x000000070b573fb0, 0x000000070c600000)
  to   space 22528K,   0% used [0x000000070c600000, 0x000000070c600000, 0x000000070dc00000)
 tenured generation   total 450416K, used 416589K [0x0000000740000000, 0x000000075b7dc000, 0x00000007c0000000)
   the space 450416K,  92% used [0x0000000740000000, 0x00000007596d3520, 0x00000007596d3600, 0x000000075b7dc000)
 Metaspace       used 56420K, capacity 62653K, committed 62848K, reserved 1103872K
  class space    used 7739K, capacity 9247K, committed 9344K, reserved 1048576K
}
Event: 11994.478 GC heap before
{Heap before GC invocations=1386 (full 10):
 def new generation   total 202752K, used 185807K [0x0000000700000000, 0x000000070dc00000, 0x0000000740000000)
  eden space 180224K, 100% used [0x0000000700000000, 0x000000070b000000, 0x000000070b000000)
  from space 22528K,  24% used [0x000000070b000000, 0x000000070b573fb0, 0x000000070c600000)
  to   space 22528K,   0% used [0x000000070c600000, 0x000000070c600000, 0x000000070dc00000)
 tenured generation   total 450416K, used 416589K [0x0000000740000000, 0x000000075b7dc000, 0x00000007c0000000)
   the space 450416K,  92% used [0x0000000740000000, 0x00000007596d3520, 0x00000007596d3600, 0x000000075b7dc000)
 Metaspace       used 56420K, capacity 62653K, committed 62848K, reserved 1103872K
  class space    used 7739K, capacity 9247K, committed 9344K, reserved 1048576K
Event: 11994.489 GC heap after
Heap after GC invocations=1387 (full 10):
 def new generation   total 202752K, used 5510K [0x0000000700000000, 0x000000070dc00000, 0x0000000740000000)
  eden space 180224K,   0% used [0x0000000700000000, 0x0000000700000000, 0x000000070b000000)
  from space 22528K,  24% used [0x000000070c600000, 0x000000070cb618e8, 0x000000070dc00000)
  to   space 22528K,   0% used [0x000000070b000000, 0x000000070b000000, 0x000000070c600000)
 tenured generation   total 450416K, used 416630K [0x0000000740000000, 0x000000075b7dc000, 0x00000007c0000000)
   the space 450416K,  92% used [0x0000000740000000, 0x00000007596ddb38, 0x00000007596ddc00, 0x000000075b7dc000)
 Metaspace       used 56420K, capacity 62653K, committed 62848K, reserved 1103872K
  class space    used 7739K, capacity 9247K, committed 9344K, reserved 1048576K
}
Event: 11995.583 GC heap before
{Heap before GC invocations=1387 (full 10):
 def new generation   total 202752K, used 185734K [0x0000000700000000, 0x000000070dc00000, 0x0000000740000000)
  eden space 180224K, 100% used [0x0000000700000000, 0x000000070b000000, 0x000000070b000000)
  from space 22528K,  24% used [0x000000070c600000, 0x000000070cb618e8, 0x000000070dc00000)
  to   space 22528K,   0% used [0x000000070b000000, 0x000000070b000000, 0x000000070c600000)
 tenured generation   total 450416K, used 416630K [0x0000000740000000, 0x000000075b7dc000, 0x00000007c0000000)
   the space 450416K,  92% used [0x0000000740000000, 0x00000007596ddb38, 0x00000007596ddc00, 0x000000075b7dc000)
 Metaspace       used 56420K, capacity 62653K, committed 62848K, reserved 1103872K
  class space    used 7739K, capacity 9247K, committed 9344K, reserved 1048576K
Event: 11995.594 GC heap after
Heap after GC invocations=1388 (full 10):
 def new generation   total 202752K, used 5482K [0x0000000700000000, 0x000000070dc00000, 0x0000000740000000)
  eden space 180224K,   0% used [0x0000000700000000, 0x0000000700000000, 0x000000070b000000)
  from space 22528K,  24% used [0x000000070b000000, 0x000000070b55a850, 0x000000070c600000)
  to   space 22528K,   0% used [0x000000070c600000, 0x000000070c600000, 0x000000070dc00000)
 tenured generation   total 450416K, used 416797K [0x0000000740000000, 0x000000075b7dc000, 0x00000007c0000000)
   the space 450416K,  92% used [0x0000000740000000, 0x0000000759707778, 0x0000000759707800, 0x000000075b7dc000)
 Metaspace       used 56420K, capacity 62653K, committed 62848K, reserved 1103872K
  class space    used 7739K, capacity 9247K, committed 9344K, reserved 1048576K
}
Event: 11996.683 GC heap before
{Heap before GC invocations=1388 (full 10):
 def new generation   total 202752K, used 185706K [0x0000000700000000, 0x000000070dc00000, 0x0000000740000000)
  eden space 180224K, 100% used [0x0000000700000000, 0x000000070b000000, 0x000000070b000000)
  from space 22528K,  24% used [0x000000070b000000, 0x000000070b55a850, 0x000000070c600000)
  to   space 22528K,   0% used [0x000000070c600000, 0x000000070c600000, 0x000000070dc00000)
 tenured generation   total 450416K, used 416797K [0x0000000740000000, 0x000000075b7dc000, 0x00000007c0000000)
   the space 450416K,  92% used [0x0000000740000000, 0x0000000759707778, 0x0000000759707800, 0x000000075b7dc000)
 Metaspace       used 56421K, capacity 62653K, committed 62848K, reserved 1103872K
  class space    used 7739K, capacity 9247K, committed 9344K, reserved 1048576K
Event: 11996.693 GC heap after
Heap after GC invocations=1389 (full 10):
 def new generation   total 202752K, used 5430K [0x0000000700000000, 0x000000070dc00000, 0x0000000740000000)
  eden space 180224K,   0% used [0x0000000700000000, 0x0000000700000000, 0x000000070b000000)
  from space 22528K,  24% used [0x000000070c600000, 0x000000070cb4db48, 0x000000070dc00000)
  to   space 22528K,   0% used [0x000000070b000000, 0x000000070b000000, 0x000000070c600000)
 tenured generation   total 450416K, used 416981K [0x0000000740000000, 0x000000075b7dc000, 0x00000007c0000000)
   the space 450416K,  92% used [0x0000000740000000, 0x0000000759735758, 0x0000000759735800, 0x000000075b7dc000)
 Metaspace       used 56421K, capacity 62653K, committed 62848K, reserved 1103872K
  class space    used 7739K, capacity 9247K, committed 9344K, reserved 1048576K
}
Event: 11997.767 GC heap before
{Heap before GC invocations=1389 (full 10):
 def new generation   total 202752K, used 185654K [0x0000000700000000, 0x000000070dc00000, 0x0000000740000000)
  eden space 180224K, 100% used [0x0000000700000000, 0x000000070b000000, 0x000000070b000000)
  from space 22528K,  24% used [0x000000070c600000, 0x000000070cb4db48, 0x000000070dc00000)
  to   space 22528K,   0% used [0x000000070b000000, 0x000000070b000000, 0x000000070c600000)
 tenured generation   total 450416K, used 416981K [0x0000000740000000, 0x000000075b7dc000, 0x00000007c0000000)
   the space 450416K,  92% used [0x0000000740000000, 0x0000000759735758, 0x0000000759735800, 0x000000075b7dc000)
 Metaspace       used 56421K, capacity 62653K, committed 62848K, reserved 1103872K
  class space    used 7739K, capacity 9247K, committed 9344K, reserved 1048576K
Event: 11997.778 GC heap after
Heap after GC invocations=1390 (full 10):
 def new generation   total 202752K, used 6232K [0x0000000700000000, 0x000000070dc00000, 0x0000000740000000)
  eden space 180224K,   0% used [0x0000000700000000, 0x0000000700000000, 0x000000070b000000)
  from space 22528K,  27% used [0x000000070b000000, 0x000000070b6163d8, 0x000000070c600000)
  to   space 22528K,   0% used [0x000000070c600000, 0x000000070c600000, 0x000000070dc00000)
 tenured generation   total 450416K, used 416994K [0x0000000740000000, 0x000000075b7dc000, 0x00000007c0000000)
   the space 450416K,  92% used [0x0000000740000000, 0x00000007597389c0, 0x0000000759738a00, 0x000000075b7dc000)
 Metaspace       used 56421K, capacity 62653K, committed 62848K, reserved 1103872K
  class space    used 7739K, capacity 9247K, committed 9344K, reserved 1048576K
}
Event: 11998.781 GC heap before
{Heap before GC invocations=1390 (full 10):
 def new generation   total 202752K, used 186456K [0x0000000700000000, 0x000000070dc00000, 0x0000000740000000)
  eden space 180224K, 100% used [0x0000000700000000, 0x000000070b000000, 0x000000070b000000)
  from space 22528K,  27% used [0x000000070b000000, 0x000000070b6163d8, 0x000000070c600000)
  to   space 22528K,   0% used [0x000000070c600000, 0x000000070c600000, 0x000000070dc00000)
 tenured generation   total 450416K, used 416994K [0x0000000740000000, 0x000000075b7dc000, 0x00000007c0000000)
   the space 450416K,  92% used [0x0000000740000000, 0x00000007597389c0, 0x0000000759738a00, 0x000000075b7dc000)
 Metaspace       used 56421K, capacity 62653K, committed 62848K, reserved 1103872K
  class space    used 7739K, capacity 9247K, committed 9344K, reserved 1048576K
Event: 11998.793 GC heap after
Heap after GC invocations=1391 (full 10):
 def new generation   total 202752K, used 6536K [0x0000000700000000, 0x000000070dc00000, 0x0000000740000000)
  eden space 180224K,   0% used [0x0000000700000000, 0x0000000700000000, 0x000000070b000000)
  from space 22528K,  29% used [0x000000070c600000, 0x000000070cc621a8, 0x000000070dc00000)
  to   space 22528K,   0% used [0x000000070b000000, 0x000000070b000000, 0x000000070c600000)
 tenured generation   total 450416K, used 417005K [0x0000000740000000, 0x000000075b7dc000, 0x00000007c0000000)
   the space 450416K,  92% used [0x0000000740000000, 0x000000075973b6e0, 0x000000075973b800, 0x000000075b7dc000)
 Metaspace       used 56421K, capacity 62653K, committed 62848K, reserved 1103872K
  class space    used 7739K, capacity 9247K, committed 9344K, reserved 1048576K
}
Event: 11999.789 GC heap before
{Heap before GC invocations=1391 (full 10):
 def new generation   total 202752K, used 186760K [0x0000000700000000, 0x000000070dc00000, 0x0000000740000000)
  eden space 180224K, 100% used [0x0000000700000000, 0x000000070b000000, 0x000000070b000000)
  from space 22528K,  29% used [0x000000070c600000, 0x000000070cc621a8, 0x000000070dc00000)
  to   space 22528K,   0% used [0x000000070b000000, 0x000000070b000000, 0x000000070c600000)
 tenured generation   total 450416K, used 417005K [0x0000000740000000, 0x000000075b7dc000, 0x00000007c0000000)
   the space 450416K,  92% used [0x0000000740000000, 0x000000075973b6e0, 0x000000075973b800, 0x000000075b7dc000)
 Metaspace       used 56421K, capacity 62653K, committed 62848K, reserved 1103872K
  class space    used 7739K, capacity 9247K, committed 9344K, reserved 1048576K
Event: 11999.801 GC heap after
Heap after GC invocations=1392 (full 10):
 def new generation   total 202752K, used 6288K [0x0000000700000000, 0x000000070dc00000, 0x0000000740000000)
  eden space 180224K,   0% used [0x0000000700000000, 0x0000000700000000, 0x000000070b000000)
  from space 22528K,  27% used [0x000000070b000000, 0x000000070b6242b8, 0x000000070c600000)
  to   space 22528K,   0% used [0x000000070c600000, 0x000000070c600000, 0x000000070dc00000)
 tenured generation   total 450416K, used 417294K [0x0000000740000000, 0x000000075b7dc000, 0x00000007c0000000)
   the space 450416K,  92% used [0x0000000740000000, 0x0000000759783b70, 0x0000000759783c00, 0x000000075b7dc000)
 Metaspace       used 56421K, capacity 62653K, committed 62848K, reserved 1103872K
  class space    used 7739K, capacity 9247K, committed 9344K, reserved 1048576K
}
Event: 12000.870 GC heap before
{Heap before GC invocations=1392 (full 10):
 def new generation   total 202752K, used 186512K [0x0000000700000000, 0x000000070dc00000, 0x0000000740000000)
  eden space 180224K, 100% used [0x0000000700000000, 0x000000070b000000, 0x000000070b000000)
  from space 22528K,  27% used [0x000000070b000000, 0x000000070b6242b8, 0x000000070c600000)
  to   space 22528K,   0% used [0x000000070c600000, 0x000000070c600000, 0x000000070dc00000)
 tenured generation   total 450416K, used 417294K [0x0000000740000000, 0x000000075b7dc000, 0x00000007c0000000)
   the space 450416K,  92% used [0x0000000740000000, 0x0000000759783b70, 0x0000000759783c00, 0x000000075b7dc000)
 Metaspace       used 56421K, capacity 62653K, committed 62848K, reserved 1103872K
  class space    used 7739K, capacity 9247K, committed 9344K, reserved 1048576K
Event: 12000.881 GC heap after
Heap after GC invocations=1393 (full 10):
 def new generation   total 202752K, used 6200K [0x0000000700000000, 0x000000070dc00000, 0x0000000740000000)
  eden space 180224K,   0% used [0x0000000700000000, 0x0000000700000000, 0x000000070b000000)
  from space 22528K,  27% used [0x000000070c600000, 0x000000070cc0e0b0, 0x000000070dc00000)
  to   space 22528K,   0% used [0x000000070b000000, 0x000000070b000000, 0x000000070c600000)
 tenured generation   total 450416K, used 417453K [0x0000000740000000, 0x000000075b7dc000, 0x00000007c0000000)
   the space 450416K,  92% used [0x0000000740000000, 0x00000007597ab790, 0x00000007597ab800, 0x000000075b7dc000)
 Metaspace       used 56421K, capacity 62653K, committed 62848K, reserved 1103872K
  class space    used 7739K, capacity 9247K, committed 9344K, reserved 1048576K
}
Event: 12001.917 GC heap before
{Heap before GC invocations=1393 (full 10):
 def new generation   total 202752K, used 186424K [0x0000000700000000, 0x000000070dc00000, 0x0000000740000000)
  eden space 180224K, 100% used [0x0000000700000000, 0x000000070b000000, 0x000000070b000000)
  from space 22528K,  27% used [0x000000070c600000, 0x000000070cc0e0b0, 0x000000070dc00000)
  to   space 22528K,   0% used [0x000000070b000000, 0x000000070b000000, 0x000000070c600000)
 tenured generation   total 450416K, used 417453K [0x0000000740000000, 0x000000075b7dc000, 0x00000007c0000000)
   the space 450416K,  92% used [0x0000000740000000, 0x00000007597ab790, 0x00000007597ab800, 0x000000075b7dc000)
 Metaspace       used 56421K, capacity 62653K, committed 62848K, reserved 1103872K
  class space    used 7739K, capacity 9247K, committed 9344K, reserved 1048576K
Event: 12001.927 GC heap after
Heap after GC invocations=1394 (full 10):
 def new generation   total 202752K, used 6313K [0x0000000700000000, 0x000000070dc00000, 0x0000000740000000)
  eden space 180224K,   0% used [0x0000000700000000, 0x0000000700000000, 0x000000070b000000)
  from space 22528K,  28% used [0x000000070b000000, 0x000000070b62a7d0, 0x000000070c600000)
  to   space 22528K,   0% used [0x000000070c600000, 0x000000070c600000, 0x000000070dc00000)
 tenured generation   total 450416K, used 417501K [0x0000000740000000, 0x000000075b7dc000, 0x00000007c0000000)
   the space 450416K,  92% used [0x0000000740000000, 0x00000007597b7510, 0x00000007597b7600, 0x000000075b7dc000)
 Metaspace       used 56421K, capacity 62653K, committed 62848K, reserved 1103872K
  class space    used 7739K, capacity 9247K, committed 9344K, reserved 1048576K
}
Event: 12002.938 GC heap before
{Heap before GC invocations=1394 (full 10):
 def new generation   total 202752K, used 186537K [0x0000000700000000, 0x000000070dc00000, 0x0000000740000000)
  eden space 180224K, 100% used [0x0000000700000000, 0x000000070b000000, 0x000000070b000000)
  from space 22528K,  28% used [0x000000070b000000, 0x000000070b62a7d0, 0x000000070c600000)
  to   space 22528K,   0% used [0x000000070c600000, 0x000000070c600000, 0x000000070dc00000)
 tenured generation   total 450416K, used 417501K [0x0000000740000000, 0x000000075b7dc000, 0x00000007c0000000)
   the space 450416K,  92% used [0x0000000740000000, 0x00000007597b7510, 0x00000007597b7600, 0x000000075b7dc000)
 Metaspace       used 56421K, capacity 62653K, committed 62848K, reserved 1103872K
  class space    used 7739K, capacity 9247K, committed 9344K, reserved 1048576K
Event: 12002.949 GC heap after
Heap after GC invocations=1395 (full 10):
 def new generation   total 202752K, used 5388K [0x0000000700000000, 0x000000070dc00000, 0x0000000740000000)
  eden space 180224K,   0% used [0x0000000700000000, 0x0000000700000000, 0x000000070b000000)
  from space 22528K,  23% used [0x000000070c600000, 0x000000070cb43168, 0x000000070dc00000)
  to   space 22528K,   0% used [0x000000070b000000, 0x000000070b000000, 0x000000070c600000)
 tenured generation   total 450416K, used 418528K [0x0000000740000000, 0x000000075b7dc000, 0x00000007c0000000)
   the space 450416K,  92% used [0x0000000740000000, 0x00000007598b82a0, 0x00000007598b8400, 0x000000075b7dc000)
 Metaspace       used 56421K, capacity 62653K, committed 62848K, reserved 1103872K
  class space    used 7739K, capacity 9247K, committed 9344K, reserved 1048576K
}
Event: 12004.016 GC heap before
{Heap before GC invocations=1395 (full 10):
 def new generation   total 202752K, used 185612K [0x0000000700000000, 0x000000070dc00000, 0x0000000740000000)
  eden space 180224K, 100% used [0x0000000700000000, 0x000000070b000000, 0x000000070b000000)
  from space 22528K,  23% used [0x000000070c600000, 0x000000070cb43168, 0x000000070dc00000)
  to   space 22528K,   0% used [0x000000070b000000, 0x000000070b000000, 0x000000070c600000)
 tenured generation   total 450416K, used 418528K [0x0000000740000000, 0x000000075b7dc000, 0x00000007c0000000)
   the space 450416K,  92% used [0x0000000740000000, 0x00000007598b82a0, 0x00000007598b8400, 0x000000075b7dc000)
 Metaspace       used 56421K, capacity 62653K, committed 62848K, reserved 1103872K
  class space    used 7739K, capacity 9247K, committed 9344K, reserved 1048576K
Event: 12004.031 GC heap after
Heap after GC invocations=1396 (full 10):
 def new generation   total 202752K, used 3744K [0x0000000700000000, 0x000000070dc00000, 0x0000000740000000)
  eden space 180224K,   0% used [0x0000000700000000, 0x0000000700000000, 0x000000070b000000)
  from space 22528K,  16% used [0x000000070b000000, 0x000000070b3a8190, 0x000000070c600000)
  to   space 22528K,   0% used [0x000000070c600000, 0x000000070c600000, 0x000000070dc00000)
 tenured generation   total 450416K, used 420157K [0x0000000740000000, 0x000000075b7dc000, 0x00000007c0000000)
   the space 450416K,  93% used [0x0000000740000000, 0x0000000759a4f678, 0x0000000759a4f800, 0x000000075b7dc000)
 Metaspace       used 56421K, capacity 62653K, committed 62848K, reserved 1103872K
  class space    used 7739K, capacity 9247K, committed 9344K, reserved 1048576K
}
Event: 12005.068 GC heap before
{Heap before GC invocations=1396 (full 10):
 def new generation   total 202752K, used 183968K [0x0000000700000000, 0x000000070dc00000, 0x0000000740000000)
  eden space 180224K, 100% used [0x0000000700000000, 0x000000070b000000, 0x000000070b000000)
  from space 22528K,  16% used [0x000000070b000000, 0x000000070b3a8190, 0x000000070c600000)
  to   space 22528K,   0% used [0x000000070c600000, 0x000000070c600000, 0x000000070dc00000)
 tenured generation   total 450416K, used 420157K [0x0000000740000000, 0x000000075b7dc000, 0x00000007c0000000)
   the space 450416K,  93% used [0x0000000740000000, 0x0000000759a4f678, 0x0000000759a4f800, 0x000000075b7dc000)
 Metaspace       used 56421K, capacity 62653K, committed 62848K, reserved 1103872K
  class space    used 7739K, capacity 9247K, committed 9344K, reserved 1048576K
Event: 12005.077 GC heap after
Heap after GC invocations=1397 (full 10):
 def new generation   total 202752K, used 3783K [0x0000000700000000, 0x000000070dc00000, 0x0000000740000000)
  eden space 180224K,   0% used [0x0000000700000000, 0x0000000700000000, 0x000000070b000000)
  from space 22528K,  16% used [0x000000070c600000, 0x000000070c9b1fa8, 0x000000070dc00000)
  to   space 22528K,   0% used [0x000000070b000000, 0x000000070b000000, 0x000000070c600000)
 tenured generation   total 450416K, used 420242K [0x0000000740000000, 0x000000075b7dc000, 0x00000007c0000000)
   the space 450416K,  93% used [0x0000000740000000, 0x0000000759a64b28, 0x0000000759a64c00, 0x000000075b7dc000)
 Metaspace       used 56421K, capacity 62653K, committed 62848K, reserved 1103872K
  class space    used 7739K, capacity 9247K, committed 9344K, reserved 1048576K
}
Event: 12006.117 GC heap before
{Heap before GC invocations=1397 (full 10):
 def new generation   total 202752K, used 184007K [0x0000000700000000, 0x000000070dc00000, 0x0000000740000000)
  eden space 180224K, 100% used [0x0000000700000000, 0x000000070b000000, 0x000000070b000000)
  from space 22528K,  16% used [0x000000070c600000, 0x000000070c9b1fa8, 0x000000070dc00000)
  to   space 22528K,   0% used [0x000000070b000000, 0x000000070b000000, 0x000000070c600000)
 tenured generation   total 450416K, used 420242K [0x0000000740000000, 0x000000075b7dc000, 0x00000007c0000000)
   the space 450416K,  93% used [0x0000000740000000, 0x0000000759a64b28, 0x0000000759a64c00, 0x000000075b7dc000)
 Metaspace       used 56421K, capacity 62653K, committed 62848K, reserved 1103872K
  class space    used 7739K, capacity 9247K, committed 9344K, reserved 1048576K
Event: 12006.127 GC heap after
Heap after GC invocations=1398 (full 10):
 def new generation   total 202752K, used 2910K [0x0000000700000000, 0x000000070dc00000, 0x0000000740000000)
  eden space 180224K,   0% used [0x0000000700000000, 0x0000000700000000, 0x000000070b000000)
  from space 22528K,  12% used [0x000000070b000000, 0x000000070b2d78e8, 0x000000070c600000)
  to   space 22528K,   0% used [0x000000070c600000, 0x000000070c600000, 0x000000070dc00000)
 tenured generation   total 450416K, used 421208K [0x0000000740000000, 0x000000075b7dc000, 0x00000007c0000000)
   the space 450416K,  93% used [0x0000000740000000, 0x0000000759b561e0, 0x0000000759b56200, 0x000000075b7dc000)
 Metaspace       used 56421K, capacity 62653K, committed 62848K, reserved 1103872K
  class space    used 7739K, capacity 9247K, committed 9344K, reserved 1048576K
}
Event: 12007.189 GC heap before
{Heap before GC invocations=1398 (full 10):
 def new generation   total 202752K, used 183134K [0x0000000700000000, 0x000000070dc00000, 0x0000000740000000)
  eden space 180224K, 100% used [0x0000000700000000, 0x000000070b000000, 0x000000070b000000)
  from space 22528K,  12% used [0x000000070b000000, 0x000000070b2d78e8, 0x000000070c600000)
  to   space 22528K,   0% used [0x000000070c600000, 0x000000070c600000, 0x000000070dc00000)
 tenured generation   total 450416K, used 421208K [0x0000000740000000, 0x000000075b7dc000, 0x00000007c0000000)
   the space 450416K,  93% used [0x0000000740000000, 0x0000000759b561e0, 0x0000000759b56200, 0x000000075b7dc000)
 Metaspace       used 56421K, capacity 62653K, committed 62848K, reserved 1103872K
  class space    used 7739K, capacity 9247K, committed 9344K, reserved 1048576K
Event: 12007.197 GC heap after
Heap after GC invocations=1399 (full 10):
 def new generation   total 202752K, used 2907K [0x0000000700000000, 0x000000070dc00000, 0x0000000740000000)
  eden space 180224K,   0% used [0x0000000700000000, 0x0000000700000000, 0x000000070b000000)
  from space 22528K,  12% used [0x000000070c600000, 0x000000070c8d6ca8, 0x000000070dc00000)
  to   space 22528K,   0% used [0x000000070b000000, 0x000000070b000000, 0x000000070c600000)
 tenured generation   total 450416K, used 421234K [0x0000000740000000, 0x000000075b7dc000, 0x00000007c0000000)
   the space 450416K,  93% used [0x0000000740000000, 0x0000000759b5c828, 0x0000000759b5ca00, 0x000000075b7dc000)
 Metaspace       used 56421K, capacity 62653K, committed 62848K, reserved 1103872K
  class space    used 7739K, capacity 9247K, committed 9344K, reserved 1048576K
}
Event: 12008.285 GC heap before
{Heap before GC invocations=1399 (full 10):
 def new generation   total 202752K, used 183131K [0x0000000700000000, 0x000000070dc00000, 0x0000000740000000)
  eden space 180224K, 100% used [0x0000000700000000, 0x000000070b000000, 0x000000070b000000)
  from space 22528K,  12% used [0x000000070c600000, 0x000000070c8d6ca8, 0x000000070dc00000)
  to   space 22528K,   0% used [0x000000070b000000, 0x000000070b000000, 0x000000070c600000)
 tenured generation   total 450416K, used 421234K [0x0000000740000000, 0x000000075b7dc000, 0x00000007c0000000)
   the space 450416K,  93% used [0x0000000740000000, 0x0000000759b5c828, 0x0000000759b5ca00, 0x000000075b7dc000)
 Metaspace       used 56422K, capacity 62653K, committed 62848K, reserved 1103872K
  class space    used 7739K, capacity 9247K, committed 9344K, reserved 1048576K
Event: 12008.294 GC heap after
Heap after GC invocations=1400 (full 10):
 def new generation   total 202752K, used 2788K [0x0000000700000000, 0x000000070dc00000, 0x0000000740000000)
  eden space 180224K,   0% used [0x0000000700000000, 0x0000000700000000, 0x000000070b000000)
  from space 22528K,  12% used [0x000000070b000000, 0x000000070b2b90c8, 0x000000070c600000)
  to   space 22528K,   0% used [0x000000070c600000, 0x000000070c600000, 0x000000070dc00000)
 tenured generation   total 450416K, used 421438K [0x0000000740000000, 0x000000075b7dc000, 0x00000007c0000000)
   the space 450416K,  93% used [0x0000000740000000, 0x0000000759b8fa18, 0x0000000759b8fc00, 0x000000075b7dc000)
 Metaspace       used 56422K, capacity 62653K, committed 62848K, reserved 1103872K
  class space    used 7739K, capacity 9247K, committed 9344K, reserved 1048576K
}
Event: 12009.391 GC heap before
{Heap before GC invocations=1400 (full 10):
 def new generation   total 202752K, used 183012K [0x0000000700000000, 0x000000070dc00000, 0x0000000740000000)
  eden space 180224K, 100% used [0x0000000700000000, 0x000000070b000000, 0x000000070b000000)
  from space 22528K,  12% used [0x000000070b000000, 0x000000070b2b90c8, 0x000000070c600000)
  to   space 22528K,   0% used [0x000000070c600000, 0x000000070c600000, 0x000000070dc00000)
 tenured generation   total 450416K, used 421438K [0x0000000740000000, 0x000000075b7dc000, 0x00000007c0000000)
   the space 450416K,  93% used [0x0000000740000000, 0x0000000759b8fa18, 0x0000000759b8fc00, 0x000000075b7dc000)
 Metaspace       used 56422K, capacity 62653K, committed 62848K, reserved 1103872K
  class space    used 7739K, capacity 9247K, committed 9344K, reserved 1048576K
Event: 12009.399 GC heap after
Heap after GC invocations=1401 (full 10):
 def new generation   total 202752K, used 2666K [0x0000000700000000, 0x000000070dc00000, 0x0000000740000000)
  eden space 180224K,   0% used [0x0000000700000000, 0x0000000700000000, 0x000000070b000000)
  from space 22528K,  11% used [0x000000070c600000, 0x000000070c89a950, 0x000000070dc00000)
  to   space 22528K,   0% used [0x000000070b000000, 0x000000070b000000, 0x000000070c600000)
 tenured generation   total 450416K, used 421588K [0x0000000740000000, 0x000000075b7dc000, 0x00000007c0000000)
   the space 450416K,  93% used [0x0000000740000000, 0x0000000759bb5058, 0x0000000759bb5200, 0x000000075b7dc000)
 Metaspace       used 56422K, capacity 62653K, committed 62848K, reserved 1103872K
  class space    used 7739K, capacity 9247K, committed 9344K, reserved 1048576K
}
Event: 12010.467 GC heap before
{Heap before GC invocations=1401 (full 10):
 def new generation   total 202752K, used 182890K [0x0000000700000000, 0x000000070dc00000, 0x0000000740000000)
  eden space 180224K, 100% used [0x0000000700000000, 0x000000070b000000, 0x000000070b000000)
  from space 22528K,  11% used [0x000000070c600000, 0x000000070c89a950, 0x000000070dc00000)
  to   space 22528K,   0% used [0x000000070b000000, 0x000000070b000000, 0x000000070c600000)
 tenured generation   total 450416K, used 421588K [0x0000000740000000, 0x000000075b7dc000, 0x00000007c0000000)
   the space 450416K,  93% used [0x0000000740000000, 0x0000000759bb5058, 0x0000000759bb5200, 0x000000075b7dc000)
 Metaspace       used 56422K, capacity 62653K, committed 62848K, reserved 1103872K
  class space    used 7739K, capacity 9247K, committed 9344K, reserved 1048576K
Event: 12010.475 GC heap after
Heap after GC invocations=1402 (full 10):
 def new generation   total 202752K, used 2906K [0x0000000700000000, 0x000000070dc00000, 0x0000000740000000)
  eden space 180224K,   0% used [0x0000000700000000, 0x0000000700000000, 0x000000070b000000)
  from space 22528K,  12% used [0x000000070b000000, 0x000000070b2d6a80, 0x000000070c600000)
  to   space 22528K,   0% used [0x000000070c600000, 0x000000070c600000, 0x000000070dc00000)
 tenured generation   total 450416K, used 421597K [0x0000000740000000, 0x000000075b7dc000, 0x00000007c0000000)
   the space 450416K,  93% used [0x0000000740000000, 0x0000000759bb7668, 0x0000000759bb7800, 0x000000075b7dc000)
 Metaspace       used 56422K, capacity 62653K, committed 62848K, reserved 1103872K
  class space    used 7739K, capacity 9247K, committed 9344K, reserved 1048576K
}
Event: 12011.539 GC heap before
{Heap before GC invocations=1402 (full 10):
 def new generation   total 202752K, used 183130K [0x0000000700000000, 0x000000070dc00000, 0x0000000740000000)
  eden space 180224K, 100% used [0x0000000700000000, 0x000000070b000000, 0x000000070b000000)
  from space 22528K,  12% used [0x000000070b000000, 0x000000070b2d6a80, 0x000000070c600000)
  to   space 22528K,   0% used [0x000000070c600000, 0x000000070c600000, 0x000000070dc00000)
 tenured generation   total 450416K, used 421597K [0x0000000740000000, 0x000000075b7dc000, 0x00000007c0000000)
   the space 450416K,  93% used [0x0000000740000000, 0x0000000759bb7668, 0x0000000759bb7800, 0x000000075b7dc000)
 Metaspace       used 56422K, capacity 62653K, committed 62848K, reserved 1103872K
  class space    used 7739K, capacity 9247K, committed 9344K, reserved 1048576K
Event: 12011.547 GC heap after
Heap after GC invocations=1403 (full 10):
 def new generation   total 202752K, used 2895K [0x0000000700000000, 0x000000070dc00000, 0x0000000740000000)
  eden space 180224K,   0% used [0x0000000700000000, 0x0000000700000000, 0x000000070b000000)
  from space 22528K,  12% used [0x000000070c600000, 0x000000070c8d3eb0, 0x000000070dc00000)
  to   space 22528K,   0% used [0x000000070b000000, 0x000000070b000000, 0x000000070c600000)
 tenured generation   total 450416K, used 421696K [0x0000000740000000, 0x000000075b7dc000, 0x00000007c0000000)
   the space 450416K,  93% used [0x0000000740000000, 0x0000000759bd03d0, 0x0000000759bd0400, 0x000000075b7dc000)
 Metaspace       used 56422K, capacity 62653K, committed 62848K, reserved 1103872K
  class space    used 7739K, capacity 9247K, committed 9344K, reserved 1048576K
}
Event: 12012.667 GC heap before
{Heap before GC invocations=1403 (full 10):
 def new generation   total 202752K, used 183119K [0x0000000700000000, 0x000000070dc00000, 0x0000000740000000)
  eden space 180224K, 100% used [0x0000000700000000, 0x000000070b000000, 0x000000070b000000)
  from space 22528K,  12% used [0x000000070c600000, 0x000000070c8d3eb0, 0x000000070dc00000)
  to   space 22528K,   0% used [0x000000070b000000, 0x000000070b000000, 0x000000070c600000)
 tenured generation   total 450416K, used 421696K [0x0000000740000000, 0x000000075b7dc000, 0x00000007c0000000)
   the space 450416K,  93% used [0x0000000740000000, 0x0000000759bd03d0, 0x0000000759bd0400, 0x000000075b7dc000)
 Metaspace       used 56422K, capacity 62653K, committed 62848K, reserved 1103872K
  class space    used 7739K, capacity 9247K, committed 9344K, reserved 1048576K
Event: 12012.675 GC heap after
Heap after GC invocations=1404 (full 10):
 def new generation   total 202752K, used 2732K [0x0000000700000000, 0x000000070dc00000, 0x0000000740000000)
  eden space 180224K,   0% used [0x0000000700000000, 0x0000000700000000, 0x000000070b000000)
  from space 22528K,  12% used [0x000000070b000000, 0x000000070b2ab038, 0x000000070c600000)
  to   space 22528K,   0% used [0x000000070c600000, 0x000000070c600000, 0x000000070dc00000)
 tenured generation   total 450416K, used 421849K [0x0000000740000000, 0x000000075b7dc000, 0x00000007c0000000)
   the space 450416K,  93% used [0x0000000740000000, 0x0000000759bf6410, 0x0000000759bf6600, 0x000000075b7dc000)
 Metaspace       used 56422K, capacity 62653K, committed 62848K, reserved 1103872K
  class space    used 7739K, capacity 9247K, committed 9344K, reserved 1048576K
}
Event: 12013.767 GC heap before
{Heap before GC invocations=1404 (full 10):
 def new generation   total 202752K, used 182956K [0x0000000700000000, 0x000000070dc00000, 0x0000000740000000)
  eden space 180224K, 100% used [0x0000000700000000, 0x000000070b000000, 0x000000070b000000)
  from space 22528K,  12% used [0x000000070b000000, 0x000000070b2ab038, 0x000000070c600000)
  to   space 22528K,   0% used [0x000000070c600000, 0x000000070c600000, 0x000000070dc00000)
 tenured generation   total 450416K, used 421849K [0x0000000740000000, 0x000000075b7dc000, 0x00000007c0000000)
   the space 450416K,  93% used [0x0000000740000000, 0x0000000759bf6410, 0x0000000759bf6600, 0x000000075b7dc000)
 Metaspace       used 56422K, capacity 62653K, committed 62848K, reserved 1103872K
  class space    used 7739K, capacity 9247K, committed 9344K, reserved 1048576K
Event: 12013.775 GC heap after
Heap after GC invocations=1405 (full 10):
 def new generation   total 202752K, used 2160K [0x0000000700000000, 0x000000070dc00000, 0x0000000740000000)
  eden space 180224K,   0% used [0x0000000700000000, 0x0000000700000000, 0x000000070b000000)
  from space 22528K,   9% used [0x000000070c600000, 0x000000070c81c1a8, 0x000000070dc00000)
  to   space 22528K,   0% used [0x000000070b000000, 0x000000070b000000, 0x000000070c600000)
 tenured generation   total 450416K, used 422432K [0x0000000740000000, 0x000000075b7dc000, 0x00000007c0000000)
   the space 450416K,  93% used [0x0000000740000000, 0x0000000759c88268, 0x0000000759c88400, 0x000000075b7dc000)
 Metaspace       used 56422K, capacity 62653K, committed 62848K, reserved 1103872K
  class space    used 7739K, capacity 9247K, committed 9344K, reserved 1048576K
}
Event: 12014.865 GC heap before
{Heap before GC invocations=1405 (full 10):
 def new generation   total 202752K, used 182384K [0x0000000700000000, 0x000000070dc00000, 0x0000000740000000)
  eden space 180224K, 100% used [0x0000000700000000, 0x000000070b000000, 0x000000070b000000)
  from space 22528K,   9% used [0x000000070c600000, 0x000000070c81c1a8, 0x000000070dc00000)
  to   space 22528K,   0% used [0x000000070b000000, 0x000000070b000000, 0x000000070c600000)
 tenured generation   total 450416K, used 422432K [0x0000000740000000, 0x000000075b7dc000, 0x00000007c0000000)
   the space 450416K,  93% used [0x0000000740000000, 0x0000000759c88268, 0x0000000759c88400, 0x000000075b7dc000)
 Metaspace       used 56422K, capacity 62653K, committed 62848K, reserved 1103872K
  class space    used 7739K, capacity 9247K, committed 9344K, reserved 1048576K
Event: 12014.872 GC heap after
Heap after GC invocations=1406 (full 10):
 def new generation   total 202752K, used 1987K [0x0000000700000000, 0x000000070dc00000, 0x0000000740000000)
  eden space 180224K,   0% used [0x0000000700000000, 0x0000000700000000, 0x000000070b000000)
  from space 22528K,   8% used [0x000000070b000000, 0x000000070b1f0f30, 0x000000070c600000)
  to   space 22528K,   0% used [0x000000070c600000, 0x000000070c600000, 0x000000070dc00000)
 tenured generation   total 450416K, used 422632K [0x0000000740000000, 0x000000075b7dc000, 0x00000007c0000000)
   the space 450416K,  93% used [0x0000000740000000, 0x0000000759cba298, 0x0000000759cba400, 0x000000075b7dc000)
 Metaspace       used 56422K, capacity 62653K, committed 62848K, reserved 1103872K
  class space    used 7739K, capacity 9247K, committed 9344K, reserved 1048576K
}
Event: 12015.927 GC heap before
{Heap before GC invocations=1406 (full 10):
 def new generation   total 202752K, used 182211K [0x0000000700000000, 0x000000070dc00000, 0x0000000740000000)
  eden space 180224K, 100% used [0x0000000700000000, 0x000000070b000000, 0x000000070b000000)
  from space 22528K,   8% used [0x000000070b000000, 0x000000070b1f0f30, 0x000000070c600000)
  to   space 22528K,   0% used [0x000000070c600000, 0x000000070c600000, 0x000000070dc00000)
 tenured generation   total 450416K, used 422632K [0x0000000740000000, 0x000000075b7dc000, 0x00000007c0000000)
   the space 450416K,  93% used [0x0000000740000000, 0x0000000759cba298, 0x0000000759cba400, 0x000000075b7dc000)
 Metaspace       used 56422K, capacity 62653K, committed 62848K, reserved 1103872K
  class space    used 7739K, capacity 9247K, committed 9344K, reserved 1048576K
Event: 12015.935 GC heap after
Heap after GC invocations=1407 (full 10):
 def new generation   total 202752K, used 2063K [0x0000000700000000, 0x000000070dc00000, 0x0000000740000000)
  eden space 180224K,   0% used [0x0000000700000000, 0x0000000700000000, 0x000000070b000000)
  from space 22528K,   9% used [0x000000070c600000, 0x000000070c803d60, 0x000000070dc00000)
  to   space 22528K,   0% used [0x000000070b000000, 0x000000070b000000, 0x000000070c600000)
 tenured generation   total 450416K, used 422728K [0x0000000740000000, 0x000000075b7dc000, 0x00000007c0000000)
   the space 450416K,  93% used [0x0000000740000000, 0x0000000759cd22c8, 0x0000000759cd2400, 0x000000075b7dc000)
 Metaspace       used 56422K, capacity 62653K, committed 62848K, reserved 1103872K
  class space    used 7739K, capacity 9247K, committed 9344K, reserved 1048576K
}
Event: 12017.067 GC heap before
{Heap before GC invocations=1407 (full 10):
 def new generation   total 202752K, used 182287K [0x0000000700000000, 0x000000070dc00000, 0x0000000740000000)
  eden space 180224K, 100% used [0x0000000700000000, 0x000000070b000000, 0x000000070b000000)
  from space 22528K,   9% used [0x000000070c600000, 0x000000070c803d60, 0x000000070dc00000)
  to   space 22528K,   0% used [0x000000070b000000, 0x000000070b000000, 0x000000070c600000)
 tenured generation   total 450416K, used 422728K [0x0000000740000000, 0x000000075b7dc000, 0x00000007c0000000)
   the space 450416K,  93% used [0x0000000740000000, 0x0000000759cd22c8, 0x0000000759cd2400, 0x000000075b7dc000)
 Metaspace       used 56422K, capacity 62653K, committed 62848K, reserved 1103872K
  class space    used 7739K, capacity 9247K, committed 9344K, reserved 1048576K
Event: 12017.075 GC heap after
Heap after GC invocations=1408 (full 10):
 def new generation   total 202752K, used 2139K [0x0000000700000000, 0x000000070dc00000, 0x0000000740000000)
  eden space 180224K,   0% used [0x0000000700000000, 0x0000000700000000, 0x000000070b000000)
  from space 22528K,   9% used [0x000000070b000000, 0x000000070b216fb8, 0x000000070c600000)
  to   space 22528K,   0% used [0x000000070c600000, 0x000000070c600000, 0x000000070dc00000)
 tenured generation   total 450416K, used 422783K [0x0000000740000000, 0x000000075b7dc000, 0x00000007c0000000)
   the space 450416K,  93% used [0x0000000740000000, 0x0000000759cdfea8, 0x0000000759ce0000, 0x000000075b7dc000)
 Metaspace       used 56422K, capacity 62653K, committed 62848K, reserved 1103872K
  class space    used 7739K, capacity 9247K, committed 9344K, reserved 1048576K
}
Event: 12018.218 GC heap before
{Heap before GC invocations=1408 (full 10):
 def new generation   total 202752K, used 182363K [0x0000000700000000, 0x000000070dc00000, 0x0000000740000000)
  eden space 180224K, 100% used [0x0000000700000000, 0x000000070b000000, 0x000000070b000000)
  from space 22528K,   9% used [0x000000070b000000, 0x000000070b216fb8, 0x000000070c600000)
  to   space 22528K,   0% used [0x000000070c600000, 0x000000070c600000, 0x000000070dc00000)
 tenured generation   total 450416K, used 422783K [0x0000000740000000, 0x000000075b7dc000, 0x00000007c0000000)
   the space 450416K,  93% used [0x0000000740000000, 0x0000000759cdfea8, 0x0000000759ce0000, 0x000000075b7dc000)
 Metaspace       used 56422K, capacity 62653K, committed 62848K, reserved 1103872K
  class space    used 7739K, capacity 9247K, committed 9344K, reserved 1048576K
Event: 12018.225 GC heap after
Heap after GC invocations=1409 (full 10):
 def new generation   total 202752K, used 2016K [0x0000000700000000, 0x000000070dc00000, 0x0000000740000000)
  eden space 180224K,   0% used [0x0000000700000000, 0x0000000700000000, 0x000000070b000000)
  from space 22528K,   8% used [0x000000070c600000, 0x000000070c7f8110, 0x000000070dc00000)
  to   space 22528K,   0% used [0x000000070b000000, 0x000000070b000000, 0x000000070c600000)
 tenured generation   total 450416K, used 422990K [0x0000000740000000, 0x000000075b7dc000, 0x00000007c0000000)
   the space 450416K,  93% used [0x0000000740000000, 0x0000000759d13a88, 0x0000000759d13c00, 0x000000075b7dc000)
 Metaspace       used 56422K, capacity 62653K, committed 62848K, reserved 1103872K
  class space    used 7739K, capacity 9247K, committed 9344K, reserved 1048576K
}
Event: 12019.317 GC heap before
{Heap before GC invocations=1409 (full 10):
 def new generation   total 202752K, used 182240K [0x0000000700000000, 0x000000070dc00000, 0x0000000740000000)
  eden space 180224K, 100% used [0x0000000700000000, 0x000000070b000000, 0x000000070b000000)
  from space 22528K,   8% used [0x000000070c600000, 0x000000070c7f8110, 0x000000070dc00000)
  to   space 22528K,   0% used [0x000000070b000000, 0x000000070b000000, 0x000000070c600000)
 tenured generation   total 450416K, used 422990K [0x0000000740000000, 0x000000075b7dc000, 0x00000007c0000000)
   the space 450416K,  93% used [0x0000000740000000, 0x0000000759d13a88, 0x0000000759d13c00, 0x000000075b7dc000)
 Metaspace       used 56422K, capacity 62653K, committed 62848K, reserved 1103872K
  class space    used 7739K, capacity 9247K, committed 9344K, reserved 1048576K
Event: 12019.325 GC heap after
Heap after GC invocations=1410 (full 10):
 def new generation   total 202752K, used 1926K [0x0000000700000000, 0x000000070dc00000, 0x0000000740000000)
  eden space 180224K,   0% used [0x0000000700000000, 0x0000000700000000, 0x000000070b000000)
  from space 22528K,   8% used [0x000000070b000000, 0x000000070b1e1b18, 0x000000070c600000)
  to   space 22528K,   0% used [0x000000070c600000, 0x000000070c600000, 0x000000070dc00000)
 tenured generation   total 450416K, used 423103K [0x0000000740000000, 0x000000075b7dc000, 0x00000007c0000000)
   the space 450416K,  93% used [0x0000000740000000, 0x0000000759d2ffb8, 0x0000000759d30000, 0x000000075b7dc000)
 Metaspace       used 56422K, capacity 62653K, committed 62848K, reserved 1103872K
  class space    used 7739K, capacity 9247K, committed 9344K, reserved 1048576K
}
Event: 12020.438 GC heap before
{Heap before GC invocations=1410 (full 10):
 def new generation   total 202752K, used 182150K [0x0000000700000000, 0x000000070dc00000, 0x0000000740000000)
  eden space 180224K, 100% used [0x0000000700000000, 0x000000070b000000, 0x000000070b000000)
  from space 22528K,   8% used [0x000000070b000000, 0x000000070b1e1b18, 0x000000070c600000)
  to   space 22528K,   0% used [0x000000070c600000, 0x000000070c600000, 0x000000070dc00000)
 tenured generation   total 450416K, used 423103K [0x0000000740000000, 0x000000075b7dc000, 0x00000007c0000000)
   the space 450416K,  93% used [0x0000000740000000, 0x0000000759d2ffb8, 0x0000000759d30000, 0x000000075b7dc000)
 Metaspace       used 56423K, capacity 62653K, committed 62848K, reserved 1103872K
  class space    used 7739K, capacity 9247K, committed 9344K, reserved 1048576K
Event: 12020.445 GC heap after
Heap after GC invocations=1411 (full 10):
 def new generation   total 202752K, used 1903K [0x0000000700000000, 0x000000070dc00000, 0x0000000740000000)
  eden space 180224K,   0% used [0x0000000700000000, 0x0000000700000000, 0x000000070b000000)
  from space 22528K,   8% used [0x000000070c600000, 0x000000070c7dbfe0, 0x000000070dc00000)
  to   space 22528K,   0% used [0x000000070b000000, 0x000000070b000000, 0x000000070c600000)
 tenured generation   total 450416K, used 423229K [0x0000000740000000, 0x000000075b7dc000, 0x00000007c0000000)
   the space 450416K,  93% used [0x0000000740000000, 0x0000000759d4f4d0, 0x0000000759d4f600, 0x000000075b7dc000)
 Metaspace       used 56423K, capacity 62653K, committed 62848K, reserved 1103872K
  class space    used 7739K, capacity 9247K, committed 9344K, reserved 1048576K
}
Event: 12021.589 GC heap before
{Heap before GC invocations=1411 (full 10):
 def new generation   total 202752K, used 182127K [0x0000000700000000, 0x000000070dc00000, 0x0000000740000000)
  eden space 180224K, 100% used [0x0000000700000000, 0x000000070b000000, 0x000000070b000000)
  from space 22528K,   8% used [0x000000070c600000, 0x000000070c7dbfe0, 0x000000070dc00000)
  to   space 22528K,   0% used [0x000000070b000000, 0x000000070b000000, 0x000000070c600000)
 tenured generation   total 450416K, used 423229K [0x0000000740000000, 0x000000075b7dc000, 0x00000007c0000000)
   the space 450416K,  93% used [0x0000000740000000, 0x0000000759d4f4d0, 0x0000000759d4f600, 0x000000075b7dc000)
 Metaspace       used 56423K, capacity 62653K, committed 62848K, reserved 1103872K
  class space    used 7739K, capacity 9247K, committed 9344K, reserved 1048576K
Event: 12021.597 GC heap after
Heap after GC invocations=1412 (full 10):
 def new generation   total 202752K, used 1708K [0x0000000700000000, 0x000000070dc00000, 0x0000000740000000)
  eden space 180224K,   0% used [0x0000000700000000, 0x0000000700000000, 0x000000070b000000)
  from space 22528K,   7% used [0x000000070b000000, 0x000000070b1ab340, 0x000000070c600000)
  to   space 22528K,   0% used [0x000000070c600000, 0x000000070c600000, 0x000000070dc00000)
 tenured generation   total 450416K, used 423388K [0x0000000740000000, 0x000000075b7dc000, 0x00000007c0000000)
   the space 450416K,  93% used [0x0000000740000000, 0x0000000759d77100, 0x0000000759d77200, 0x000000075b7dc000)
 Metaspace       used 56423K, capacity 62653K, committed 62848K, reserved 1103872K
  class space    used 7739K, capacity 9247K, committed 9344K, reserved 1048576K
}
Event: 12022.733 GC heap before
{Heap before GC invocations=1412 (full 10):
 def new generation   total 202752K, used 181932K [0x0000000700000000, 0x000000070dc00000, 0x0000000740000000)
  eden space 180224K, 100% used [0x0000000700000000, 0x000000070b000000, 0x000000070b000000)
  from space 22528K,   7% used [0x000000070b000000, 0x000000070b1ab340, 0x000000070c600000)
  to   space 22528K,   0% used [0x000000070c600000, 0x000000070c600000, 0x000000070dc00000)
 tenured generation   total 450416K, used 423388K [0x0000000740000000, 0x000000075b7dc000, 0x00000007c0000000)
   the space 450416K,  93% used [0x0000000740000000, 0x0000000759d77100, 0x0000000759d77200, 0x000000075b7dc000)
 Metaspace       used 56423K, capacity 62653K, committed 62848K, reserved 1103872K
  class space    used 7739K, capacity 9247K, committed 9344K, reserved 1048576K
Event: 12022.740 GC heap after
Heap after GC invocations=1413 (full 10):
 def new generation   total 202752K, used 1647K [0x0000000700000000, 0x000000070dc00000, 0x0000000740000000)
  eden space 180224K,   0% used [0x0000000700000000, 0x0000000700000000, 0x000000070b000000)
  from space 22528K,   7% used [0x000000070c600000, 0x000000070c79bd38, 0x000000070dc00000)
  to   space 22528K,   0% used [0x000000070b000000, 0x000000070b000000, 0x000000070c600000)
 tenured generation   total 450416K, used 423498K [0x0000000740000000, 0x000000075b7dc000, 0x00000007c0000000)
   the space 450416K,  94% used [0x0000000740000000, 0x0000000759d92a78, 0x0000000759d92c00, 0x000000075b7dc000)
 Metaspace       used 56423K, capacity 62653K, committed 62848K, reserved 1103872K
  class space    used 7739K, capacity 9247K, committed 9344K, reserved 1048576K
}
Event: 12023.831 GC heap before
{Heap before GC invocations=1413 (full 10):
 def new generation   total 202752K, used 181871K [0x0000000700000000, 0x000000070dc00000, 0x0000000740000000)
  eden space 180224K, 100% used [0x0000000700000000, 0x000000070b000000, 0x000000070b000000)
  from space 22528K,   7% used [0x000000070c600000, 0x000000070c79bd38, 0x000000070dc00000)
  to   space 22528K,   0% used [0x000000070b000000, 0x000000070b000000, 0x000000070c600000)
 tenured generation   total 450416K, used 423498K [0x0000000740000000, 0x000000075b7dc000, 0x00000007c0000000)
   the space 450416K,  94% used [0x0000000740000000, 0x0000000759d92a78, 0x0000000759d92c00, 0x000000075b7dc000)
 Metaspace       used 56423K, capacity 62653K, committed 62848K, reserved 1103872K
  class space    used 7739K, capacity 9247K, committed 9344K, reserved 1048576K
Event: 12023.838 GC heap after
Heap after GC invocations=1414 (full 10):
 def new generation   total 202752K, used 1656K [0x0000000700000000, 0x000000070dc00000, 0x0000000740000000)
  eden space 180224K,   0% used [0x0000000700000000, 0x0000000700000000, 0x000000070b000000)
  from space 22528K,   7% used [0x000000070b000000, 0x000000070b19e2a8, 0x000000070c600000)
  to   space 22528K,   0% used [0x000000070c600000, 0x000000070c600000, 0x000000070dc00000)
 tenured generation   total 450416K, used 423515K [0x0000000740000000, 0x000000075b7dc000, 0x00000007c0000000)
   the space 450416K,  94% used [0x0000000740000000, 0x0000000759d96df0, 0x0000000759d96e00, 0x000000075b7dc000)
 Metaspace       used 56423K, capacity 62653K, committed 62848K, reserved 1103872K
  class space    used 7739K, capacity 9247K, committed 9344K, reserved 1048576K
}
Event: 12024.976 GC heap before
{Heap before GC invocations=1414 (full 10):
 def new generation   total 202752K, used 181880K [0x0000000700000000, 0x000000070dc00000, 0x0000000740000000)
  eden space 180224K, 100% used [0x0000000700000000, 0x000000070b000000, 0x000000070b000000)
  from space 22528K,   7% used [0x000000070b000000, 0x000000070b19e2a8, 0x000000070c600000)
  to   space 22528K,   0% used [0x000000070c600000, 0x000000070c600000, 0x000000070dc00000)
 tenured generation   total 450416K, used 423515K [0x0000000740000000, 0x000000075b7dc000, 0x00000007c0000000)
   the space 450416K,  94% used [0x0000000740000000, 0x0000000759d96df0, 0x0000000759d96e00, 0x000000075b7dc000)
 Metaspace       used 56423K, capacity 62653K, committed 62848K, reserved 1103872K
  class space    used 7739K, capacity 9247K, committed 9344K, reserved 1048576K
Event: 12024.983 GC heap after
Heap after GC invocations=1415 (full 10):
 def new generation   total 202752K, used 1604K [0x0000000700000000, 0x000000070dc00000, 0x0000000740000000)
  eden space 180224K,   0% used [0x0000000700000000, 0x0000000700000000, 0x000000070b000000)
  from space 22528K,   7% used [0x000000070c600000, 0x000000070c791228, 0x000000070dc00000)
  to   space 22528K,   0% used [0x000000070b000000, 0x000000070b000000, 0x000000070c600000)
 tenured generation   total 450416K, used 423635K [0x0000000740000000, 0x000000075b7dc000, 0x00000007c0000000)
   the space 450416K,  94% used [0x0000000740000000, 0x0000000759db4db0, 0x0000000759db4e00, 0x000000075b7dc000)
 Metaspace       used 56423K, capacity 62653K, committed 62848K, reserved 1103872K
  class space    used 7739K, capacity 9247K, committed 9344K, reserved 1048576K
}
Event: 12026.068 GC heap before
{Heap before GC invocations=1415 (full 10):
 def new generation   total 202752K, used 181828K [0x0000000700000000, 0x000000070dc00000, 0x0000000740000000)
  eden space 180224K, 100% used [0x0000000700000000, 0x000000070b000000, 0x000000070b000000)
  from space 22528K,   7% used [0x000000070c600000, 0x000000070c791228, 0x000000070dc00000)
  to   space 22528K,   0% used [0x000000070b000000, 0x000000070b000000, 0x000000070c600000)
 tenured generation   total 450416K, used 423635K [0x0000000740000000, 0x000000075b7dc000, 0x00000007c0000000)
   the space 450416K,  94% used [0x0000000740000000, 0x0000000759db4db0, 0x0000000759db4e00, 0x000000075b7dc000)
 Metaspace       used 56423K, capacity 62653K, committed 62848K, reserved 1103872K
  class space    used 7739K, capacity 9247K, committed 9344K, reserved 1048576K
Event: 12026.075 GC heap after
Heap after GC invocations=1416 (full 10):
 def new generation   total 202752K, used 1603K [0x0000000700000000, 0x000000070dc00000, 0x0000000740000000)
  eden space 180224K,   0% used [0x0000000700000000, 0x0000000700000000, 0x000000070b000000)
  from space 22528K,   7% used [0x000000070b000000, 0x000000070b190c10, 0x000000070c600000)
  to   space 22528K,   0% used [0x000000070c600000, 0x000000070c600000, 0x000000070dc00000)
 tenured generation   total 450416K, used 423681K [0x0000000740000000, 0x000000075b7dc000, 0x00000007c0000000)
   the space 450416K,  94% used [0x0000000740000000, 0x0000000759dc05e8, 0x0000000759dc0600, 0x000000075b7dc000)
 Metaspace       used 56423K, capacity 62653K, committed 62848K, reserved 1103872K
  class space    used 7739K, capacity 9247K, committed 9344K, reserved 1048576K
}
Event: 12027.125 GC heap before
{Heap before GC invocations=1416 (full 10):
 def new generation   total 202752K, used 181827K [0x0000000700000000, 0x000000070dc00000, 0x0000000740000000)
  eden space 180224K, 100% used [0x0000000700000000, 0x000000070b000000, 0x000000070b000000)
  from space 22528K,   7% used [0x000000070b000000, 0x000000070b190c10, 0x000000070c600000)
  to   space 22528K,   0% used [0x000000070c600000, 0x000000070c600000, 0x000000070dc00000)
 tenured generation   total 450416K, used 423681K [0x0000000740000000, 0x000000075b7dc000, 0x00000007c0000000)
   the space 450416K,  94% used [0x0000000740000000, 0x0000000759dc05e8, 0x0000000759dc0600, 0x000000075b7dc000)
 Metaspace       used 56423K, capacity 62653K, committed 62848K, reserved 1103872K
  class space    used 7739K, capacity 9247K, committed 9344K, reserved 1048576K
Event: 12027.134 GC heap after
Heap after GC invocations=1417 (full 10):
 def new generation   total 202752K, used 2671K [0x0000000700000000, 0x000000070dc00000, 0x0000000740000000)
  eden space 180224K,   0% used [0x0000000700000000, 0x0000000700000000, 0x000000070b000000)
  from space 22528K,  11% used [0x000000070c600000, 0x000000070c89bfd8, 0x000000070dc00000)
  to   space 22528K,   0% used [0x000000070b000000, 0x000000070b000000, 0x000000070c600000)
 tenured generation   total 450416K, used 423874K [0x0000000740000000, 0x000000075b7dc000, 0x00000007c0000000)
   the space 450416K,  94% used [0x0000000740000000, 0x0000000759df0b90, 0x0000000759df0c00, 0x000000075b7dc000)
 Metaspace       used 56423K, capacity 62653K, committed 62848K, reserved 1103872K
  class space    used 7739K, capacity 9247K, committed 9344K, reserved 1048576K
}
Event: 12028.232 GC heap before
{Heap before GC invocations=1417 (full 10):
 def new generation   total 202752K, used 182895K [0x0000000700000000, 0x000000070dc00000, 0x0000000740000000)
  eden space 180224K, 100% used [0x0000000700000000, 0x000000070b000000, 0x000000070b000000)
  from space 22528K,  11% used [0x000000070c600000, 0x000000070c89bfd8, 0x000000070dc00000)
  to   space 22528K,   0% used [0x000000070b000000, 0x000000070b000000, 0x000000070c600000)
 tenured generation   total 450416K, used 423874K [0x0000000740000000, 0x000000075b7dc000, 0x00000007c0000000)
   the space 450416K,  94% used [0x0000000740000000, 0x0000000759df0b90, 0x0000000759df0c00, 0x000000075b7dc000)
 Metaspace       used 56425K, capacity 62653K, committed 62848K, reserved 1103872K
  class space    used 7739K, capacity 9247K, committed 9344K, reserved 1048576K
Event: 12028.241 GC heap after
Heap after GC invocations=1418 (full 10):
 def new generation   total 202752K, used 2690K [0x0000000700000000, 0x000000070dc00000, 0x0000000740000000)
  eden space 180224K,   0% used [0x0000000700000000, 0x0000000700000000, 0x000000070b000000)
  from space 22528K,  11% used [0x000000070b000000, 0x000000070b2a0840, 0x000000070c600000)
  to   space 22528K,   0% used [0x000000070c600000, 0x000000070c600000, 0x000000070dc00000)
 tenured generation   total 450416K, used 424013K [0x0000000740000000, 0x000000075b7dc000, 0x00000007c0000000)
   the space 450416K,  94% used [0x0000000740000000, 0x0000000759e135e8, 0x0000000759e13600, 0x000000075b7dc000)
 Metaspace       used 56425K, capacity 62653K, committed 62848K, reserved 1103872K
  class space    used 7739K, capacity 9247K, committed 9344K, reserved 1048576K
}
Event: 12029.326 GC heap before
{Heap before GC invocations=1418 (full 10):
 def new generation   total 202752K, used 182914K [0x0000000700000000, 0x000000070dc00000, 0x0000000740000000)
  eden space 180224K, 100% used [0x0000000700000000, 0x000000070b000000, 0x000000070b000000)
  from space 22528K,  11% used [0x000000070b000000, 0x000000070b2a0840, 0x000000070c600000)
  to   space 22528K,   0% used [0x000000070c600000, 0x000000070c600000, 0x000000070dc00000)
 tenured generation   total 450416K, used 424013K [0x0000000740000000, 0x000000075b7dc000, 0x00000007c0000000)
   the space 450416K,  94% used [0x0000000740000000, 0x0000000759e135e8, 0x0000000759e13600, 0x000000075b7dc000)
 Metaspace       used 56426K, capacity 62653K, committed 62848K, reserved 1103872K
  class space    used 7739K, capacity 9247K, committed 9344K, reserved 1048576K
Event: 12029.334 GC heap after
Heap after GC invocations=1419 (full 10):
 def new generation   total 202752K, used 2660K [0x0000000700000000, 0x000000070dc00000, 0x0000000740000000)
  eden space 180224K,   0% used [0x0000000700000000, 0x0000000700000000, 0x000000070b000000)
  from space 22528K,  11% used [0x000000070c600000, 0x000000070c899000, 0x000000070dc00000)
  to   space 22528K,   0% used [0x000000070b000000, 0x000000070b000000, 0x000000070c600000)
 tenured generation   total 450416K, used 424029K [0x0000000740000000, 0x000000075b7dc000, 0x00000007c0000000)
   the space 450416K,  94% used [0x0000000740000000, 0x0000000759e17558, 0x0000000759e17600, 0x000000075b7dc000)
 Metaspace       used 56426K, capacity 62653K, committed 62848K, reserved 1103872K
  class space    used 7739K, capacity 9247K, committed 9344K, reserved 1048576K
}
Event: 12030.436 GC heap before
{Heap before GC invocations=1419 (full 10):
 def new generation   total 202752K, used 182884K [0x0000000700000000, 0x000000070dc00000, 0x0000000740000000)
  eden space 180224K, 100% used [0x0000000700000000, 0x000000070b000000, 0x000000070b000000)
  from space 22528K,  11% used [0x000000070c600000, 0x000000070c899000, 0x000000070dc00000)
  to   space 22528K,   0% used [0x000000070b000000, 0x000000070b000000, 0x000000070c600000)
 tenured generation   total 450416K, used 424029K [0x0000000740000000, 0x000000075b7dc000, 0x00000007c0000000)
   the space 450416K,  94% used [0x0000000740000000, 0x0000000759e17558, 0x0000000759e17600, 0x000000075b7dc000)
 Metaspace       used 56426K, capacity 62653K, committed 62848K, reserved 1103872K
  class space    used 7739K, capacity 9247K, committed 9344K, reserved 1048576K
Event: 12030.444 GC heap after
Heap after GC invocations=1420 (full 10):
 def new generation   total 202752K, used 2759K [0x0000000700000000, 0x000000070dc00000, 0x0000000740000000)
  eden space 180224K,   0% used [0x0000000700000000, 0x0000000700000000, 0x000000070b000000)
  from space 22528K,  12% used [0x000000070b000000, 0x000000070b2b1d08, 0x000000070c600000)
  to   space 22528K,   0% used [0x000000070c600000, 0x000000070c600000, 0x000000070dc00000)
 tenured generation   total 450416K, used 424044K [0x0000000740000000, 0x000000075b7dc000, 0x00000007c0000000)
   the space 450416K,  94% used [0x0000000740000000, 0x0000000759e1b2a0, 0x0000000759e1b400, 0x000000075b7dc000)
 Metaspace       used 56426K, capacity 62653K, committed 62848K, reserved 1103872K
  class space    used 7739K, capacity 9247K, committed 9344K, reserved 1048576K
}
Event: 12031.528 GC heap before
{Heap before GC invocations=1420 (full 10):
 def new generation   total 202752K, used 182983K [0x0000000700000000, 0x000000070dc00000, 0x0000000740000000)
  eden space 180224K, 100% used [0x0000000700000000, 0x000000070b000000, 0x000000070b000000)
  from space 22528K,  12% used [0x000000070b000000, 0x000000070b2b1d08, 0x000000070c600000)
  to   space 22528K,   0% used [0x000000070c600000, 0x000000070c600000, 0x000000070dc00000)
 tenured generation   total 450416K, used 424044K [0x0000000740000000, 0x000000075b7dc000, 0x00000007c0000000)
   the space 450416K,  94% used [0x0000000740000000, 0x0000000759e1b2a0, 0x0000000759e1b400, 0x000000075b7dc000)
 Metaspace       used 56426K, capacity 62653K, committed 62848K, reserved 1103872K
  class space    used 7739K, capacity 9247K, committed 9344K, reserved 1048576K
Event: 12031.536 GC heap after
Heap after GC invocations=1421 (full 10):
 def new generation   total 202752K, used 2847K [0x0000000700000000, 0x000000070dc00000, 0x0000000740000000)
  eden space 180224K,   0% used [0x0000000700000000, 0x0000000700000000, 0x000000070b000000)
  from space 22528K,  12% used [0x000000070c600000, 0x000000070c8c7d98, 0x000000070dc00000)
  to   space 22528K,   0% used [0x000000070b000000, 0x000000070b000000, 0x000000070c600000)
 tenured generation   total 450416K, used 424068K [0x0000000740000000, 0x000000075b7dc000, 0x00000007c0000000)
   the space 450416K,  94% used [0x0000000740000000, 0x0000000759e213e8, 0x0000000759e21400, 0x000000075b7dc000)
 Metaspace       used 56426K, capacity 62653K, committed 62848K, reserved 1103872K
  class space    used 7739K, capacity 9247K, committed 9344K, reserved 1048576K
}
Event: 12032.636 GC heap before
{Heap before GC invocations=1421 (full 10):
 def new generation   total 202752K, used 183071K [0x0000000700000000, 0x000000070dc00000, 0x0000000740000000)
  eden space 180224K, 100% used [0x0000000700000000, 0x000000070b000000, 0x000000070b000000)
  from space 22528K,  12% used [0x000000070c600000, 0x000000070c8c7d98, 0x000000070dc00000)
  to   space 22528K,   0% used [0x000000070b000000, 0x000000070b000000, 0x000000070c600000)
 tenured generation   total 450416K, used 424068K [0x0000000740000000, 0x000000075b7dc000, 0x00000007c0000000)
   the space 450416K,  94% used [0x0000000740000000, 0x0000000759e213e8, 0x0000000759e21400, 0x000000075b7dc000)
 Metaspace       used 56426K, capacity 62653K, committed 62848K, reserved 1103872K
  class space    used 7739K, capacity 9247K, committed 9344K, reserved 1048576K
Event: 12032.644 GC heap after
Heap after GC invocations=1422 (full 10):
 def new generation   total 202752K, used 2845K [0x0000000700000000, 0x000000070dc00000, 0x0000000740000000)
  eden space 180224K,   0% used [0x0000000700000000, 0x0000000700000000, 0x000000070b000000)
  from space 22528K,  12% used [0x000000070b000000, 0x000000070b2c7410, 0x000000070c600000)
  to   space 22528K,   0% used [0x000000070c600000, 0x000000070c600000, 0x000000070dc00000)
 tenured generation   total 450416K, used 424162K [0x0000000740000000, 0x000000075b7dc000, 0x00000007c0000000)
   the space 450416K,  94% used [0x0000000740000000, 0x0000000759e389d0, 0x0000000759e38a00, 0x000000075b7dc000)
 Metaspace       used 56426K, capacity 62653K, committed 62848K, reserved 1103872K
  class space    used 7739K, capacity 9247K, committed 9344K, reserved 1048576K
}
Event: 12033.728 GC heap before
{Heap before GC invocations=1422 (full 10):
 def new generation   total 202752K, used 183069K [0x0000000700000000, 0x000000070dc00000, 0x0000000740000000)
  eden space 180224K, 100% used [0x0000000700000000, 0x000000070b000000, 0x000000070b000000)
  from space 22528K,  12% used [0x000000070b000000, 0x000000070b2c7410, 0x000000070c600000)
  to   space 22528K,   0% used [0x000000070c600000, 0x000000070c600000, 0x000000070dc00000)
 tenured generation   total 450416K, used 424162K [0x0000000740000000, 0x000000075b7dc000, 0x00000007c0000000)
   the space 450416K,  94% used [0x0000000740000000, 0x0000000759e389d0, 0x0000000759e38a00, 0x000000075b7dc000)
 Metaspace       used 56426K, capacity 62653K, committed 62848K, reserved 1103872K
  class space    used 7739K, capacity 9247K, committed 9344K, reserved 1048576K
Event: 12033.737 GC heap after
Heap after GC invocations=1423 (full 10):
 def new generation   total 202752K, used 2782K [0x0000000700000000, 0x000000070dc00000, 0x0000000740000000)
  eden space 180224K,   0% used [0x0000000700000000, 0x0000000700000000, 0x000000070b000000)
  from space 22528K,  12% used [0x000000070c600000, 0x000000070c8b7af8, 0x000000070dc00000)
  to   space 22528K,   0% used [0x000000070b000000, 0x000000070b000000, 0x000000070c600000)
 tenured generation   total 450416K, used 424328K [0x0000000740000000, 0x000000075b7dc000, 0x00000007c0000000)
   the space 450416K,  94% used [0x0000000740000000, 0x0000000759e623a8, 0x0000000759e62400, 0x000000075b7dc000)
 Metaspace       used 56426K, capacity 62653K, committed 62848K, reserved 1103872K
  class space    used 7739K, capacity 9247K, committed 9344K, reserved 1048576K
}
Event: 12034.859 GC heap before
{Heap before GC invocations=1423 (full 10):
 def new generation   total 202752K, used 183006K [0x0000000700000000, 0x000000070dc00000, 0x0000000740000000)
  eden space 180224K, 100% used [0x0000000700000000, 0x000000070b000000, 0x000000070b000000)
  from space 22528K,  12% used [0x000000070c600000, 0x000000070c8b7af8, 0x000000070dc00000)
  to   space 22528K,   0% used [0x000000070b000000, 0x000000070b000000, 0x000000070c600000)
 tenured generation   total 450416K, used 424328K [0x0000000740000000, 0x000000075b7dc000, 0x00000007c0000000)
   the space 450416K,  94% used [0x0000000740000000, 0x0000000759e623a8, 0x0000000759e62400, 0x000000075b7dc000)
 Metaspace       used 56454K, capacity 62669K, committed 62848K, reserved 1103872K
  class space    used 7747K, capacity 9251K, committed 9344K, reserved 1048576K
Event: 12034.868 GC heap after
Heap after GC invocations=1424 (full 10):
 def new generation   total 202752K, used 2754K [0x0000000700000000, 0x000000070dc00000, 0x0000000740000000)
  eden space 180224K,   0% used [0x0000000700000000, 0x0000000700000000, 0x000000070b000000)
  from space 22528K,  12% used [0x000000070b000000, 0x000000070b2b0ab8, 0x000000070c600000)
  to   space 22528K,   0% used [0x000000070c600000, 0x000000070c600000, 0x000000070dc00000)
 tenured generation   total 450416K, used 424421K [0x0000000740000000, 0x000000075b7dc000, 0x00000007c0000000)
   the space 450416K,  94% used [0x0000000740000000, 0x0000000759e79550, 0x0000000759e79600, 0x000000075b7dc000)
 Metaspace       used 56454K, capacity 62669K, committed 62848K, reserved 1103872K
  class space    used 7747K, capacity 9251K, committed 9344K, reserved 1048576K
}
Event: 12035.962 GC heap before
{Heap before GC invocations=1424 (full 10):
 def new generation   total 202752K, used 182978K [0x0000000700000000, 0x000000070dc00000, 0x0000000740000000)
  eden space 180224K, 100% used [0x0000000700000000, 0x000000070b000000, 0x000000070b000000)
  from space 22528K,  12% used [0x000000070b000000, 0x000000070b2b0ab8, 0x000000070c600000)
  to   space 22528K,   0% used [0x000000070c600000, 0x000000070c600000, 0x000000070dc00000)
 tenured generation   total 450416K, used 424421K [0x0000000740000000, 0x000000075b7dc000, 0x00000007c0000000)
   the space 450416K,  94% used [0x0000000740000000, 0x0000000759e79550, 0x0000000759e79600, 0x000000075b7dc000)
 Metaspace       used 56456K, capacity 62669K, committed 62848K, reserved 1103872K
  class space    used 7747K, capacity 9251K, committed 9344K, reserved 1048576K
Event: 12035.970 GC heap after
Heap after GC invocations=1425 (full 10):
 def new generation   total 202752K, used 2940K [0x0000000700000000, 0x000000070dc00000, 0x0000000740000000)
  eden space 180224K,   0% used [0x0000000700000000, 0x0000000700000000, 0x000000070b000000)
  from space 22528K,  13% used [0x000000070c600000, 0x000000070c8df0e0, 0x000000070dc00000)
  to   space 22528K,   0% used [0x000000070b000000, 0x000000070b000000, 0x000000070c600000)
 tenured generation   total 450416K, used 424455K [0x0000000740000000, 0x000000075b7dc000, 0x00000007c0000000)
   the space 450416K,  94% used [0x0000000740000000, 0x0000000759e81cd8, 0x0000000759e81e00, 0x000000075b7dc000)
 Metaspace       used 56456K, capacity 62669K, committed 62848K, reserved 1103872K
  class space    used 7747K, capacity 9251K, committed 9344K, reserved 1048576K
}
Event: 12037.075 GC heap before
{Heap before GC invocations=1425 (full 10):
 def new generation   total 202752K, used 183164K [0x0000000700000000, 0x000000070dc00000, 0x0000000740000000)
  eden space 180224K, 100% used [0x0000000700000000, 0x000000070b000000, 0x000000070b000000)
  from space 22528K,  13% used [0x000000070c600000, 0x000000070c8df0e0, 0x000000070dc00000)
  to   space 22528K,   0% used [0x000000070b000000, 0x000000070b000000, 0x000000070c600000)
 tenured generation   total 450416K, used 424455K [0x0000000740000000, 0x000000075b7dc000, 0x00000007c0000000)
   the space 450416K,  94% used [0x0000000740000000, 0x0000000759e81cd8, 0x0000000759e81e00, 0x000000075b7dc000)
 Metaspace       used 56456K, capacity 62669K, committed 62848K, reserved 1103872K
  class space    used 7747K, capacity 9251K, committed 9344K, reserved 1048576K
Event: 12037.083 GC heap after
Heap after GC invocations=1426 (full 10):
 def new generation   total 202752K, used 2918K [0x0000000700000000, 0x000000070dc00000, 0x0000000740000000)
  eden space 180224K,   0% used [0x0000000700000000, 0x0000000700000000, 0x000000070b000000)
  from space 22528K,  12% used [0x000000070b000000, 0x000000070b2d9878, 0x000000070c600000)
  to   space 22528K,   0% used [0x000000070c600000, 0x000000070c600000, 0x000000070dc00000)
 tenured generation   total 450416K, used 424529K [0x0000000740000000, 0x000000075b7dc000, 0x00000007c0000000)
   the space 450416K,  94% used [0x0000000740000000, 0x0000000759e947f8, 0x0000000759e94800, 0x000000075b7dc000)
 Metaspace       used 56456K, capacity 62669K, committed 62848K, reserved 1103872K
  class space    used 7747K, capacity 9251K, committed 9344K, reserved 1048576K
}
Event: 12038.184 GC heap before
{Heap before GC invocations=1426 (full 10):
 def new generation   total 202752K, used 183142K [0x0000000700000000, 0x000000070dc00000, 0x0000000740000000)
  eden space 180224K, 100% used [0x0000000700000000, 0x000000070b000000, 0x000000070b000000)
  from space 22528K,  12% used [0x000000070b000000, 0x000000070b2d9878, 0x000000070c600000)
  to   space 22528K,   0% used [0x000000070c600000, 0x000000070c600000, 0x000000070dc00000)
 tenured generation   total 450416K, used 424529K [0x0000000740000000, 0x000000075b7dc000, 0x00000007c0000000)
   the space 450416K,  94% used [0x0000000740000000, 0x0000000759e947f8, 0x0000000759e94800, 0x000000075b7dc000)
 Metaspace       used 56457K, capacity 62669K, committed 62848K, reserved 1103872K
  class space    used 7747K, capacity 9251K, committed 9344K, reserved 1048576K
Event: 12038.192 GC heap after
Heap after GC invocations=1427 (full 10):
 def new generation   total 202752K, used 2824K [0x0000000700000000, 0x000000070dc00000, 0x0000000740000000)
  eden space 180224K,   0% used [0x0000000700000000, 0x0000000700000000, 0x000000070b000000)
  from space 22528K,  12% used [0x000000070c600000, 0x000000070c8c22f0, 0x000000070dc00000)
  to   space 22528K,   0% used [0x000000070b000000, 0x000000070b000000, 0x000000070c600000)
 tenured generation   total 450416K, used 424534K [0x0000000740000000, 0x000000075b7dc000, 0x00000007c0000000)
   the space 450416K,  94% used [0x0000000740000000, 0x0000000759e95ad8, 0x0000000759e95c00, 0x000000075b7dc000)
 Metaspace       used 56457K, capacity 62669K, committed 62848K, reserved 1103872K
  class space    used 7747K, capacity 9251K, committed 9344K, reserved 1048576K
}
Event: 12039.279 GC heap before
{Heap before GC invocations=1427 (full 10):
 def new generation   total 202752K, used 183048K [0x0000000700000000, 0x000000070dc00000, 0x0000000740000000)
  eden space 180224K, 100% used [0x0000000700000000, 0x000000070b000000, 0x000000070b000000)
  from space 22528K,  12% used [0x000000070c600000, 0x000000070c8c22f0, 0x000000070dc00000)
  to   space 22528K,   0% used [0x000000070b000000, 0x000000070b000000, 0x000000070c600000)
 tenured generation   total 450416K, used 424534K [0x0000000740000000, 0x000000075b7dc000, 0x00000007c0000000)
   the space 450416K,  94% used [0x0000000740000000, 0x0000000759e95ad8, 0x0000000759e95c00, 0x000000075b7dc000)
 Metaspace       used 56461K, capacity 62681K, committed 62848K, reserved 1103872K
  class space    used 7748K, capacity 9253K, committed 9344K, reserved 1048576K
Event: 12039.287 GC heap after
Heap after GC invocations=1428 (full 10):
 def new generation   total 202752K, used 2939K [0x0000000700000000, 0x000000070dc00000, 0x0000000740000000)
  eden space 180224K,   0% used [0x0000000700000000, 0x0000000700000000, 0x000000070b000000)
  from space 22528K,  13% used [0x000000070b000000, 0x000000070b2dee28, 0x000000070c600000)
  to   space 22528K,   0% used [0x000000070c600000, 0x000000070c600000, 0x000000070dc00000)
 tenured generation   total 450416K, used 424585K [0x0000000740000000, 0x000000075b7dc000, 0x00000007c0000000)
   the space 450416K,  94% used [0x0000000740000000, 0x0000000759ea2778, 0x0000000759ea2800, 0x000000075b7dc000)
 Metaspace       used 56461K, capacity 62681K, committed 62848K, reserved 1103872K
  class space    used 7748K, capacity 9253K, committed 9344K, reserved 1048576K
}
Event: 12040.353 GC heap before
{Heap before GC invocations=1428 (full 10):
 def new generation   total 202752K, used 183162K [0x0000000700000000, 0x000000070dc00000, 0x0000000740000000)
  eden space 180224K,  99% used [0x0000000700000000, 0x000000070afffb40, 0x000000070b000000)
  from space 22528K,  13% used [0x000000070b000000, 0x000000070b2dee28, 0x000000070c600000)
  to   space 22528K,   0% used [0x000000070c600000, 0x000000070c600000, 0x000000070dc00000)
 tenured generation   total 450416K, used 424585K [0x0000000740000000, 0x000000075b7dc000, 0x00000007c0000000)
   the space 450416K,  94% used [0x0000000740000000, 0x0000000759ea2778, 0x0000000759ea2800, 0x000000075b7dc000)
 Metaspace       used 56461K, capacity 62681K, committed 62848K, reserved 1103872K
  class space    used 7748K, capacity 9253K, committed 9344K, reserved 1048576K
Event: 12040.362 GC heap after
Heap after GC invocations=1429 (full 10):
 def new generation   total 202752K, used 3390K [0x0000000700000000, 0x000000070dc00000, 0x0000000740000000)
  eden space 180224K,   0% used [0x0000000700000000, 0x0000000700000000, 0x000000070b000000)
  from space 22528K,  15% used [0x000000070c600000, 0x000000070c94fbe8, 0x000000070dc00000)
  to   space 22528K,   0% used [0x000000070b000000, 0x000000070b000000, 0x000000070c600000)
 tenured generation   total 450416K, used 424616K [0x0000000740000000, 0x000000075b7dc000, 0x00000007c0000000)
   the space 450416K,  94% used [0x0000000740000000, 0x0000000759eaa2b0, 0x0000000759eaa400, 0x000000075b7dc000)
 Metaspace       used 56461K, capacity 62681K, committed 62848K, reserved 1103872K
  class space    used 7748K, capacity 9253K, committed 9344K, reserved 1048576K
}
Event: 12041.387 GC heap before
{Heap before GC invocations=1429 (full 10):
 def new generation   total 202752K, used 183614K [0x0000000700000000, 0x000000070dc00000, 0x0000000740000000)
  eden space 180224K, 100% used [0x0000000700000000, 0x000000070b000000, 0x000000070b000000)
  from space 22528K,  15% used [0x000000070c600000, 0x000000070c94fbe8, 0x000000070dc00000)
  to   space 22528K,   0% used [0x000000070b000000, 0x000000070b000000, 0x000000070c600000)
 tenured generation   total 450416K, used 424616K [0x0000000740000000, 0x000000075b7dc000, 0x00000007c0000000)
   the space 450416K,  94% used [0x0000000740000000, 0x0000000759eaa2b0, 0x0000000759eaa400, 0x000000075b7dc000)
 Metaspace       used 56461K, capacity 62681K, committed 62848K, reserved 1103872K
  class space    used 7748K, capacity 9253K, committed 9344K, reserved 1048576K
Event: 12041.396 GC heap after
Heap after GC invocations=1430 (full 10):
 def new generation   total 202752K, used 3276K [0x0000000700000000, 0x000000070dc00000, 0x0000000740000000)
  eden space 180224K,   0% used [0x0000000700000000, 0x0000000700000000, 0x000000070b000000)
  from space 22528K,  14% used [0x000000070b000000, 0x000000070b333220, 0x000000070c600000)
  to   space 22528K,   0% used [0x000000070c600000, 0x000000070c600000, 0x000000070dc00000)
 tenured generation   total 450416K, used 424654K [0x0000000740000000, 0x000000075b7dc000, 0x00000007c0000000)
   the space 450416K,  94% used [0x0000000740000000, 0x0000000759eb3898, 0x0000000759eb3a00, 0x000000075b7dc000)
 Metaspace       used 56461K, capacity 62681K, committed 62848K, reserved 1103872K
  class space    used 7748K, capacity 9253K, committed 9344K, reserved 1048576K
}
Event: 12042.484 GC heap before
{Heap before GC invocations=1430 (full 10):
 def new generation   total 202752K, used 183500K [0x0000000700000000, 0x000000070dc00000, 0x0000000740000000)
  eden space 180224K, 100% used [0x0000000700000000, 0x000000070b000000, 0x000000070b000000)
  from space 22528K,  14% used [0x000000070b000000, 0x000000070b333220, 0x000000070c600000)
  to   space 22528K,   0% used [0x000000070c600000, 0x000000070c600000, 0x000000070dc00000)
 tenured generation   total 450416K, used 424654K [0x0000000740000000, 0x000000075b7dc000, 0x00000007c0000000)
   the space 450416K,  94% used [0x0000000740000000, 0x0000000759eb3898, 0x0000000759eb3a00, 0x000000075b7dc000)
 Metaspace       used 56461K, capacity 62681K, committed 62848K, reserved 1103872K
  class space    used 7748K, capacity 9253K, committed 9344K, reserved 1048576K
Event: 12042.493 GC heap after
Heap after GC invocations=1431 (full 10):
 def new generation   total 202752K, used 3374K [0x0000000700000000, 0x000000070dc00000, 0x0000000740000000)
  eden space 180224K,   0% used [0x0000000700000000, 0x0000000700000000, 0x000000070b000000)
  from space 22528K,  14% used [0x000000070c600000, 0x000000070c94bbc0, 0x000000070dc00000)
  to   space 22528K,   0% used [0x000000070b000000, 0x000000070b000000, 0x000000070c600000)
 tenured generation   total 450416K, used 424670K [0x0000000740000000, 0x000000075b7dc000, 0x00000007c0000000)
   the space 450416K,  94% used [0x0000000740000000, 0x0000000759eb7938, 0x0000000759eb7a00, 0x000000075b7dc000)
 Metaspace       used 56461K, capacity 62681K, committed 62848K, reserved 1103872K
  class space    used 7748K, capacity 9253K, committed 9344K, reserved 1048576K
}
Event: 12043.593 GC heap before
{Heap before GC invocations=1431 (full 10):
 def new generation   total 202752K, used 183598K [0x0000000700000000, 0x000000070dc00000, 0x0000000740000000)
  eden space 180224K, 100% used [0x0000000700000000, 0x000000070b000000, 0x000000070b000000)
  from space 22528K,  14% used [0x000000070c600000, 0x000000070c94bbc0, 0x000000070dc00000)
  to   space 22528K,   0% used [0x000000070b000000, 0x000000070b000000, 0x000000070c600000)
 tenured generation   total 450416K, used 424670K [0x0000000740000000, 0x000000075b7dc000, 0x00000007c0000000)
   the space 450416K,  94% used [0x0000000740000000, 0x0000000759eb7938, 0x0000000759eb7a00, 0x000000075b7dc000)
 Metaspace       used 56461K, capacity 62681K, committed 62848K, reserved 1103872K
  class space    used 7748K, capacity 9253K, committed 9344K, reserved 1048576K
Event: 12043.602 GC heap after
Heap after GC invocations=1432 (full 10):
 def new generation   total 202752K, used 2096K [0x0000000700000000, 0x000000070dc00000, 0x0000000740000000)
  eden space 180224K,   0% used [0x0000000700000000, 0x0000000700000000, 0x000000070b000000)
  from space 22528K,   9% used [0x000000070b000000, 0x000000070b20c218, 0x000000070c600000)
  to   space 22528K,   0% used [0x000000070c600000, 0x000000070c600000, 0x000000070dc00000)
 tenured generation   total 450416K, used 425927K [0x0000000740000000, 0x000000075b7dc000, 0x00000007c0000000)
   the space 450416K,  94% used [0x0000000740000000, 0x0000000759ff1d20, 0x0000000759ff1e00, 0x000000075b7dc000)
 Metaspace       used 56461K, capacity 62681K, committed 62848K, reserved 1103872K
  class space    used 7748K, capacity 9253K, committed 9344K, reserved 1048576K
}
Event: 12044.677 GC heap before
{Heap before GC invocations=1432 (full 10):
 def new generation   total 202752K, used 182320K [0x0000000700000000, 0x000000070dc00000, 0x0000000740000000)
  eden space 180224K, 100% used [0x0000000700000000, 0x000000070b000000, 0x000000070b000000)
  from space 22528K,   9% used [0x000000070b000000, 0x000000070b20c218, 0x000000070c600000)
  to   space 22528K,   0% used [0x000000070c600000, 0x000000070c600000, 0x000000070dc00000)
 tenured generation   total 450416K, used 425927K [0x0000000740000000, 0x000000075b7dc000, 0x00000007c0000000)
   the space 450416K,  94% used [0x0000000740000000, 0x0000000759ff1d20, 0x0000000759ff1e00, 0x000000075b7dc000)
 Metaspace       used 56462K, capacity 62681K, committed 62848K, reserved 1103872K
  class space    used 7748K, capacity 9253K, committed 9344K, reserved 1048576K
Event: 12044.685 GC heap after
Heap after GC invocations=1433 (full 10):
 def new generation   total 202752K, used 3102K [0x0000000700000000, 0x000000070dc00000, 0x0000000740000000)
  eden space 180224K,   0% used [0x0000000700000000, 0x0000000700000000, 0x000000070b000000)
  from space 22528K,  13% used [0x000000070c600000, 0x000000070c907808, 0x000000070dc00000)
  to   space 22528K,   0% used [0x000000070b000000, 0x000000070b000000, 0x000000070c600000)
 tenured generation   total 450416K, used 426050K [0x0000000740000000, 0x000000075b7dc000, 0x00000007c0000000)
   the space 450416K,  94% used [0x0000000740000000, 0x000000075a010b98, 0x000000075a010c00, 0x000000075b7dc000)
 Metaspace       used 56462K, capacity 62681K, committed 62848K, reserved 1103872K
  class space    used 7748K, capacity 9253K, committed 9344K, reserved 1048576K
}
Event: 12045.817 GC heap before
{Heap before GC invocations=1433 (full 10):
 def new generation   total 202752K, used 183326K [0x0000000700000000, 0x000000070dc00000, 0x0000000740000000)
  eden space 180224K, 100% used [0x0000000700000000, 0x000000070b000000, 0x000000070b000000)
  from space 22528K,  13% used [0x000000070c600000, 0x000000070c907808, 0x000000070dc00000)
  to   space 22528K,   0% used [0x000000070b000000, 0x000000070b000000, 0x000000070c600000)
 tenured generation   total 450416K, used 426050K [0x0000000740000000, 0x000000075b7dc000, 0x00000007c0000000)
   the space 450416K,  94% used [0x0000000740000000, 0x000000075a010b98, 0x000000075a010c00, 0x000000075b7dc000)
 Metaspace       used 56462K, capacity 62681K, committed 62848K, reserved 1103872K
  class space    used 7748K, capacity 9253K, committed 9344K, reserved 1048576K
Event: 12045.825 GC heap after
Heap after GC invocations=1434 (full 10):
 def new generation   total 202752K, used 3144K [0x0000000700000000, 0x000000070dc00000, 0x0000000740000000)
  eden space 180224K,   0% used [0x0000000700000000, 0x0000000700000000, 0x000000070b000000)
  from space 22528K,  13% used [0x000000070b000000, 0x000000070b312048, 0x000000070c600000)
  to   space 22528K,   0% used [0x000000070c600000, 0x000000070c600000, 0x000000070dc00000)
 tenured generation   total 450416K, used 426072K [0x0000000740000000, 0x000000075b7dc000, 0x00000007c0000000)
   the space 450416K,  94% used [0x0000000740000000, 0x000000075a0163c8, 0x000000075a016400, 0x000000075b7dc000)
 Metaspace       used 56462K, capacity 62681K, committed 62848K, reserved 1103872K
  class space    used 7748K, capacity 9253K, committed 9344K, reserved 1048576K
}
Event: 12046.930 GC heap before
{Heap before GC invocations=1434 (full 10):
 def new generation   total 202752K, used 183368K [0x0000000700000000, 0x000000070dc00000, 0x0000000740000000)
  eden space 180224K, 100% used [0x0000000700000000, 0x000000070b000000, 0x000000070b000000)
  from space 22528K,  13% used [0x000000070b000000, 0x000000070b312048, 0x000000070c600000)
  to   space 22528K,   0% used [0x000000070c600000, 0x000000070c600000, 0x000000070dc00000)
 tenured generation   total 450416K, used 426072K [0x0000000740000000, 0x000000075b7dc000, 0x00000007c0000000)
   the space 450416K,  94% used [0x0000000740000000, 0x000000075a0163c8, 0x000000075a016400, 0x000000075b7dc000)
 Metaspace       used 56463K, capacity 62681K, committed 62848K, reserved 1103872K
  class space    used 7748K, capacity 9253K, committed 9344K, reserved 1048576K
Event: 12046.938 GC heap after
Heap after GC invocations=1435 (full 10):
 def new generation   total 202752K, used 3108K [0x0000000700000000, 0x000000070dc00000, 0x0000000740000000)
  eden space 180224K,   0% used [0x0000000700000000, 0x0000000700000000, 0x000000070b000000)
  from space 22528K,  13% used [0x000000070c600000, 0x000000070c909268, 0x000000070dc00000)
  to   space 22528K,   0% used [0x000000070b000000, 0x000000070b000000, 0x000000070c600000)
 tenured generation   total 450416K, used 426192K [0x0000000740000000, 0x000000075b7dc000, 0x00000007c0000000)
   the space 450416K,  94% used [0x0000000740000000, 0x000000075a034310, 0x000000075a034400, 0x000000075b7dc000)
 Metaspace       used 56463K, capacity 62681K, committed 62848K, reserved 1103872K
  class space    used 7748K, capacity 9253K, committed 9344K, reserved 1048576K
}
Event: 12048.067 GC heap before
{Heap before GC invocations=1435 (full 10):
 def new generation   total 202752K, used 183332K [0x0000000700000000, 0x000000070dc00000, 0x0000000740000000)
  eden space 180224K, 100% used [0x0000000700000000, 0x000000070b000000, 0x000000070b000000)
  from space 22528K,  13% used [0x000000070c600000, 0x000000070c909268, 0x000000070dc00000)
  to   space 22528K,   0% used [0x000000070b000000, 0x000000070b000000, 0x000000070c600000)
 tenured generation   total 450416K, used 426192K [0x0000000740000000, 0x000000075b7dc000, 0x00000007c0000000)
   the space 450416K,  94% used [0x0000000740000000, 0x000000075a034310, 0x000000075a034400, 0x000000075b7dc000)
 Metaspace       used 56463K, capacity 62681K, committed 62848K, reserved 1103872K
  class space    used 7748K, capacity 9253K, committed 9344K, reserved 1048576K
Event: 12048.076 GC heap after
Heap after GC invocations=1436 (full 10):
 def new generation   total 202752K, used 3152K [0x0000000700000000, 0x000000070dc00000, 0x0000000740000000)
  eden space 180224K,   0% used [0x0000000700000000, 0x0000000700000000, 0x000000070b000000)
  from space 22528K,  13% used [0x000000070b000000, 0x000000070b314390, 0x000000070c600000)
  to   space 22528K,   0% used [0x000000070c600000, 0x000000070c600000, 0x000000070dc00000)
 tenured generation   total 450416K, used 426316K [0x0000000740000000, 0x000000075b7dc000, 0x00000007c0000000)
   the space 450416K,  94% used [0x0000000740000000, 0x000000075a0533d0, 0x000000075a053400, 0x000000075b7dc000)
 Metaspace       used 56463K, capacity 62681K, committed 62848K, reserved 1103872K
  class space    used 7748K, capacity 9253K, committed 9344K, reserved 1048576K
}
Event: 12049.189 GC heap before
{Heap before GC invocations=1436 (full 10):
 def new generation   total 202752K, used 183376K [0x0000000700000000, 0x000000070dc00000, 0x0000000740000000)
  eden space 180224K, 100% used [0x0000000700000000, 0x000000070b000000, 0x000000070b000000)
  from space 22528K,  13% used [0x000000070b000000, 0x000000070b314390, 0x000000070c600000)
  to   space 22528K,   0% used [0x000000070c600000, 0x000000070c600000, 0x000000070dc00000)
 tenured generation   total 450416K, used 426316K [0x0000000740000000, 0x000000075b7dc000, 0x00000007c0000000)
   the space 450416K,  94% used [0x0000000740000000, 0x000000075a0533d0, 0x000000075a053400, 0x000000075b7dc000)
 Metaspace       used 56463K, capacity 62681K, committed 62848K, reserved 1103872K
  class space    used 7748K, capacity 9253K, committed 9344K, reserved 1048576K
Event: 12049.197 GC heap after
Heap after GC invocations=1437 (full 10):
 def new generation   total 202752K, used 3018K [0x0000000700000000, 0x000000070dc00000, 0x0000000740000000)
  eden space 180224K,   0% used [0x0000000700000000, 0x0000000700000000, 0x000000070b000000)
  from space 22528K,  13% used [0x000000070c600000, 0x000000070c8f2a00, 0x000000070dc00000)
  to   space 22528K,   0% used [0x000000070b000000, 0x000000070b000000, 0x000000070c600000)
 tenured generation   total 450416K, used 426415K [0x0000000740000000, 0x000000075b7dc000, 0x00000007c0000000)
   the space 450416K,  94% used [0x0000000740000000, 0x000000075a06bf58, 0x000000075a06c000, 0x000000075b7dc000)
 Metaspace       used 56463K, capacity 62681K, committed 62848K, reserved 1103872K
  class space    used 7748K, capacity 9253K, committed 9344K, reserved 1048576K
}
Event: 12050.280 GC heap before
{Heap before GC invocations=1437 (full 10):
 def new generation   total 202752K, used 183242K [0x0000000700000000, 0x000000070dc00000, 0x0000000740000000)
  eden space 180224K, 100% used [0x0000000700000000, 0x000000070b000000, 0x000000070b000000)
  from space 22528K,  13% used [0x000000070c600000, 0x000000070c8f2a00, 0x000000070dc00000)
  to   space 22528K,   0% used [0x000000070b000000, 0x000000070b000000, 0x000000070c600000)
 tenured generation   total 450416K, used 426415K [0x0000000740000000, 0x000000075b7dc000, 0x00000007c0000000)
   the space 450416K,  94% used [0x0000000740000000, 0x000000075a06bf58, 0x000000075a06c000, 0x000000075b7dc000)
 Metaspace       used 56463K, capacity 62681K, committed 62848K, reserved 1103872K
  class space    used 7748K, capacity 9253K, committed 9344K, reserved 1048576K
Event: 12050.291 GC heap after
Heap after GC invocations=1438 (full 10):
 def new generation   total 202752K, used 5385K [0x0000000700000000, 0x000000070dc00000, 0x0000000740000000)
  eden space 180224K,   0% used [0x0000000700000000, 0x0000000700000000, 0x000000070b000000)
  from space 22528K,  23% used [0x000000070b000000, 0x000000070b5427b8, 0x000000070c600000)
  to   space 22528K,   0% used [0x000000070c600000, 0x000000070c600000, 0x000000070dc00000)
 tenured generation   total 450416K, used 426469K [0x0000000740000000, 0x000000075b7dc000, 0x00000007c0000000)
   the space 450416K,  94% used [0x0000000740000000, 0x000000075a0796e0, 0x000000075a079800, 0x000000075b7dc000)
 Metaspace       used 56463K, capacity 62681K, committed 62848K, reserved 1103872K
  class space    used 7748K, capacity 9253K, committed 9344K, reserved 1048576K
}
Event: 12051.288 GC heap before
{Heap before GC invocations=1438 (full 10):
 def new generation   total 202752K, used 185609K [0x0000000700000000, 0x000000070dc00000, 0x0000000740000000)
  eden space 180224K, 100% used [0x0000000700000000, 0x000000070b000000, 0x000000070b000000)
  from space 22528K,  23% used [0x000000070b000000, 0x000000070b5427b8, 0x000000070c600000)
  to   space 22528K,   0% used [0x000000070c600000, 0x000000070c600000, 0x000000070dc00000)
 tenured generation   total 450416K, used 426469K [0x0000000740000000, 0x000000075b7dc000, 0x00000007c0000000)
   the space 450416K,  94% used [0x0000000740000000, 0x000000075a0796e0, 0x000000075a079800, 0x000000075b7dc000)
 Metaspace       used 56463K, capacity 62681K, committed 62848K, reserved 1103872K
  class space    used 7748K, capacity 9253K, committed 9344K, reserved 1048576K
Event: 12051.298 GC heap after
Heap after GC invocations=1439 (full 10):
 def new generation   total 202752K, used 5696K [0x0000000700000000, 0x000000070dc00000, 0x0000000740000000)
  eden space 180224K,   0% used [0x0000000700000000, 0x0000000700000000, 0x000000070b000000)
  from space 22528K,  25% used [0x000000070c600000, 0x000000070cb900e8, 0x000000070dc00000)
  to   space 22528K,   0% used [0x000000070b000000, 0x000000070b000000, 0x000000070c600000)
 tenured generation   total 450416K, used 426590K [0x0000000740000000, 0x000000075b7dc000, 0x00000007c0000000)
   the space 450416K,  94% used [0x0000000740000000, 0x000000075a0978c0, 0x000000075a097a00, 0x000000075b7dc000)
 Metaspace       used 56463K, capacity 62681K, committed 62848K, reserved 1103872K
  class space    used 7748K, capacity 9253K, committed 9344K, reserved 1048576K
}
Event: 12052.417 GC heap before
{Heap before GC invocations=1439 (full 10):
 def new generation   total 202752K, used 185920K [0x0000000700000000, 0x000000070dc00000, 0x0000000740000000)
  eden space 180224K, 100% used [0x0000000700000000, 0x000000070b000000, 0x000000070b000000)
  from space 22528K,  25% used [0x000000070c600000, 0x000000070cb900e8, 0x000000070dc00000)
  to   space 22528K,   0% used [0x000000070b000000, 0x000000070b000000, 0x000000070c600000)
 tenured generation   total 450416K, used 426590K [0x0000000740000000, 0x000000075b7dc000, 0x00000007c0000000)
   the space 450416K,  94% used [0x0000000740000000, 0x000000075a0978c0, 0x000000075a097a00, 0x000000075b7dc000)
 Metaspace       used 56463K, capacity 62681K, committed 62848K, reserved 1103872K
  class space    used 7748K, capacity 9253K, committed 9344K, reserved 1048576K
Event: 12052.429 GC heap after
Heap after GC invocations=1440 (full 10):
 def new generation   total 202752K, used 5594K [0x0000000700000000, 0x000000070dc00000, 0x0000000740000000)
  eden space 180224K,   0% used [0x0000000700000000, 0x0000000700000000, 0x000000070b000000)
  from space 22528K,  24% used [0x000000070b000000, 0x000000070b576be8, 0x000000070c600000)
  to   space 22528K,   0% used [0x000000070c600000, 0x000000070c600000, 0x000000070dc00000)
 tenured generation   total 450416K, used 426807K [0x0000000740000000, 0x000000075b7dc000, 0x00000007c0000000)
   the space 450416K,  94% used [0x0000000740000000, 0x000000075a0cdc38, 0x000000075a0cde00, 0x000000075b7dc000)
 Metaspace       used 56463K, capacity 62681K, committed 62848K, reserved 1103872K
  class space    used 7748K, capacity 9253K, committed 9344K, reserved 1048576K
}
Event: 12053.317 GC heap before
{Heap before GC invocations=1440 (full 10):
 def new generation   total 202752K, used 185818K [0x0000000700000000, 0x000000070dc00000, 0x0000000740000000)
  eden space 180224K, 100% used [0x0000000700000000, 0x000000070b000000, 0x000000070b000000)
  from space 22528K,  24% used [0x000000070b000000, 0x000000070b576be8, 0x000000070c600000)
  to   space 22528K,   0% used [0x000000070c600000, 0x000000070c600000, 0x000000070dc00000)
 tenured generation   total 450416K, used 426807K [0x0000000740000000, 0x000000075b7dc000, 0x00000007c0000000)
   the space 450416K,  94% used [0x0000000740000000, 0x000000075a0cdc38, 0x000000075a0cde00, 0x000000075b7dc000)
 Metaspace       used 56464K, capacity 62681K, committed 62848K, reserved 1103872K
  class space    used 7748K, capacity 9253K, committed 9344K, reserved 1048576K
Event: 12053.331 GC heap after
Heap after GC invocations=1441 (full 10):
 def new generation   total 202752K, used 7015K [0x0000000700000000, 0x000000070dc00000, 0x0000000740000000)
  eden space 180224K,   0% used [0x0000000700000000, 0x0000000700000000, 0x000000070b000000)
  from space 22528K,  31% used [0x000000070c600000, 0x000000070ccd9fc8, 0x000000070dc00000)
  to   space 22528K,   0% used [0x000000070b000000, 0x000000070b000000, 0x000000070c600000)
 tenured generation   total 450416K, used 426855K [0x0000000740000000, 0x000000075b7dc000, 0x00000007c0000000)
   the space 450416K,  94% used [0x0000000740000000, 0x000000075a0d9f38, 0x000000075a0da000, 0x000000075b7dc000)
 Metaspace       used 56464K, capacity 62681K, committed 62848K, reserved 1103872K
  class space    used 7748K, capacity 9253K, committed 9344K, reserved 1048576K
}
Event: 12054.418 GC heap before
{Heap before GC invocations=1441 (full 10):
 def new generation   total 202752K, used 187239K [0x0000000700000000, 0x000000070dc00000, 0x0000000740000000)
  eden space 180224K, 100% used [0x0000000700000000, 0x000000070b000000, 0x000000070b000000)
  from space 22528K,  31% used [0x000000070c600000, 0x000000070ccd9fc8, 0x000000070dc00000)
  to   space 22528K,   0% used [0x000000070b000000, 0x000000070b000000, 0x000000070c600000)
 tenured generation   total 450416K, used 426855K [0x0000000740000000, 0x000000075b7dc000, 0x00000007c0000000)
   the space 450416K,  94% used [0x0000000740000000, 0x000000075a0d9f38, 0x000000075a0da000, 0x000000075b7dc000)
 Metaspace       used 56464K, capacity 62681K, committed 62848K, reserved 1103872K
  class space    used 7748K, capacity 9253K, committed 9344K, reserved 1048576K
Event: 12054.430 GC heap after
Heap after GC invocations=1442 (full 10):
 def new generation   total 202752K, used 7053K [0x0000000700000000, 0x000000070dc00000, 0x0000000740000000)
  eden space 180224K,   0% used [0x0000000700000000, 0x0000000700000000, 0x000000070b000000)
  from space 22528K,  31% used [0x000000070b000000, 0x000000070b6e3790, 0x000000070c600000)
  to   space 22528K,   0% used [0x000000070c600000, 0x000000070c600000, 0x000000070dc00000)
 tenured generation   total 450416K, used 426862K [0x0000000740000000, 0x000000075b7dc000, 0x00000007c0000000)
   the space 450416K,  94% used [0x0000000740000000, 0x000000075a0dba70, 0x000000075a0dbc00, 0x000000075b7dc000)
 Metaspace       used 56464K, capacity 62681K, committed 62848K, reserved 1103872K
  class space    used 7748K, capacity 9253K, committed 9344K, reserved 1048576K
}
Event: 12055.486 GC heap before
{Heap before GC invocations=1442 (full 10):
 def new generation   total 202752K, used 187277K [0x0000000700000000, 0x000000070dc00000, 0x0000000740000000)
  eden space 180224K, 100% used [0x0000000700000000, 0x000000070b000000, 0x000000070b000000)
  from space 22528K,  31% used [0x000000070b000000, 0x000000070b6e3790, 0x000000070c600000)
  to   space 22528K,   0% used [0x000000070c600000, 0x000000070c600000, 0x000000070dc00000)
 tenured generation   total 450416K, used 426862K [0x0000000740000000, 0x000000075b7dc000, 0x00000007c0000000)
   the space 450416K,  94% used [0x0000000740000000, 0x000000075a0dba70, 0x000000075a0dbc00, 0x000000075b7dc000)
 Metaspace       used 56464K, capacity 62681K, committed 62848K, reserved 1103872K
  class space    used 7748K, capacity 9253K, committed 9344K, reserved 1048576K
Event: 12055.500 GC heap after
Heap after GC invocations=1443 (full 10):
 def new generation   total 202752K, used 9020K [0x0000000700000000, 0x000000070dc00000, 0x0000000740000000)
  eden space 180224K,   0% used [0x0000000700000000, 0x0000000700000000, 0x000000070b000000)
  from space 22528K,  40% used [0x000000070c600000, 0x000000070cecf1f8, 0x000000070dc00000)
  to   space 22528K,   0% used [0x000000070b000000, 0x000000070b000000, 0x000000070c600000)
 tenured generation   total 450416K, used 426991K [0x0000000740000000, 0x000000075b7dc000, 0x00000007c0000000)
   the space 450416K,  94% used [0x0000000740000000, 0x000000075a0fbc18, 0x000000075a0fbe00, 0x000000075b7dc000)
 Metaspace       used 56464K, capacity 62681K, committed 62848K, reserved 1103872K
  class space    used 7748K, capacity 9253K, committed 9344K, reserved 1048576K
}
Event: 12056.518 GC heap before
{Heap before GC invocations=1443 (full 10):
 def new generation   total 202752K, used 189244K [0x0000000700000000, 0x000000070dc00000, 0x0000000740000000)
  eden space 180224K, 100% used [0x0000000700000000, 0x000000070b000000, 0x000000070b000000)
  from space 22528K,  40% used [0x000000070c600000, 0x000000070cecf1f8, 0x000000070dc00000)
  to   space 22528K,   0% used [0x000000070b000000, 0x000000070b000000, 0x000000070c600000)
 tenured generation   total 450416K, used 426991K [0x0000000740000000, 0x000000075b7dc000, 0x00000007c0000000)
   the space 450416K,  94% used [0x0000000740000000, 0x000000075a0fbc18, 0x000000075a0fbe00, 0x000000075b7dc000)
 Metaspace       used 56464K, capacity 62681K, committed 62848K, reserved 1103872K
  class space    used 7748K, capacity 9253K, committed 9344K, reserved 1048576K
Event: 12056.531 GC heap after
Heap after GC invocations=1444 (full 10):
 def new generation   total 202752K, used 8209K [0x0000000700000000, 0x000000070dc00000, 0x0000000740000000)
  eden space 180224K,   0% used [0x0000000700000000, 0x0000000700000000, 0x000000070b000000)
  from space 22528K,  36% used [0x000000070b000000, 0x000000070b804558, 0x000000070c600000)
  to   space 22528K,   0% used [0x000000070c600000, 0x000000070c600000, 0x000000070dc00000)
 tenured generation   total 450416K, used 427052K [0x0000000740000000, 0x000000075b7dc000, 0x00000007c0000000)
   the space 450416K,  94% used [0x0000000740000000, 0x000000075a10b028, 0x000000075a10b200, 0x000000075b7dc000)
 Metaspace       used 56464K, capacity 62681K, committed 62848K, reserved 1103872K
  class space    used 7748K, capacity 9253K, committed 9344K, reserved 1048576K
}
Event: 12057.638 GC heap before
{Heap before GC invocations=1444 (full 10):
 def new generation   total 202752K, used 188433K [0x0000000700000000, 0x000000070dc00000, 0x0000000740000000)
  eden space 180224K, 100% used [0x0000000700000000, 0x000000070b000000, 0x000000070b000000)
  from space 22528K,  36% used [0x000000070b000000, 0x000000070b804558, 0x000000070c600000)
  to   space 22528K,   0% used [0x000000070c600000, 0x000000070c600000, 0x000000070dc00000)
 tenured generation   total 450416K, used 427052K [0x0000000740000000, 0x000000075b7dc000, 0x00000007c0000000)
   the space 450416K,  94% used [0x0000000740000000, 0x000000075a10b028, 0x000000075a10b200, 0x000000075b7dc000)
 Metaspace       used 56475K, capacity 62681K, committed 62848K, reserved 1103872K
  class space    used 7750K, capacity 9253K, committed 9344K, reserved 1048576K
Event: 12057.651 GC heap after
Heap after GC invocations=1445 (full 10):
 def new generation   total 202752K, used 8573K [0x0000000700000000, 0x000000070dc00000, 0x0000000740000000)
  eden space 180224K,   0% used [0x0000000700000000, 0x0000000700000000, 0x000000070b000000)
  from space 22528K,  38% used [0x000000070c600000, 0x000000070ce5f500, 0x000000070dc00000)
  to   space 22528K,   0% used [0x000000070b000000, 0x000000070b000000, 0x000000070c600000)
 tenured generation   total 450416K, used 427099K [0x0000000740000000, 0x000000075b7dc000, 0x00000007c0000000)
   the space 450416K,  94% used [0x0000000740000000, 0x000000075a116fd8, 0x000000075a117000, 0x000000075b7dc000)
 Metaspace       used 56475K, capacity 62681K, committed 62848K, reserved 1103872K
  class space    used 7750K, capacity 9253K, committed 9344K, reserved 1048576K
}
Event: 12058.675 GC heap before
{Heap before GC invocations=1445 (full 10):
 def new generation   total 202752K, used 188797K [0x0000000700000000, 0x000000070dc00000, 0x0000000740000000)
  eden space 180224K, 100% used [0x0000000700000000, 0x000000070b000000, 0x000000070b000000)
  from space 22528K,  38% used [0x000000070c600000, 0x000000070ce5f500, 0x000000070dc00000)
  to   space 22528K,   0% used [0x000000070b000000, 0x000000070b000000, 0x000000070c600000)
 tenured generation   total 450416K, used 427099K [0x0000000740000000, 0x000000075b7dc000, 0x00000007c0000000)
   the space 450416K,  94% used [0x0000000740000000, 0x000000075a116fd8, 0x000000075a117000, 0x000000075b7dc000)
 Metaspace       used 56475K, capacity 62681K, committed 62848K, reserved 1103872K
  class space    used 7750K, capacity 9253K, committed 9344K, reserved 1048576K
Event: 12058.690 GC heap after
Heap after GC invocations=1446 (full 10):
 def new generation   total 202752K, used 9478K [0x0000000700000000, 0x000000070dc00000, 0x0000000740000000)
  eden space 180224K,   0% used [0x0000000700000000, 0x0000000700000000, 0x000000070b000000)
  from space 22528K,  42% used [0x000000070b000000, 0x000000070b9419b8, 0x000000070c600000)
  to   space 22528K,   0% used [0x000000070c600000, 0x000000070c600000, 0x000000070dc00000)
 tenured generation   total 450416K, used 427281K [0x0000000740000000, 0x000000075b7dc000, 0x00000007c0000000)
   the space 450416K,  94% used [0x0000000740000000, 0x000000075a144598, 0x000000075a144600, 0x000000075b7dc000)
 Metaspace       used 56475K, capacity 62681K, committed 62848K, reserved 1103872K
  class space    used 7750K, capacity 9253K, committed 9344K, reserved 1048576K
}
Event: 12059.831 GC heap before
{Heap before GC invocations=1446 (full 10):
 def new generation   total 202752K, used 189702K [0x0000000700000000, 0x000000070dc00000, 0x0000000740000000)
  eden space 180224K, 100% used [0x0000000700000000, 0x000000070b000000, 0x000000070b000000)
  from space 22528K,  42% used [0x000000070b000000, 0x000000070b9419b8, 0x000000070c600000)
  to   space 22528K,   0% used [0x000000070c600000, 0x000000070c600000, 0x000000070dc00000)
 tenured generation   total 450416K, used 427281K [0x0000000740000000, 0x000000075b7dc000, 0x00000007c0000000)
   the space 450416K,  94% used [0x0000000740000000, 0x000000075a144598, 0x000000075a144600, 0x000000075b7dc000)
 Metaspace       used 56475K, capacity 62681K, committed 62848K, reserved 1103872K
  class space    used 7750K, capacity 9253K, committed 9344K, reserved 1048576K
Event: 12059.845 GC heap after
Heap after GC invocations=1447 (full 10):
 def new generation   total 202752K, used 9611K [0x0000000700000000, 0x000000070dc00000, 0x0000000740000000)
  eden space 180224K,   0% used [0x0000000700000000, 0x0000000700000000, 0x000000070b000000)
  from space 22528K,  42% used [0x000000070c600000, 0x000000070cf62d38, 0x000000070dc00000)
  to   space 22528K,   0% used [0x000000070b000000, 0x000000070b000000, 0x000000070c600000)
 tenured generation   total 450416K, used 427378K [0x0000000740000000, 0x000000075b7dc000, 0x00000007c0000000)
   the space 450416K,  94% used [0x0000000740000000, 0x000000075a15c930, 0x000000075a15ca00, 0x000000075b7dc000)
 Metaspace       used 56475K, capacity 62681K, committed 62848K, reserved 1103872K
  class space    used 7750K, capacity 9253K, committed 9344K, reserved 1048576K
}
Event: 12060.902 GC heap before
{Heap before GC invocations=1447 (full 10):
 def new generation   total 202752K, used 189835K [0x0000000700000000, 0x000000070dc00000, 0x0000000740000000)
  eden space 180224K, 100% used [0x0000000700000000, 0x000000070b000000, 0x000000070b000000)
  from space 22528K,  42% used [0x000000070c600000, 0x000000070cf62d38, 0x000000070dc00000)
  to   space 22528K,   0% used [0x000000070b000000, 0x000000070b000000, 0x000000070c600000)
 tenured generation   total 450416K, used 427378K [0x0000000740000000, 0x000000075b7dc000, 0x00000007c0000000)
   the space 450416K,  94% used [0x0000000740000000, 0x000000075a15c930, 0x000000075a15ca00, 0x000000075b7dc000)
 Metaspace       used 56475K, capacity 62681K, committed 62848K, reserved 1103872K
  class space    used 7750K, capacity 9253K, committed 9344K, reserved 1048576K
Event: 12060.917 GC heap after
Heap after GC invocations=1448 (full 10):
 def new generation   total 202752K, used 10599K [0x0000000700000000, 0x000000070dc00000, 0x0000000740000000)
  eden space 180224K,   0% used [0x0000000700000000, 0x0000000700000000, 0x000000070b000000)
  from space 22528K,  47% used [0x000000070b000000, 0x000000070ba59c50, 0x000000070c600000)
  to   space 22528K,   0% used [0x000000070c600000, 0x000000070c600000, 0x000000070dc00000)
 tenured generation   total 450416K, used 427661K [0x0000000740000000, 0x000000075b7dc000, 0x00000007c0000000)
   the space 450416K,  94% used [0x0000000740000000, 0x000000075a1a3450, 0x000000075a1a3600, 0x000000075b7dc000)
 Metaspace       used 56475K, capacity 62681K, committed 62848K, reserved 1103872K
  class space    used 7750K, capacity 9253K, committed 9344K, reserved 1048576K
}
Event: 12061.947 GC heap before
{Heap before GC invocations=1448 (full 10):
 def new generation   total 202752K, used 190823K [0x0000000700000000, 0x000000070dc00000, 0x0000000740000000)
  eden space 180224K, 100% used [0x0000000700000000, 0x000000070b000000, 0x000000070b000000)
  from space 22528K,  47% used [0x000000070b000000, 0x000000070ba59c50, 0x000000070c600000)
  to   space 22528K,   0% used [0x000000070c600000, 0x000000070c600000, 0x000000070dc00000)
 tenured generation   total 450416K, used 427661K [0x0000000740000000, 0x000000075b7dc000, 0x00000007c0000000)
   the space 450416K,  94% used [0x0000000740000000, 0x000000075a1a3450, 0x000000075a1a3600, 0x000000075b7dc000)
 Metaspace       used 56475K, capacity 62681K, committed 62848K, reserved 1103872K
  class space    used 7750K, capacity 9253K, committed 9344K, reserved 1048576K
Event: 12062.003 GC heap after
Heap after GC invocations=1449 (full 10):
 def new generation   total 202752K, used 22528K [0x0000000700000000, 0x000000070dc00000, 0x0000000740000000)
  eden space 180224K,   0% used [0x0000000700000000, 0x0000000700000000, 0x000000070b000000)
  from space 22528K, 100% used [0x000000070c600000, 0x000000070dc00000, 0x000000070dc00000)
  to   space 22528K,   0% used [0x000000070b000000, 0x000000070b000000, 0x000000070c600000)
 tenured generation   total 450416K, used 438162K [0x0000000740000000, 0x000000075b7dc000, 0x00000007c0000000)
   the space 450416K,  97% used [0x0000000740000000, 0x000000075abe4a10, 0x000000075abe4c00, 0x000000075b7dc000)
 Metaspace       used 56475K, capacity 62681K, committed 62848K, reserved 1103872K
  class space    used 7750K, capacity 9253K, committed 9344K, reserved 1048576K
}
Event: 12063.122 GC heap before
{Heap before GC invocations=1449 (full 10):
 def new generation   total 202752K, used 202752K [0x0000000700000000, 0x000000070dc00000, 0x0000000740000000)
  eden space 180224K, 100% used [0x0000000700000000, 0x000000070b000000, 0x000000070b000000)
  from space 22528K, 100% used [0x000000070c600000, 0x000000070dc00000, 0x000000070dc00000)
  to   space 22528K,   0% used [0x000000070b000000, 0x000000070b000000, 0x000000070c600000)
 tenured generation   total 450416K, used 438162K [0x0000000740000000, 0x000000075b7dc000, 0x00000007c0000000)
   the space 450416K,  97% used [0x0000000740000000, 0x000000075abe4a10, 0x000000075abe4c00, 0x000000075b7dc000)
 Metaspace       used 56475K, capacity 62681K, committed 62848K, reserved 1103872K
  class space    used 7750K, capacity 9253K, committed 9344K, reserved 1048576K

